{"/home/ubuntu/vicky/I2I projects/Inventory management/frontend/src/App.tsx": {"path":"/home/ubuntu/vicky/I2I projects/Inventory management/frontend/src/App.tsx","statementMap":{"0":{"start":{"line":23,"column":2},"end":{"line":69,"column":4}}},"fnMap":{"0":{"name":"App","decl":{"start":{"line":22,"column":9},"end":{"line":22,"column":12}},"loc":{"start":{"line":22,"column":15},"end":{"line":70,"column":1}},"line":22}},"branchMap":{},"s":{"0":0},"f":{"0":0},"b":{}}
,"/home/ubuntu/vicky/I2I projects/Inventory management/frontend/src/index.tsx": {"path":"/home/ubuntu/vicky/I2I projects/Inventory management/frontend/src/index.tsx","statementMap":{"0":{"start":{"line":9,"column":20},"end":{"line":16,"column":2}},"1":{"start":{"line":18,"column":13},"end":{"line":20,"column":1}},"2":{"start":{"line":22,"column":0},"end":{"line":32,"column":2}}},"fnMap":{},"branchMap":{},"s":{"0":0,"1":0,"2":0},"f":{},"b":{}}
,"/home/ubuntu/vicky/I2I projects/Inventory management/frontend/src/components/Layout.tsx": {"path":"/home/ubuntu/vicky/I2I projects/Inventory management/frontend/src/components/Layout.tsx","statementMap":{"0":{"start":{"line":16,"column":25},"end":{"line":172,"column":1}},"1":{"start":{"line":17,"column":19},"end":{"line":17,"column":32}},"2":{"start":{"line":18,"column":27},"end":{"line":18,"column":36}},"3":{"start":{"line":19,"column":40},"end":{"line":19,"column":55}},"4":{"start":{"line":21,"column":21},"end":{"line":31,"column":3}},"5":{"start":{"line":33,"column":19},"end":{"line":38,"column":3}},"6":{"start":{"line":34,"column":4},"end":{"line":36,"column":5}},"7":{"start":{"line":35,"column":6},"end":{"line":35,"column":39}},"8":{"start":{"line":37,"column":4},"end":{"line":37,"column":46}},"9":{"start":{"line":40,"column":2},"end":{"line":171,"column":4}},"10":{"start":{"line":44,"column":80},"end":{"line":44,"column":101}},"11":{"start":{"line":49,"column":29},"end":{"line":49,"column":50}},"12":{"start":{"line":60,"column":14},"end":{"line":72,"column":21}},"13":{"start":{"line":68,"column":31},"end":{"line":68,"column":52}},"14":{"start":{"line":86,"column":14},"end":{"line":97,"column":21}},"15":{"start":{"line":138,"column":27},"end":{"line":138,"column":47}}},"fnMap":{"0":{"name":"(anonymous_0)","decl":{"start":{"line":16,"column":25},"end":{"line":16,"column":26}},"loc":{"start":{"line":16,"column":31},"end":{"line":172,"column":1}},"line":16},"1":{"name":"(anonymous_1)","decl":{"start":{"line":33,"column":19},"end":{"line":33,"column":20}},"loc":{"start":{"line":33,"column":37},"end":{"line":38,"column":3}},"line":33},"2":{"name":"(anonymous_2)","decl":{"start":{"line":44,"column":74},"end":{"line":44,"column":75}},"loc":{"start":{"line":44,"column":80},"end":{"line":44,"column":101}},"line":44},"3":{"name":"(anonymous_3)","decl":{"start":{"line":49,"column":23},"end":{"line":49,"column":24}},"loc":{"start":{"line":49,"column":29},"end":{"line":49,"column":50}},"line":49},"4":{"name":"(anonymous_4)","decl":{"start":{"line":59,"column":28},"end":{"line":59,"column":29}},"loc":{"start":{"line":60,"column":14},"end":{"line":72,"column":21}},"line":60},"5":{"name":"(anonymous_5)","decl":{"start":{"line":68,"column":25},"end":{"line":68,"column":26}},"loc":{"start":{"line":68,"column":31},"end":{"line":68,"column":52}},"line":68},"6":{"name":"(anonymous_6)","decl":{"start":{"line":85,"column":28},"end":{"line":85,"column":29}},"loc":{"start":{"line":86,"column":14},"end":{"line":97,"column":21}},"line":86},"7":{"name":"(anonymous_7)","decl":{"start":{"line":138,"column":21},"end":{"line":138,"column":22}},"loc":{"start":{"line":138,"column":27},"end":{"line":138,"column":47}},"line":138}},"branchMap":{"0":{"loc":{"start":{"line":34,"column":4},"end":{"line":36,"column":5}},"type":"if","locations":[{"start":{"line":34,"column":4},"end":{"line":36,"column":5}},{"start":{},"end":{}}],"line":34},"1":{"loc":{"start":{"line":43,"column":54},"end":{"line":43,"column":86}},"type":"cond-expr","locations":[{"start":{"line":43,"column":68},"end":{"line":43,"column":75}},{"start":{"line":43,"column":78},"end":{"line":43,"column":86}}],"line":43},"2":{"loc":{"start":{"line":64,"column":18},"end":{"line":66,"column":74}},"type":"cond-expr","locations":[{"start":{"line":65,"column":22},"end":{"line":65,"column":49}},{"start":{"line":66,"column":22},"end":{"line":66,"column":74}}],"line":64},"3":{"loc":{"start":{"line":90,"column":18},"end":{"line":92,"column":74}},"type":"cond-expr","locations":[{"start":{"line":91,"column":22},"end":{"line":91,"column":49}},{"start":{"line":92,"column":22},"end":{"line":92,"column":74}}],"line":90},"4":{"loc":{"start":{"line":105,"column":19},"end":{"line":105,"column":62}},"type":"binary-expr","locations":[{"start":{"line":105,"column":19},"end":{"line":105,"column":34}},{"start":{"line":105,"column":38},"end":{"line":105,"column":52}},{"start":{"line":105,"column":56},"end":{"line":105,"column":62}}],"line":105},"5":{"loc":{"start":{"line":108,"column":19},"end":{"line":108,"column":39}},"type":"binary-expr","locations":[{"start":{"line":108,"column":19},"end":{"line":108,"column":29}},{"start":{"line":108,"column":33},"end":{"line":108,"column":39}}],"line":108}},"s":{"0":0,"1":0,"2":0,"3":0,"4":0,"5":0,"6":0,"7":0,"8":0,"9":0,"10":0,"11":0,"12":0,"13":0,"14":0,"15":0},"f":{"0":0,"1":0,"2":0,"3":0,"4":0,"5":0,"6":0,"7":0},"b":{"0":[0,0],"1":[0,0],"2":[0,0],"3":[0,0],"4":[0,0,0],"5":[0,0]}}
,"/home/ubuntu/vicky/I2I projects/Inventory management/frontend/src/components/ProtectedRoute.tsx": {"path":"/home/ubuntu/vicky/I2I projects/Inventory management/frontend/src/components/ProtectedRoute.tsx","statementMap":{"0":{"start":{"line":12,"column":54},"end":{"line":103,"column":1}},"1":{"start":{"line":16,"column":19},"end":{"line":16,"column":32}},"2":{"start":{"line":17,"column":48},"end":{"line":17,"column":78}},"3":{"start":{"line":20,"column":43},"end":{"line":43,"column":3}},"4":{"start":{"line":26,"column":8},"end":{"line":26,"column":33}},"5":{"start":{"line":29,"column":8},"end":{"line":37,"column":9}},"6":{"start":{"line":30,"column":36},"end":{"line":32,"column":11}},"7":{"start":{"line":31,"column":12},"end":{"line":31,"column":72}},"8":{"start":{"line":34,"column":10},"end":{"line":36,"column":11}},"9":{"start":{"line":35,"column":12},"end":{"line":35,"column":38}},"10":{"start":{"line":40,"column":8},"end":{"line":40,"column":34}},"11":{"start":{"line":45,"column":2},"end":{"line":50,"column":9}},"12":{"start":{"line":46,"column":18},"end":{"line":46,"column":54}},"13":{"start":{"line":47,"column":4},"end":{"line":49,"column":5}},"14":{"start":{"line":48,"column":6},"end":{"line":48,"column":32}},"15":{"start":{"line":53,"column":2},"end":{"line":62,"column":3}},"16":{"start":{"line":54,"column":4},"end":{"line":61,"column":6}},"17":{"start":{"line":65,"column":2},"end":{"line":67,"column":3}},"18":{"start":{"line":66,"column":4},"end":{"line":66,"column":71}},"19":{"start":{"line":70,"column":2},"end":{"line":100,"column":3}},"20":{"start":{"line":71,"column":30},"end":{"line":73,"column":5}},"21":{"start":{"line":72,"column":6},"end":{"line":72,"column":66}},"22":{"start":{"line":75,"column":4},"end":{"line":99,"column":5}},"23":{"start":{"line":76,"column":6},"end":{"line":98,"column":8}},"24":{"start":{"line":90,"column":31},"end":{"line":90,"column":52}},"25":{"start":{"line":102,"column":2},"end":{"line":102,"column":25}}},"fnMap":{"0":{"name":"(anonymous_0)","decl":{"start":{"line":12,"column":54},"end":{"line":12,"column":55}},"loc":{"start":{"line":15,"column":6},"end":{"line":103,"column":1}},"line":15},"1":{"name":"(anonymous_1)","decl":{"start":{"line":25,"column":17},"end":{"line":25,"column":18}},"loc":{"start":{"line":25,"column":48},"end":{"line":38,"column":7}},"line":25},"2":{"name":"(anonymous_2)","decl":{"start":{"line":30,"column":62},"end":{"line":30,"column":63}},"loc":{"start":{"line":31,"column":12},"end":{"line":31,"column":72}},"line":31},"3":{"name":"(anonymous_3)","decl":{"start":{"line":39,"column":15},"end":{"line":39,"column":16}},"loc":{"start":{"line":39,"column":21},"end":{"line":41,"column":7}},"line":39},"4":{"name":"(anonymous_4)","decl":{"start":{"line":45,"column":12},"end":{"line":45,"column":13}},"loc":{"start":{"line":45,"column":18},"end":{"line":50,"column":3}},"line":45},"5":{"name":"(anonymous_5)","decl":{"start":{"line":71,"column":56},"end":{"line":71,"column":57}},"loc":{"start":{"line":72,"column":6},"end":{"line":72,"column":66}},"line":72},"6":{"name":"(anonymous_6)","decl":{"start":{"line":90,"column":25},"end":{"line":90,"column":26}},"loc":{"start":{"line":90,"column":31},"end":{"line":90,"column":52}},"line":90}},"branchMap":{"0":{"loc":{"start":{"line":14,"column":2},"end":{"line":14,"column":26}},"type":"default-arg","locations":[{"start":{"line":14,"column":24},"end":{"line":14,"column":26}}],"line":14},"1":{"loc":{"start":{"line":29,"column":8},"end":{"line":37,"column":9}},"type":"if","locations":[{"start":{"line":29,"column":8},"end":{"line":37,"column":9}},{"start":{},"end":{}}],"line":29},"2":{"loc":{"start":{"line":31,"column":12},"end":{"line":31,"column":72}},"type":"binary-expr","locations":[{"start":{"line":31,"column":12},"end":{"line":31,"column":43}},{"start":{"line":31,"column":47},"end":{"line":31,"column":72}}],"line":31},"3":{"loc":{"start":{"line":34,"column":10},"end":{"line":36,"column":11}},"type":"if","locations":[{"start":{"line":34,"column":10},"end":{"line":36,"column":11}},{"start":{},"end":{}}],"line":34},"4":{"loc":{"start":{"line":47,"column":4},"end":{"line":49,"column":5}},"type":"if","locations":[{"start":{"line":47,"column":4},"end":{"line":49,"column":5}},{"start":{},"end":{}}],"line":47},"5":{"loc":{"start":{"line":53,"column":2},"end":{"line":62,"column":3}},"type":"if","locations":[{"start":{"line":53,"column":2},"end":{"line":62,"column":3}},{"start":{},"end":{}}],"line":53},"6":{"loc":{"start":{"line":53,"column":6},"end":{"line":53,"column":43}},"type":"binary-expr","locations":[{"start":{"line":53,"column":6},"end":{"line":53,"column":15}},{"start":{"line":53,"column":19},"end":{"line":53,"column":43}}],"line":53},"7":{"loc":{"start":{"line":65,"column":2},"end":{"line":67,"column":3}},"type":"if","locations":[{"start":{"line":65,"column":2},"end":{"line":67,"column":3}},{"start":{},"end":{}}],"line":65},"8":{"loc":{"start":{"line":70,"column":2},"end":{"line":100,"column":3}},"type":"if","locations":[{"start":{"line":70,"column":2},"end":{"line":100,"column":3}},{"start":{},"end":{}}],"line":70},"9":{"loc":{"start":{"line":70,"column":6},"end":{"line":70,"column":44}},"type":"binary-expr","locations":[{"start":{"line":70,"column":6},"end":{"line":70,"column":36}},{"start":{"line":70,"column":40},"end":{"line":70,"column":44}}],"line":70},"10":{"loc":{"start":{"line":72,"column":6},"end":{"line":72,"column":66}},"type":"binary-expr","locations":[{"start":{"line":72,"column":6},"end":{"line":72,"column":37}},{"start":{"line":72,"column":41},"end":{"line":72,"column":66}}],"line":72},"11":{"loc":{"start":{"line":75,"column":4},"end":{"line":99,"column":5}},"type":"if","locations":[{"start":{"line":75,"column":4},"end":{"line":99,"column":5}},{"start":{},"end":{}}],"line":75}},"s":{"0":0,"1":0,"2":0,"3":0,"4":0,"5":0,"6":0,"7":0,"8":0,"9":0,"10":0,"11":0,"12":0,"13":0,"14":0,"15":0,"16":0,"17":0,"18":0,"19":0,"20":0,"21":0,"22":0,"23":0,"24":0,"25":0},"f":{"0":0,"1":0,"2":0,"3":0,"4":0,"5":0,"6":0},"b":{"0":[0],"1":[0,0],"2":[0,0],"3":[0,0],"4":[0,0],"5":[0,0],"6":[0,0],"7":[0,0],"8":[0,0],"9":[0,0],"10":[0,0],"11":[0,0]}}
,"/home/ubuntu/vicky/I2I projects/Inventory management/frontend/src/contexts/AuthContext.tsx": {"path":"/home/ubuntu/vicky/I2I projects/Inventory management/frontend/src/contexts/AuthContext.tsx","statementMap":{"0":{"start":{"line":15,"column":20},"end":{"line":15,"column":73}},"1":{"start":{"line":21,"column":57},"end":{"line":86,"column":1}},"2":{"start":{"line":22,"column":48},"end":{"line":22,"column":72}},"3":{"start":{"line":23,"column":22},"end":{"line":23,"column":38}},"4":{"start":{"line":25,"column":45},"end":{"line":40,"column":3}},"5":{"start":{"line":32,"column":8},"end":{"line":32,"column":33}},"6":{"start":{"line":35,"column":8},"end":{"line":35,"column":34}},"7":{"start":{"line":36,"column":8},"end":{"line":36,"column":48}},"8":{"start":{"line":37,"column":8},"end":{"line":37,"column":40}},"9":{"start":{"line":42,"column":2},"end":{"line":47,"column":9}},"10":{"start":{"line":43,"column":18},"end":{"line":43,"column":54}},"11":{"start":{"line":44,"column":4},"end":{"line":46,"column":5}},"12":{"start":{"line":45,"column":6},"end":{"line":45,"column":31}},"13":{"start":{"line":49,"column":16},"end":{"line":55,"column":3}},"14":{"start":{"line":51,"column":4},"end":{"line":51,"column":47}},"15":{"start":{"line":52,"column":4},"end":{"line":52,"column":48}},"16":{"start":{"line":53,"column":4},"end":{"line":53,"column":59}},"17":{"start":{"line":54,"column":4},"end":{"line":54,"column":29}},"18":{"start":{"line":57,"column":17},"end":{"line":64,"column":3}},"19":{"start":{"line":59,"column":4},"end":{"line":59,"column":47}},"20":{"start":{"line":60,"column":4},"end":{"line":60,"column":44}},"21":{"start":{"line":61,"column":4},"end":{"line":61,"column":36}},"22":{"start":{"line":62,"column":4},"end":{"line":62,"column":30}},"23":{"start":{"line":63,"column":4},"end":{"line":63,"column":36}},"24":{"start":{"line":66,"column":22},"end":{"line":70,"column":3}},"25":{"start":{"line":68,"column":4},"end":{"line":68,"column":47}},"26":{"start":{"line":69,"column":4},"end":{"line":69,"column":14}},"27":{"start":{"line":72,"column":33},"end":{"line":79,"column":3}},"28":{"start":{"line":81,"column":2},"end":{"line":85,"column":4}},"29":{"start":{"line":88,"column":23},"end":{"line":94,"column":1}},"30":{"start":{"line":89,"column":18},"end":{"line":89,"column":41}},"31":{"start":{"line":90,"column":2},"end":{"line":92,"column":3}},"32":{"start":{"line":91,"column":4},"end":{"line":91,"column":67}},"33":{"start":{"line":93,"column":2},"end":{"line":93,"column":17}}},"fnMap":{"0":{"name":"(anonymous_0)","decl":{"start":{"line":21,"column":57},"end":{"line":21,"column":58}},"loc":{"start":{"line":21,"column":75},"end":{"line":86,"column":1}},"line":21},"1":{"name":"(anonymous_1)","decl":{"start":{"line":31,"column":17},"end":{"line":31,"column":18}},"loc":{"start":{"line":31,"column":23},"end":{"line":33,"column":7}},"line":31},"2":{"name":"(anonymous_2)","decl":{"start":{"line":34,"column":15},"end":{"line":34,"column":16}},"loc":{"start":{"line":34,"column":21},"end":{"line":38,"column":7}},"line":34},"3":{"name":"(anonymous_3)","decl":{"start":{"line":42,"column":12},"end":{"line":42,"column":13}},"loc":{"start":{"line":42,"column":18},"end":{"line":47,"column":3}},"line":42},"4":{"name":"(anonymous_4)","decl":{"start":{"line":49,"column":16},"end":{"line":49,"column":17}},"loc":{"start":{"line":49,"column":66},"end":{"line":55,"column":3}},"line":49},"5":{"name":"(anonymous_5)","decl":{"start":{"line":57,"column":17},"end":{"line":57,"column":18}},"loc":{"start":{"line":57,"column":23},"end":{"line":64,"column":3}},"line":57},"6":{"name":"(anonymous_6)","decl":{"start":{"line":66,"column":22},"end":{"line":66,"column":23}},"loc":{"start":{"line":66,"column":28},"end":{"line":70,"column":3}},"line":66},"7":{"name":"(anonymous_7)","decl":{"start":{"line":88,"column":23},"end":{"line":88,"column":24}},"loc":{"start":{"line":88,"column":46},"end":{"line":94,"column":1}},"line":88}},"branchMap":{"0":{"loc":{"start":{"line":30,"column":15},"end":{"line":30,"column":72}},"type":"binary-expr","locations":[{"start":{"line":30,"column":15},"end":{"line":30,"column":30}},{"start":{"line":30,"column":34},"end":{"line":30,"column":72}}],"line":30},"1":{"loc":{"start":{"line":44,"column":4},"end":{"line":46,"column":5}},"type":"if","locations":[{"start":{"line":44,"column":4},"end":{"line":46,"column":5}},{"start":{},"end":{}}],"line":44},"2":{"loc":{"start":{"line":73,"column":10},"end":{"line":73,"column":22}},"type":"binary-expr","locations":[{"start":{"line":73,"column":10},"end":{"line":73,"column":14}},{"start":{"line":73,"column":18},"end":{"line":73,"column":22}}],"line":73},"3":{"loc":{"start":{"line":90,"column":2},"end":{"line":92,"column":3}},"type":"if","locations":[{"start":{"line":90,"column":2},"end":{"line":92,"column":3}},{"start":{},"end":{}}],"line":90}},"s":{"0":1,"1":1,"2":11,"3":11,"4":11,"5":0,"6":0,"7":0,"8":0,"9":11,"10":11,"11":11,"12":0,"13":11,"14":0,"15":0,"16":0,"17":0,"18":11,"19":0,"20":0,"21":0,"22":0,"23":0,"24":11,"25":0,"26":0,"27":11,"28":11,"29":1,"30":0,"31":0,"32":0,"33":0},"f":{"0":11,"1":0,"2":0,"3":11,"4":0,"5":0,"6":0,"7":0},"b":{"0":[11,0],"1":[0,11],"2":[11,11],"3":[0,0]},"_coverageSchema":"1a1c01bbd47fc00a2c39e90264f33305004495a9","hash":"d7bad3a6c0b52890aa6ce7f5ec697f2f656bc6c5"}
,"/home/ubuntu/vicky/I2I projects/Inventory management/frontend/src/pages/Categories.tsx": {"path":"/home/ubuntu/vicky/I2I projects/Inventory management/frontend/src/pages/Categories.tsx","statementMap":{"0":{"start":{"line":12,"column":29},"end":{"line":348,"column":1}},"1":{"start":{"line":13,"column":22},"end":{"line":13,"column":38}},"2":{"start":{"line":14,"column":52},"end":{"line":14,"column":67}},"3":{"start":{"line":15,"column":48},"end":{"line":15,"column":63}},"4":{"start":{"line":16,"column":52},"end":{"line":16,"column":67}},"5":{"start":{"line":17,"column":50},"end":{"line":17,"column":81}},"6":{"start":{"line":18,"column":34},"end":{"line":21,"column":4}},"7":{"start":{"line":23,"column":50},"end":{"line":25,"column":3}},"8":{"start":{"line":24,"column":4},"end":{"line":24,"column":41}},"9":{"start":{"line":27,"column":33},"end":{"line":40,"column":3}},"10":{"start":{"line":28,"column":30},"end":{"line":28,"column":72}},"11":{"start":{"line":31,"column":8},"end":{"line":31,"column":52}},"12":{"start":{"line":32,"column":8},"end":{"line":32,"column":56}},"13":{"start":{"line":33,"column":8},"end":{"line":33,"column":36}},"14":{"start":{"line":34,"column":8},"end":{"line":34,"column":51}},"15":{"start":{"line":37,"column":8},"end":{"line":37,"column":81}},"16":{"start":{"line":42,"column":33},"end":{"line":57,"column":3}},"17":{"start":{"line":44,"column":6},"end":{"line":44,"column":52}},"18":{"start":{"line":47,"column":8},"end":{"line":47,"column":52}},"19":{"start":{"line":48,"column":8},"end":{"line":48,"column":56}},"20":{"start":{"line":49,"column":8},"end":{"line":49,"column":34}},"21":{"start":{"line":50,"column":8},"end":{"line":50,"column":34}},"22":{"start":{"line":51,"column":8},"end":{"line":51,"column":51}},"23":{"start":{"line":54,"column":8},"end":{"line":54,"column":81}},"24":{"start":{"line":59,"column":33},"end":{"line":72,"column":3}},"25":{"start":{"line":60,"column":20},"end":{"line":60,"column":60}},"26":{"start":{"line":63,"column":8},"end":{"line":63,"column":52}},"27":{"start":{"line":64,"column":8},"end":{"line":64,"column":56}},"28":{"start":{"line":65,"column":8},"end":{"line":65,"column":36}},"29":{"start":{"line":66,"column":8},"end":{"line":66,"column":34}},"30":{"start":{"line":69,"column":8},"end":{"line":69,"column":81}},"31":{"start":{"line":74,"column":29},"end":{"line":84,"column":3}},"32":{"start":{"line":75,"column":4},"end":{"line":75,"column":23}},"33":{"start":{"line":76,"column":4},"end":{"line":79,"column":5}},"34":{"start":{"line":77,"column":6},"end":{"line":77,"column":47}},"35":{"start":{"line":78,"column":6},"end":{"line":78,"column":13}},"36":{"start":{"line":80,"column":4},"end":{"line":83,"column":7}},"37":{"start":{"line":86,"column":27},"end":{"line":99,"column":3}},"38":{"start":{"line":87,"column":4},"end":{"line":87,"column":23}},"39":{"start":{"line":88,"column":4},"end":{"line":91,"column":5}},"40":{"start":{"line":89,"column":6},"end":{"line":89,"column":47}},"41":{"start":{"line":90,"column":6},"end":{"line":90,"column":13}},"42":{"start":{"line":92,"column":4},"end":{"line":98,"column":7}},"43":{"start":{"line":101,"column":21},"end":{"line":108,"column":3}},"44":{"start":{"line":102,"column":4},"end":{"line":102,"column":34}},"45":{"start":{"line":103,"column":4},"end":{"line":106,"column":7}},"46":{"start":{"line":107,"column":4},"end":{"line":107,"column":29}},"47":{"start":{"line":110,"column":23},"end":{"line":113,"column":3}},"48":{"start":{"line":111,"column":4},"end":{"line":111,"column":34}},"49":{"start":{"line":112,"column":4},"end":{"line":112,"column":31}},"50":{"start":{"line":115,"column":24},"end":{"line":119,"column":3}},"51":{"start":{"line":116,"column":4},"end":{"line":118,"column":5}},"52":{"start":{"line":117,"column":6},"end":{"line":117,"column":57}},"53":{"start":{"line":121,"column":26},"end":{"line":124,"column":3}},"54":{"start":{"line":122,"column":4},"end":{"line":122,"column":47}},"55":{"start":{"line":123,"column":4},"end":{"line":123,"column":31}},"56":{"start":{"line":126,"column":2},"end":{"line":130,"column":4}},"57":{"start":{"line":126,"column":17},"end":{"line":130,"column":4}},"58":{"start":{"line":132,"column":23},"end":{"line":132,"column":53}},"59":{"start":{"line":134,"column":2},"end":{"line":347,"column":4}},"60":{"start":{"line":173,"column":18},"end":{"line":201,"column":23}},"61":{"start":{"line":189,"column":39},"end":{"line":189,"column":59}},"62":{"start":{"line":195,"column":39},"end":{"line":195,"column":61}},"63":{"start":{"line":223,"column":37},"end":{"line":223,"column":87}},"64":{"start":{"line":235,"column":37},"end":{"line":235,"column":94}},"65":{"start":{"line":244,"column":35},"end":{"line":244,"column":62}},"66":{"start":{"line":277,"column":37},"end":{"line":277,"column":87}},"67":{"start":{"line":289,"column":37},"end":{"line":289,"column":94}},"68":{"start":{"line":298,"column":35},"end":{"line":298,"column":60}},"69":{"start":{"line":329,"column":33},"end":{"line":329,"column":60}}},"fnMap":{"0":{"name":"(anonymous_0)","decl":{"start":{"line":12,"column":29},"end":{"line":12,"column":30}},"loc":{"start":{"line":12,"column":35},"end":{"line":348,"column":1}},"line":12},"1":{"name":"(anonymous_1)","decl":{"start":{"line":23,"column":73},"end":{"line":23,"column":74}},"loc":{"start":{"line":24,"column":4},"end":{"line":24,"column":41}},"line":24},"2":{"name":"(anonymous_2)","decl":{"start":{"line":28,"column":4},"end":{"line":28,"column":5}},"loc":{"start":{"line":28,"column":30},"end":{"line":28,"column":72}},"line":28},"3":{"name":"(anonymous_3)","decl":{"start":{"line":30,"column":17},"end":{"line":30,"column":18}},"loc":{"start":{"line":30,"column":23},"end":{"line":35,"column":7}},"line":30},"4":{"name":"(anonymous_4)","decl":{"start":{"line":36,"column":15},"end":{"line":36,"column":16}},"loc":{"start":{"line":36,"column":31},"end":{"line":38,"column":7}},"line":36},"5":{"name":"(anonymous_5)","decl":{"start":{"line":43,"column":4},"end":{"line":43,"column":5}},"loc":{"start":{"line":44,"column":6},"end":{"line":44,"column":52}},"line":44},"6":{"name":"(anonymous_6)","decl":{"start":{"line":46,"column":17},"end":{"line":46,"column":18}},"loc":{"start":{"line":46,"column":23},"end":{"line":52,"column":7}},"line":46},"7":{"name":"(anonymous_7)","decl":{"start":{"line":53,"column":15},"end":{"line":53,"column":16}},"loc":{"start":{"line":53,"column":31},"end":{"line":55,"column":7}},"line":53},"8":{"name":"(anonymous_8)","decl":{"start":{"line":60,"column":4},"end":{"line":60,"column":5}},"loc":{"start":{"line":60,"column":20},"end":{"line":60,"column":60}},"line":60},"9":{"name":"(anonymous_9)","decl":{"start":{"line":62,"column":17},"end":{"line":62,"column":18}},"loc":{"start":{"line":62,"column":23},"end":{"line":67,"column":7}},"line":62},"10":{"name":"(anonymous_10)","decl":{"start":{"line":68,"column":15},"end":{"line":68,"column":16}},"loc":{"start":{"line":68,"column":31},"end":{"line":70,"column":7}},"line":68},"11":{"name":"(anonymous_11)","decl":{"start":{"line":74,"column":29},"end":{"line":74,"column":30}},"loc":{"start":{"line":74,"column":53},"end":{"line":84,"column":3}},"line":74},"12":{"name":"(anonymous_12)","decl":{"start":{"line":86,"column":27},"end":{"line":86,"column":28}},"loc":{"start":{"line":86,"column":51},"end":{"line":99,"column":3}},"line":86},"13":{"name":"(anonymous_13)","decl":{"start":{"line":101,"column":21},"end":{"line":101,"column":22}},"loc":{"start":{"line":101,"column":45},"end":{"line":108,"column":3}},"line":101},"14":{"name":"(anonymous_14)","decl":{"start":{"line":110,"column":23},"end":{"line":110,"column":24}},"loc":{"start":{"line":110,"column":47},"end":{"line":113,"column":3}},"line":110},"15":{"name":"(anonymous_15)","decl":{"start":{"line":115,"column":24},"end":{"line":115,"column":25}},"loc":{"start":{"line":115,"column":30},"end":{"line":119,"column":3}},"line":115},"16":{"name":"(anonymous_16)","decl":{"start":{"line":121,"column":26},"end":{"line":121,"column":27}},"loc":{"start":{"line":121,"column":32},"end":{"line":124,"column":3}},"line":121},"17":{"name":"(anonymous_17)","decl":{"start":{"line":172,"column":34},"end":{"line":172,"column":35}},"loc":{"start":{"line":173,"column":18},"end":{"line":201,"column":23}},"line":173},"18":{"name":"(anonymous_18)","decl":{"start":{"line":189,"column":33},"end":{"line":189,"column":34}},"loc":{"start":{"line":189,"column":39},"end":{"line":189,"column":59}},"line":189},"19":{"name":"(anonymous_19)","decl":{"start":{"line":195,"column":33},"end":{"line":195,"column":34}},"loc":{"start":{"line":195,"column":39},"end":{"line":195,"column":61}},"line":195},"20":{"name":"(anonymous_20)","decl":{"start":{"line":223,"column":30},"end":{"line":223,"column":31}},"loc":{"start":{"line":223,"column":37},"end":{"line":223,"column":87}},"line":223},"21":{"name":"(anonymous_21)","decl":{"start":{"line":235,"column":30},"end":{"line":235,"column":31}},"loc":{"start":{"line":235,"column":37},"end":{"line":235,"column":94}},"line":235},"22":{"name":"(anonymous_22)","decl":{"start":{"line":244,"column":29},"end":{"line":244,"column":30}},"loc":{"start":{"line":244,"column":35},"end":{"line":244,"column":62}},"line":244},"23":{"name":"(anonymous_23)","decl":{"start":{"line":277,"column":30},"end":{"line":277,"column":31}},"loc":{"start":{"line":277,"column":37},"end":{"line":277,"column":87}},"line":277},"24":{"name":"(anonymous_24)","decl":{"start":{"line":289,"column":30},"end":{"line":289,"column":31}},"loc":{"start":{"line":289,"column":37},"end":{"line":289,"column":94}},"line":289},"25":{"name":"(anonymous_25)","decl":{"start":{"line":298,"column":29},"end":{"line":298,"column":30}},"loc":{"start":{"line":298,"column":35},"end":{"line":298,"column":60}},"line":298},"26":{"name":"(anonymous_26)","decl":{"start":{"line":329,"column":27},"end":{"line":329,"column":28}},"loc":{"start":{"line":329,"column":33},"end":{"line":329,"column":60}},"line":329}},"branchMap":{"0":{"loc":{"start":{"line":37,"column":20},"end":{"line":37,"column":79}},"type":"binary-expr","locations":[{"start":{"line":37,"column":20},"end":{"line":37,"column":48}},{"start":{"line":37,"column":52},"end":{"line":37,"column":79}}],"line":37},"1":{"loc":{"start":{"line":54,"column":20},"end":{"line":54,"column":79}},"type":"binary-expr","locations":[{"start":{"line":54,"column":20},"end":{"line":54,"column":48}},{"start":{"line":54,"column":52},"end":{"line":54,"column":79}}],"line":54},"2":{"loc":{"start":{"line":69,"column":20},"end":{"line":69,"column":79}},"type":"binary-expr","locations":[{"start":{"line":69,"column":20},"end":{"line":69,"column":48}},{"start":{"line":69,"column":52},"end":{"line":69,"column":79}}],"line":69},"3":{"loc":{"start":{"line":76,"column":4},"end":{"line":79,"column":5}},"type":"if","locations":[{"start":{"line":76,"column":4},"end":{"line":79,"column":5}},{"start":{},"end":{}}],"line":76},"4":{"loc":{"start":{"line":82,"column":19},"end":{"line":82,"column":59}},"type":"binary-expr","locations":[{"start":{"line":82,"column":19},"end":{"line":82,"column":46}},{"start":{"line":82,"column":50},"end":{"line":82,"column":59}}],"line":82},"5":{"loc":{"start":{"line":88,"column":4},"end":{"line":91,"column":5}},"type":"if","locations":[{"start":{"line":88,"column":4},"end":{"line":91,"column":5}},{"start":{},"end":{}}],"line":88},"6":{"loc":{"start":{"line":88,"column":8},"end":{"line":88,"column":50}},"type":"binary-expr","locations":[{"start":{"line":88,"column":8},"end":{"line":88,"column":25}},{"start":{"line":88,"column":29},"end":{"line":88,"column":50}}],"line":88},"7":{"loc":{"start":{"line":96,"column":21},"end":{"line":96,"column":61}},"type":"binary-expr","locations":[{"start":{"line":96,"column":21},"end":{"line":96,"column":48}},{"start":{"line":96,"column":52},"end":{"line":96,"column":61}}],"line":96},"8":{"loc":{"start":{"line":105,"column":19},"end":{"line":105,"column":45}},"type":"binary-expr","locations":[{"start":{"line":105,"column":19},"end":{"line":105,"column":39}},{"start":{"line":105,"column":43},"end":{"line":105,"column":45}}],"line":105},"9":{"loc":{"start":{"line":116,"column":4},"end":{"line":118,"column":5}},"type":"if","locations":[{"start":{"line":116,"column":4},"end":{"line":118,"column":5}},{"start":{},"end":{}}],"line":116},"10":{"loc":{"start":{"line":126,"column":2},"end":{"line":130,"column":4}},"type":"if","locations":[{"start":{"line":126,"column":2},"end":{"line":130,"column":4}},{"start":{},"end":{}}],"line":126},"11":{"loc":{"start":{"line":132,"column":23},"end":{"line":132,"column":53}},"type":"binary-expr","locations":[{"start":{"line":132,"column":23},"end":{"line":132,"column":47}},{"start":{"line":132,"column":51},"end":{"line":132,"column":53}}],"line":132},"12":{"loc":{"start":{"line":147,"column":9},"end":{"line":206,"column":9}},"type":"cond-expr","locations":[{"start":{"line":148,"column":10},"end":{"line":151,"column":16}},{"start":{"line":153,"column":10},"end":{"line":205,"column":16}}],"line":147},"13":{"loc":{"start":{"line":179,"column":25},"end":{"line":179,"column":65}},"type":"binary-expr","locations":[{"start":{"line":179,"column":25},"end":{"line":179,"column":45}},{"start":{"line":179,"column":49},"end":{"line":179,"column":65}}],"line":179},"14":{"loc":{"start":{"line":210,"column":7},"end":{"line":261,"column":7}},"type":"binary-expr","locations":[{"start":{"line":210,"column":7},"end":{"line":210,"column":24}},{"start":{"line":211,"column":8},"end":{"line":260,"column":14}}],"line":210},"15":{"loc":{"start":{"line":254,"column":21},"end":{"line":254,"column":80}},"type":"cond-expr","locations":[{"start":{"line":254,"column":56},"end":{"line":254,"column":69}},{"start":{"line":254,"column":72},"end":{"line":254,"column":80}}],"line":254},"16":{"loc":{"start":{"line":264,"column":7},"end":{"line":315,"column":7}},"type":"binary-expr","locations":[{"start":{"line":264,"column":7},"end":{"line":264,"column":22}},{"start":{"line":264,"column":26},"end":{"line":264,"column":42}},{"start":{"line":265,"column":8},"end":{"line":314,"column":14}}],"line":264},"17":{"loc":{"start":{"line":308,"column":21},"end":{"line":308,"column":80}},"type":"cond-expr","locations":[{"start":{"line":308,"column":56},"end":{"line":308,"column":69}},{"start":{"line":308,"column":72},"end":{"line":308,"column":80}}],"line":308},"18":{"loc":{"start":{"line":318,"column":7},"end":{"line":345,"column":7}},"type":"binary-expr","locations":[{"start":{"line":318,"column":7},"end":{"line":318,"column":24}},{"start":{"line":318,"column":28},"end":{"line":318,"column":44}},{"start":{"line":319,"column":8},"end":{"line":344,"column":14}}],"line":318},"19":{"loc":{"start":{"line":339,"column":19},"end":{"line":339,"column":78}},"type":"cond-expr","locations":[{"start":{"line":339,"column":54},"end":{"line":339,"column":67}},{"start":{"line":339,"column":70},"end":{"line":339,"column":78}}],"line":339}},"s":{"0":0,"1":0,"2":0,"3":0,"4":0,"5":0,"6":0,"7":0,"8":0,"9":0,"10":0,"11":0,"12":0,"13":0,"14":0,"15":0,"16":0,"17":0,"18":0,"19":0,"20":0,"21":0,"22":0,"23":0,"24":0,"25":0,"26":0,"27":0,"28":0,"29":0,"30":0,"31":0,"32":0,"33":0,"34":0,"35":0,"36":0,"37":0,"38":0,"39":0,"40":0,"41":0,"42":0,"43":0,"44":0,"45":0,"46":0,"47":0,"48":0,"49":0,"50":0,"51":0,"52":0,"53":0,"54":0,"55":0,"56":0,"57":0,"58":0,"59":0,"60":0,"61":0,"62":0,"63":0,"64":0,"65":0,"66":0,"67":0,"68":0,"69":0},"f":{"0":0,"1":0,"2":0,"3":0,"4":0,"5":0,"6":0,"7":0,"8":0,"9":0,"10":0,"11":0,"12":0,"13":0,"14":0,"15":0,"16":0,"17":0,"18":0,"19":0,"20":0,"21":0,"22":0,"23":0,"24":0,"25":0,"26":0},"b":{"0":[0,0],"1":[0,0],"2":[0,0],"3":[0,0],"4":[0,0],"5":[0,0],"6":[0,0],"7":[0,0],"8":[0,0],"9":[0,0],"10":[0,0],"11":[0,0],"12":[0,0],"13":[0,0],"14":[0,0],"15":[0,0],"16":[0,0,0],"17":[0,0],"18":[0,0,0],"19":[0,0]}}
,"/home/ubuntu/vicky/I2I projects/Inventory management/frontend/src/pages/Dashboard.tsx": {"path":"/home/ubuntu/vicky/I2I projects/Inventory management/frontend/src/pages/Dashboard.tsx","statementMap":{"0":{"start":{"line":18,"column":28},"end":{"line":303,"column":1}},"1":{"start":{"line":19,"column":33},"end":{"line":19,"column":96}},"2":{"start":{"line":19,"column":62},"end":{"line":19,"column":95}},"3":{"start":{"line":20,"column":35},"end":{"line":20,"column":104}},"4":{"start":{"line":20,"column":66},"end":{"line":20,"column":103}},"5":{"start":{"line":21,"column":34},"end":{"line":21,"column":100}},"6":{"start":{"line":21,"column":64},"end":{"line":21,"column":99}},"7":{"start":{"line":22,"column":34},"end":{"line":22,"column":100}},"8":{"start":{"line":22,"column":64},"end":{"line":22,"column":99}},"9":{"start":{"line":23,"column":34},"end":{"line":23,"column":100}},"10":{"start":{"line":23,"column":64},"end":{"line":23,"column":99}},"11":{"start":{"line":24,"column":39},"end":{"line":24,"column":121}},"12":{"start":{"line":24,"column":75},"end":{"line":24,"column":120}},"13":{"start":{"line":25,"column":37},"end":{"line":25,"column":112}},"14":{"start":{"line":25,"column":71},"end":{"line":25,"column":111}},"15":{"start":{"line":27,"column":19},"end":{"line":27,"column":43}},"16":{"start":{"line":28,"column":21},"end":{"line":28,"column":47}},"17":{"start":{"line":29,"column":20},"end":{"line":29,"column":45}},"18":{"start":{"line":30,"column":20},"end":{"line":30,"column":45}},"19":{"start":{"line":31,"column":20},"end":{"line":31,"column":45}},"20":{"start":{"line":32,"column":25},"end":{"line":32,"column":55}},"21":{"start":{"line":33,"column":23},"end":{"line":33,"column":45}},"22":{"start":{"line":35,"column":24},"end":{"line":38,"column":4}},"23":{"start":{"line":36,"column":20},"end":{"line":36,"column":64}},"24":{"start":{"line":36,"column":39},"end":{"line":36,"column":63}},"25":{"start":{"line":37,"column":4},"end":{"line":37,"column":81}},"26":{"start":{"line":40,"column":26},"end":{"line":40,"column":71}},"27":{"start":{"line":40,"column":51},"end":{"line":40,"column":70}},"28":{"start":{"line":42,"column":21},"end":{"line":44,"column":3}},"29":{"start":{"line":43,"column":4},"end":{"line":43,"column":64}},"30":{"start":{"line":46,"column":20},"end":{"line":46,"column":46}},"31":{"start":{"line":48,"column":16},"end":{"line":91,"column":3}},"32":{"start":{"line":93,"column":17},"end":{"line":122,"column":3}},"33":{"start":{"line":124,"column":2},"end":{"line":302,"column":4}},"34":{"start":{"line":134,"column":10},"end":{"line":152,"column":17}},"35":{"start":{"line":162,"column":14},"end":{"line":181,"column":21}},"36":{"start":{"line":203,"column":18},"end":{"line":218,"column":24}},"37":{"start":{"line":242,"column":34},"end":{"line":242,"column":78}},"38":{"start":{"line":242,"column":53},"end":{"line":242,"column":77}},"39":{"start":{"line":243,"column":18},"end":{"line":255,"column":20}}},"fnMap":{"0":{"name":"(anonymous_0)","decl":{"start":{"line":18,"column":28},"end":{"line":18,"column":29}},"loc":{"start":{"line":18,"column":34},"end":{"line":303,"column":1}},"line":18},"1":{"name":"(anonymous_1)","decl":{"start":{"line":19,"column":56},"end":{"line":19,"column":57}},"loc":{"start":{"line":19,"column":62},"end":{"line":19,"column":95}},"line":19},"2":{"name":"(anonymous_2)","decl":{"start":{"line":20,"column":60},"end":{"line":20,"column":61}},"loc":{"start":{"line":20,"column":66},"end":{"line":20,"column":103}},"line":20},"3":{"name":"(anonymous_3)","decl":{"start":{"line":21,"column":58},"end":{"line":21,"column":59}},"loc":{"start":{"line":21,"column":64},"end":{"line":21,"column":99}},"line":21},"4":{"name":"(anonymous_4)","decl":{"start":{"line":22,"column":58},"end":{"line":22,"column":59}},"loc":{"start":{"line":22,"column":64},"end":{"line":22,"column":99}},"line":22},"5":{"name":"(anonymous_5)","decl":{"start":{"line":23,"column":58},"end":{"line":23,"column":59}},"loc":{"start":{"line":23,"column":64},"end":{"line":23,"column":99}},"line":23},"6":{"name":"(anonymous_6)","decl":{"start":{"line":24,"column":69},"end":{"line":24,"column":70}},"loc":{"start":{"line":24,"column":75},"end":{"line":24,"column":120}},"line":24},"7":{"name":"(anonymous_7)","decl":{"start":{"line":25,"column":65},"end":{"line":25,"column":66}},"loc":{"start":{"line":25,"column":71},"end":{"line":25,"column":111}},"line":25},"8":{"name":"(anonymous_8)","decl":{"start":{"line":35,"column":41},"end":{"line":35,"column":42}},"loc":{"start":{"line":35,"column":49},"end":{"line":38,"column":3}},"line":35},"9":{"name":"(anonymous_9)","decl":{"start":{"line":36,"column":34},"end":{"line":36,"column":35}},"loc":{"start":{"line":36,"column":39},"end":{"line":36,"column":63}},"line":36},"10":{"name":"(anonymous_10)","decl":{"start":{"line":40,"column":43},"end":{"line":40,"column":44}},"loc":{"start":{"line":40,"column":51},"end":{"line":40,"column":70}},"line":40},"11":{"name":"(anonymous_11)","decl":{"start":{"line":42,"column":43},"end":{"line":42,"column":44}},"loc":{"start":{"line":43,"column":4},"end":{"line":43,"column":64}},"line":43},"12":{"name":"(anonymous_12)","decl":{"start":{"line":133,"column":19},"end":{"line":133,"column":20}},"loc":{"start":{"line":134,"column":10},"end":{"line":152,"column":17}},"line":134},"13":{"name":"(anonymous_13)","decl":{"start":{"line":161,"column":24},"end":{"line":161,"column":25}},"loc":{"start":{"line":162,"column":14},"end":{"line":181,"column":21}},"line":162},"14":{"name":"(anonymous_14)","decl":{"start":{"line":202,"column":30},"end":{"line":202,"column":31}},"loc":{"start":{"line":203,"column":18},"end":{"line":218,"column":24}},"line":203},"15":{"name":"(anonymous_15)","decl":{"start":{"line":241,"column":46},"end":{"line":241,"column":47}},"loc":{"start":{"line":241,"column":56},"end":{"line":256,"column":17}},"line":241},"16":{"name":"(anonymous_16)","decl":{"start":{"line":242,"column":48},"end":{"line":242,"column":49}},"loc":{"start":{"line":242,"column":53},"end":{"line":242,"column":77}},"line":242}},"branchMap":{"0":{"loc":{"start":{"line":27,"column":19},"end":{"line":27,"column":43}},"type":"binary-expr","locations":[{"start":{"line":27,"column":19},"end":{"line":27,"column":37}},{"start":{"line":27,"column":41},"end":{"line":27,"column":43}}],"line":27},"1":{"loc":{"start":{"line":28,"column":21},"end":{"line":28,"column":47}},"type":"binary-expr","locations":[{"start":{"line":28,"column":21},"end":{"line":28,"column":41}},{"start":{"line":28,"column":45},"end":{"line":28,"column":47}}],"line":28},"2":{"loc":{"start":{"line":29,"column":20},"end":{"line":29,"column":45}},"type":"binary-expr","locations":[{"start":{"line":29,"column":20},"end":{"line":29,"column":39}},{"start":{"line":29,"column":43},"end":{"line":29,"column":45}}],"line":29},"3":{"loc":{"start":{"line":30,"column":20},"end":{"line":30,"column":45}},"type":"binary-expr","locations":[{"start":{"line":30,"column":20},"end":{"line":30,"column":39}},{"start":{"line":30,"column":43},"end":{"line":30,"column":45}}],"line":30},"4":{"loc":{"start":{"line":31,"column":20},"end":{"line":31,"column":45}},"type":"binary-expr","locations":[{"start":{"line":31,"column":20},"end":{"line":31,"column":39}},{"start":{"line":31,"column":43},"end":{"line":31,"column":45}}],"line":31},"5":{"loc":{"start":{"line":32,"column":25},"end":{"line":32,"column":55}},"type":"binary-expr","locations":[{"start":{"line":32,"column":25},"end":{"line":32,"column":49}},{"start":{"line":32,"column":53},"end":{"line":32,"column":55}}],"line":32},"6":{"loc":{"start":{"line":33,"column":23},"end":{"line":33,"column":45}},"type":"binary-expr","locations":[{"start":{"line":33,"column":23},"end":{"line":33,"column":39}},{"start":{"line":33,"column":43},"end":{"line":33,"column":45}}],"line":33},"7":{"loc":{"start":{"line":37,"column":11},"end":{"line":37,"column":80}},"type":"binary-expr","locations":[{"start":{"line":37,"column":11},"end":{"line":37,"column":28}},{"start":{"line":37,"column":32},"end":{"line":37,"column":80}}],"line":37},"8":{"loc":{"start":{"line":37,"column":50},"end":{"line":37,"column":79}},"type":"binary-expr","locations":[{"start":{"line":37,"column":50},"end":{"line":37,"column":74}},{"start":{"line":37,"column":78},"end":{"line":37,"column":79}}],"line":37},"9":{"loc":{"start":{"line":43,"column":4},"end":{"line":43,"column":64}},"type":"binary-expr","locations":[{"start":{"line":43,"column":4},"end":{"line":43,"column":36}},{"start":{"line":43,"column":40},"end":{"line":43,"column":64}}],"line":43},"10":{"loc":{"start":{"line":176,"column":17},"end":{"line":180,"column":17}},"type":"binary-expr","locations":[{"start":{"line":176,"column":17},"end":{"line":176,"column":32}},{"start":{"line":177,"column":18},"end":{"line":179,"column":24}}],"line":176},"11":{"loc":{"start":{"line":201,"column":15},"end":{"line":222,"column":15}},"type":"cond-expr","locations":[{"start":{"line":202,"column":16},"end":{"line":219,"column":18}},{"start":{"line":221,"column":16},"end":{"line":221,"column":82}}],"line":201},"12":{"loc":{"start":{"line":211,"column":22},"end":{"line":214,"column":49}},"type":"cond-expr","locations":[{"start":{"line":211,"column":49},"end":{"line":211,"column":78}},{"start":{"line":212,"column":22},"end":{"line":214,"column":49}}],"line":211},"13":{"loc":{"start":{"line":212,"column":22},"end":{"line":214,"column":49}},"type":"cond-expr","locations":[{"start":{"line":212,"column":48},"end":{"line":212,"column":75}},{"start":{"line":213,"column":22},"end":{"line":214,"column":49}}],"line":212},"14":{"loc":{"start":{"line":213,"column":22},"end":{"line":214,"column":49}},"type":"cond-expr","locations":[{"start":{"line":213,"column":57},"end":{"line":213,"column":88}},{"start":{"line":214,"column":22},"end":{"line":214,"column":49}}],"line":213},"15":{"loc":{"start":{"line":240,"column":15},"end":{"line":259,"column":15}},"type":"cond-expr","locations":[{"start":{"line":241,"column":16},"end":{"line":256,"column":18}},{"start":{"line":258,"column":16},"end":{"line":258,"column":75}}],"line":240},"16":{"loc":{"start":{"line":247,"column":27},"end":{"line":247,"column":76}},"type":"binary-expr","locations":[{"start":{"line":247,"column":27},"end":{"line":247,"column":40}},{"start":{"line":247,"column":44},"end":{"line":247,"column":76}}],"line":247}},"s":{"0":0,"1":0,"2":0,"3":0,"4":0,"5":0,"6":0,"7":0,"8":0,"9":0,"10":0,"11":0,"12":0,"13":0,"14":0,"15":0,"16":0,"17":0,"18":0,"19":0,"20":0,"21":0,"22":0,"23":0,"24":0,"25":0,"26":0,"27":0,"28":0,"29":0,"30":0,"31":0,"32":0,"33":0,"34":0,"35":0,"36":0,"37":0,"38":0,"39":0},"f":{"0":0,"1":0,"2":0,"3":0,"4":0,"5":0,"6":0,"7":0,"8":0,"9":0,"10":0,"11":0,"12":0,"13":0,"14":0,"15":0,"16":0},"b":{"0":[0,0],"1":[0,0],"2":[0,0],"3":[0,0],"4":[0,0],"5":[0,0],"6":[0,0],"7":[0,0],"8":[0,0],"9":[0,0],"10":[0,0],"11":[0,0],"12":[0,0],"13":[0,0],"14":[0,0],"15":[0,0],"16":[0,0]}}
,"/home/ubuntu/vicky/I2I projects/Inventory management/frontend/src/pages/ForgotPassword.tsx": {"path":"/home/ubuntu/vicky/I2I projects/Inventory management/frontend/src/pages/ForgotPassword.tsx","statementMap":{"0":{"start":{"line":8,"column":33},"end":{"line":163,"column":1}},"1":{"start":{"line":9,"column":28},"end":{"line":9,"column":40}},"2":{"start":{"line":10,"column":40},"end":{"line":10,"column":55}},"3":{"start":{"line":11,"column":30},"end":{"line":11,"column":66}},"4":{"start":{"line":13,"column":33},"end":{"line":26,"column":3}},"5":{"start":{"line":14,"column":23},"end":{"line":14,"column":60}},"6":{"start":{"line":17,"column":8},"end":{"line":17,"column":29}},"7":{"start":{"line":18,"column":8},"end":{"line":18,"column":36}},"8":{"start":{"line":19,"column":8},"end":{"line":19,"column":72}},"9":{"start":{"line":22,"column":29},"end":{"line":22,"column":90}},"10":{"start":{"line":23,"column":8},"end":{"line":23,"column":34}},"11":{"start":{"line":28,"column":23},"end":{"line":39,"column":3}},"12":{"start":{"line":29,"column":46},"end":{"line":29,"column":48}},"13":{"start":{"line":31,"column":4},"end":{"line":35,"column":5}},"14":{"start":{"line":32,"column":6},"end":{"line":32,"column":44}},"15":{"start":{"line":33,"column":11},"end":{"line":35,"column":5}},"16":{"start":{"line":34,"column":6},"end":{"line":34,"column":61}},"17":{"start":{"line":37,"column":4},"end":{"line":37,"column":25}},"18":{"start":{"line":38,"column":4},"end":{"line":38,"column":47}},"19":{"start":{"line":41,"column":23},"end":{"line":46,"column":3}},"20":{"start":{"line":42,"column":4},"end":{"line":42,"column":23}},"21":{"start":{"line":43,"column":4},"end":{"line":45,"column":5}},"22":{"start":{"line":44,"column":6},"end":{"line":44,"column":43}},"23":{"start":{"line":48,"column":28},"end":{"line":53,"column":3}},"24":{"start":{"line":49,"column":4},"end":{"line":49,"column":29}},"25":{"start":{"line":50,"column":4},"end":{"line":52,"column":5}},"26":{"start":{"line":51,"column":6},"end":{"line":51,"column":50}},"27":{"start":{"line":51,"column":25},"end":{"line":51,"column":47}},"28":{"start":{"line":55,"column":2},"end":{"line":90,"column":3}},"29":{"start":{"line":56,"column":4},"end":{"line":89,"column":6}},"30":{"start":{"line":92,"column":2},"end":{"line":162,"column":4}}},"fnMap":{"0":{"name":"(anonymous_0)","decl":{"start":{"line":8,"column":33},"end":{"line":8,"column":34}},"loc":{"start":{"line":8,"column":39},"end":{"line":163,"column":1}},"line":8},"1":{"name":"(anonymous_1)","decl":{"start":{"line":14,"column":4},"end":{"line":14,"column":5}},"loc":{"start":{"line":14,"column":23},"end":{"line":14,"column":60}},"line":14},"2":{"name":"(anonymous_2)","decl":{"start":{"line":16,"column":17},"end":{"line":16,"column":18}},"loc":{"start":{"line":16,"column":27},"end":{"line":20,"column":7}},"line":16},"3":{"name":"(anonymous_3)","decl":{"start":{"line":21,"column":15},"end":{"line":21,"column":16}},"loc":{"start":{"line":21,"column":31},"end":{"line":24,"column":7}},"line":21},"4":{"name":"(anonymous_4)","decl":{"start":{"line":28,"column":23},"end":{"line":28,"column":24}},"loc":{"start":{"line":28,"column":29},"end":{"line":39,"column":3}},"line":28},"5":{"name":"(anonymous_5)","decl":{"start":{"line":41,"column":23},"end":{"line":41,"column":24}},"loc":{"start":{"line":41,"column":53},"end":{"line":46,"column":3}},"line":41},"6":{"name":"(anonymous_6)","decl":{"start":{"line":48,"column":28},"end":{"line":48,"column":29}},"loc":{"start":{"line":48,"column":72},"end":{"line":53,"column":3}},"line":48},"7":{"name":"(anonymous_7)","decl":{"start":{"line":51,"column":16},"end":{"line":51,"column":17}},"loc":{"start":{"line":51,"column":25},"end":{"line":51,"column":47}},"line":51}},"branchMap":{"0":{"loc":{"start":{"line":22,"column":29},"end":{"line":22,"column":90}},"type":"binary-expr","locations":[{"start":{"line":22,"column":29},"end":{"line":22,"column":57}},{"start":{"line":22,"column":61},"end":{"line":22,"column":90}}],"line":22},"1":{"loc":{"start":{"line":31,"column":4},"end":{"line":35,"column":5}},"type":"if","locations":[{"start":{"line":31,"column":4},"end":{"line":35,"column":5}},{"start":{"line":33,"column":11},"end":{"line":35,"column":5}}],"line":31},"2":{"loc":{"start":{"line":33,"column":11},"end":{"line":35,"column":5}},"type":"if","locations":[{"start":{"line":33,"column":11},"end":{"line":35,"column":5}},{"start":{},"end":{}}],"line":33},"3":{"loc":{"start":{"line":43,"column":4},"end":{"line":45,"column":5}},"type":"if","locations":[{"start":{"line":43,"column":4},"end":{"line":45,"column":5}},{"start":{},"end":{}}],"line":43},"4":{"loc":{"start":{"line":50,"column":4},"end":{"line":52,"column":5}},"type":"if","locations":[{"start":{"line":50,"column":4},"end":{"line":52,"column":5}},{"start":{},"end":{}}],"line":50},"5":{"loc":{"start":{"line":55,"column":2},"end":{"line":90,"column":3}},"type":"if","locations":[{"start":{"line":55,"column":2},"end":{"line":90,"column":3}},{"start":{},"end":{}}],"line":55},"6":{"loc":{"start":{"line":119,"column":18},"end":{"line":119,"column":69}},"type":"cond-expr","locations":[{"start":{"line":119,"column":33},"end":{"line":119,"column":49}},{"start":{"line":119,"column":52},"end":{"line":119,"column":69}}],"line":119},"7":{"loc":{"start":{"line":126,"column":13},"end":{"line":128,"column":13}},"type":"binary-expr","locations":[{"start":{"line":126,"column":13},"end":{"line":126,"column":25}},{"start":{"line":127,"column":14},"end":{"line":127,"column":73}}],"line":126},"8":{"loc":{"start":{"line":137,"column":15},"end":{"line":147,"column":15}},"type":"cond-expr","locations":[{"start":{"line":138,"column":16},"end":{"line":144,"column":23}},{"start":{"line":146,"column":16},"end":{"line":146,"column":33}}],"line":137}},"s":{"0":1,"1":35,"2":35,"3":35,"4":35,"5":7,"6":4,"7":4,"8":4,"9":0,"10":0,"11":35,"12":9,"13":9,"14":1,"15":8,"16":1,"17":9,"18":9,"19":35,"20":9,"21":9,"22":7,"23":35,"24":8,"25":8,"26":0,"27":0,"28":35,"29":3,"30":32},"f":{"0":35,"1":7,"2":4,"3":0,"4":9,"5":9,"6":8,"7":0},"b":{"0":[0,0],"1":[1,8],"2":[1,7],"3":[7,2],"4":[0,8],"5":[3,32],"6":[2,30],"7":[32,2],"8":[11,21]},"_coverageSchema":"1a1c01bbd47fc00a2c39e90264f33305004495a9","hash":"4c1998947ab7aa9d7df7a3faebaafbca124871fd"}
,"/home/ubuntu/vicky/I2I projects/Inventory management/frontend/src/pages/Inventory.tsx": {"path":"/home/ubuntu/vicky/I2I projects/Inventory management/frontend/src/pages/Inventory.tsx","statementMap":{"0":{"start":{"line":8,"column":32},"end":{"line":526,"column":1}},"1":{"start":{"line":9,"column":40},"end":{"line":9,"column":55}},"2":{"start":{"line":10,"column":60},"end":{"line":10,"column":75}},"3":{"start":{"line":11,"column":56},"end":{"line":11,"column":71}},"4":{"start":{"line":12,"column":50},"end":{"line":12,"column":86}},"5":{"start":{"line":13,"column":52},"end":{"line":13,"column":88}},"6":{"start":{"line":14,"column":50},"end":{"line":14,"column":70}},"7":{"start":{"line":15,"column":54},"end":{"line":15,"column":73}},"8":{"start":{"line":16,"column":48},"end":{"line":16,"column":68}},"9":{"start":{"line":17,"column":42},"end":{"line":23,"column":4}},"10":{"start":{"line":24,"column":22},"end":{"line":24,"column":38}},"11":{"start":{"line":26,"column":52},"end":{"line":31,"column":3}},"12":{"start":{"line":28,"column":10},"end":{"line":30,"column":6}},"13":{"start":{"line":33,"column":33},"end":{"line":36,"column":3}},"14":{"start":{"line":35,"column":10},"end":{"line":35,"column":43}},"15":{"start":{"line":38,"column":34},"end":{"line":41,"column":3}},"16":{"start":{"line":40,"column":10},"end":{"line":40,"column":64}},"17":{"start":{"line":43,"column":25},"end":{"line":55,"column":3}},"18":{"start":{"line":44,"column":31},"end":{"line":44,"column":77}},"19":{"start":{"line":47,"column":8},"end":{"line":47,"column":51}},"20":{"start":{"line":48,"column":8},"end":{"line":48,"column":30}},"21":{"start":{"line":49,"column":8},"end":{"line":49,"column":62}},"22":{"start":{"line":52,"column":8},"end":{"line":52,"column":87}},"23":{"start":{"line":57,"column":25},"end":{"line":71,"column":3}},"24":{"start":{"line":59,"column":6},"end":{"line":59,"column":56}},"25":{"start":{"line":62,"column":8},"end":{"line":62,"column":51}},"26":{"start":{"line":63,"column":8},"end":{"line":63,"column":30}},"27":{"start":{"line":64,"column":8},"end":{"line":64,"column":34}},"28":{"start":{"line":65,"column":8},"end":{"line":65,"column":62}},"29":{"start":{"line":68,"column":8},"end":{"line":68,"column":87}},"30":{"start":{"line":73,"column":25},"end":{"line":84,"column":3}},"31":{"start":{"line":74,"column":20},"end":{"line":74,"column":64}},"32":{"start":{"line":77,"column":8},"end":{"line":77,"column":51}},"33":{"start":{"line":78,"column":8},"end":{"line":78,"column":62}},"34":{"start":{"line":81,"column":8},"end":{"line":81,"column":87}},"35":{"start":{"line":86,"column":30},"end":{"line":102,"column":3}},"36":{"start":{"line":88,"column":6},"end":{"line":88,"column":74}},"37":{"start":{"line":91,"column":8},"end":{"line":91,"column":51}},"38":{"start":{"line":92,"column":8},"end":{"line":92,"column":40}},"39":{"start":{"line":93,"column":8},"end":{"line":93,"column":35}},"40":{"start":{"line":94,"column":8},"end":{"line":94,"column":33}},"41":{"start":{"line":95,"column":8},"end":{"line":95,"column":31}},"42":{"start":{"line":96,"column":8},"end":{"line":96,"column":54}},"43":{"start":{"line":99,"column":8},"end":{"line":99,"column":78}},"44":{"start":{"line":104,"column":33},"end":{"line":125,"column":3}},"45":{"start":{"line":106,"column":6},"end":{"line":106,"column":73}},"46":{"start":{"line":109,"column":8},"end":{"line":109,"column":51}},"47":{"start":{"line":110,"column":8},"end":{"line":110,"column":38}},"48":{"start":{"line":111,"column":8},"end":{"line":111,"column":35}},"49":{"start":{"line":112,"column":8},"end":{"line":118,"column":11}},"50":{"start":{"line":119,"column":8},"end":{"line":119,"column":63}},"51":{"start":{"line":122,"column":8},"end":{"line":122,"column":87}},"52":{"start":{"line":127,"column":23},"end":{"line":133,"column":3}},"53":{"start":{"line":128,"column":4},"end":{"line":132,"column":5}},"54":{"start":{"line":129,"column":6},"end":{"line":129,"column":73}},"55":{"start":{"line":131,"column":6},"end":{"line":131,"column":38}},"56":{"start":{"line":135,"column":21},"end":{"line":138,"column":3}},"57":{"start":{"line":136,"column":4},"end":{"line":136,"column":35}},"58":{"start":{"line":137,"column":4},"end":{"line":137,"column":25}},"59":{"start":{"line":140,"column":23},"end":{"line":144,"column":3}},"60":{"start":{"line":141,"column":4},"end":{"line":143,"column":5}},"61":{"start":{"line":142,"column":6},"end":{"line":142,"column":32}},"62":{"start":{"line":146,"column":28},"end":{"line":149,"column":3}},"63":{"start":{"line":147,"column":4},"end":{"line":147,"column":36}},"64":{"start":{"line":148,"column":4},"end":{"line":148,"column":35}},"65":{"start":{"line":151,"column":25},"end":{"line":154,"column":3}},"66":{"start":{"line":152,"column":4},"end":{"line":152,"column":36}},"67":{"start":{"line":153,"column":4},"end":{"line":153,"column":33}},"68":{"start":{"line":156,"column":33},"end":{"line":168,"column":3}},"69":{"start":{"line":157,"column":4},"end":{"line":157,"column":23}},"70":{"start":{"line":158,"column":4},"end":{"line":161,"column":5}},"71":{"start":{"line":159,"column":6},"end":{"line":159,"column":51}},"72":{"start":{"line":160,"column":6},"end":{"line":160,"column":13}},"73":{"start":{"line":163,"column":4},"end":{"line":167,"column":7}},"74":{"start":{"line":170,"column":31},"end":{"line":189,"column":3}},"75":{"start":{"line":171,"column":4},"end":{"line":171,"column":23}},"76":{"start":{"line":172,"column":4},"end":{"line":175,"column":5}},"77":{"start":{"line":173,"column":6},"end":{"line":173,"column":51}},"78":{"start":{"line":174,"column":6},"end":{"line":174,"column":13}},"79":{"start":{"line":177,"column":28},"end":{"line":183,"column":5}},"80":{"start":{"line":185,"column":4},"end":{"line":188,"column":7}},"81":{"start":{"line":191,"column":25},"end":{"line":195,"column":3}},"82":{"start":{"line":192,"column":4},"end":{"line":192,"column":81}},"83":{"start":{"line":192,"column":24},"end":{"line":192,"column":81}},"84":{"start":{"line":193,"column":4},"end":{"line":193,"column":87}},"85":{"start":{"line":193,"column":30},"end":{"line":193,"column":87}},"86":{"start":{"line":194,"column":4},"end":{"line":194,"column":59}},"87":{"start":{"line":197,"column":2},"end":{"line":197,"column":75}},"88":{"start":{"line":197,"column":17},"end":{"line":197,"column":75}},"89":{"start":{"line":198,"column":2},"end":{"line":198,"column":97}},"90":{"start":{"line":198,"column":13},"end":{"line":198,"column":97}},"91":{"start":{"line":200,"column":20},"end":{"line":200,"column":45}},"92":{"start":{"line":201,"column":19},"end":{"line":201,"column":43}},"93":{"start":{"line":202,"column":20},"end":{"line":202,"column":45}},"94":{"start":{"line":204,"column":2},"end":{"line":525,"column":4}},"95":{"start":{"line":209,"column":25},"end":{"line":209,"column":45}},"96":{"start":{"line":224,"column":31},"end":{"line":224,"column":66}},"97":{"start":{"line":229,"column":16},"end":{"line":231,"column":25}},"98":{"start":{"line":268,"column":30},"end":{"line":268,"column":74}},"99":{"start":{"line":268,"column":49},"end":{"line":268,"column":73}},"100":{"start":{"line":269,"column":31},"end":{"line":269,"column":77}},"101":{"start":{"line":269,"column":51},"end":{"line":269,"column":76}},"102":{"start":{"line":270,"column":34},"end":{"line":270,"column":94}},"103":{"start":{"line":272,"column":14},"end":{"line":334,"column":16}},"104":{"start":{"line":306,"column":39},"end":{"line":306,"column":62}},"105":{"start":{"line":313,"column":39},"end":{"line":313,"column":59}},"106":{"start":{"line":320,"column":39},"end":{"line":320,"column":55}},"107":{"start":{"line":326,"column":39},"end":{"line":326,"column":60}},"108":{"start":{"line":348,"column":12},"end":{"line":348,"column":34}},"109":{"start":{"line":349,"column":12},"end":{"line":349,"column":38}},"110":{"start":{"line":362,"column":57},"end":{"line":362,"column":94}},"111":{"start":{"line":372,"column":37},"end":{"line":372,"column":89}},"112":{"start":{"line":387,"column":37},"end":{"line":387,"column":71}},"113":{"start":{"line":396,"column":35},"end":{"line":396,"column":66}},"114":{"start":{"line":422,"column":60},"end":{"line":422,"column":97}},"115":{"start":{"line":431,"column":37},"end":{"line":431,"column":103}},"116":{"start":{"line":447,"column":37},"end":{"line":447,"column":114}},"117":{"start":{"line":461,"column":41},"end":{"line":461,"column":109}},"118":{"start":{"line":466,"column":26},"end":{"line":468,"column":35}},"119":{"start":{"line":478,"column":41},"end":{"line":478,"column":107}},"120":{"start":{"line":483,"column":26},"end":{"line":485,"column":35}},"121":{"start":{"line":497,"column":37},"end":{"line":497,"column":96}},"122":{"start":{"line":506,"column":35},"end":{"line":506,"column":64}},"123":{"start":{"line":538,"column":54},"end":{"line":661,"column":1}},"124":{"start":{"line":546,"column":34},"end":{"line":553,"column":4}},"125":{"start":{"line":555,"column":23},"end":{"line":558,"column":3}},"126":{"start":{"line":556,"column":4},"end":{"line":556,"column":23}},"127":{"start":{"line":557,"column":4},"end":{"line":557,"column":23}},"128":{"start":{"line":560,"column":2},"end":{"line":660,"column":4}},"129":{"start":{"line":573,"column":33},"end":{"line":573,"column":99}},"130":{"start":{"line":578,"column":18},"end":{"line":580,"column":27}},"131":{"start":{"line":589,"column":33},"end":{"line":589,"column":100}},"132":{"start":{"line":594,"column":18},"end":{"line":596,"column":27}},"133":{"start":{"line":607,"column":35},"end":{"line":607,"column":99}},"134":{"start":{"line":616,"column":35},"end":{"line":616,"column":108}},"135":{"start":{"line":627,"column":33},"end":{"line":627,"column":100}},"136":{"start":{"line":635,"column":33},"end":{"line":635,"column":84}}},"fnMap":{"0":{"name":"(anonymous_0)","decl":{"start":{"line":8,"column":32},"end":{"line":8,"column":33}},"loc":{"start":{"line":8,"column":38},"end":{"line":526,"column":1}},"line":8},"1":{"name":"(anonymous_1)","decl":{"start":{"line":28,"column":4},"end":{"line":28,"column":5}},"loc":{"start":{"line":28,"column":10},"end":{"line":30,"column":6}},"line":28},"2":{"name":"(anonymous_2)","decl":{"start":{"line":35,"column":4},"end":{"line":35,"column":5}},"loc":{"start":{"line":35,"column":10},"end":{"line":35,"column":43}},"line":35},"3":{"name":"(anonymous_3)","decl":{"start":{"line":40,"column":4},"end":{"line":40,"column":5}},"loc":{"start":{"line":40,"column":10},"end":{"line":40,"column":64}},"line":40},"4":{"name":"(anonymous_4)","decl":{"start":{"line":44,"column":4},"end":{"line":44,"column":5}},"loc":{"start":{"line":44,"column":31},"end":{"line":44,"column":77}},"line":44},"5":{"name":"(anonymous_5)","decl":{"start":{"line":46,"column":17},"end":{"line":46,"column":18}},"loc":{"start":{"line":46,"column":23},"end":{"line":50,"column":7}},"line":46},"6":{"name":"(anonymous_6)","decl":{"start":{"line":51,"column":15},"end":{"line":51,"column":16}},"loc":{"start":{"line":51,"column":31},"end":{"line":53,"column":7}},"line":51},"7":{"name":"(anonymous_7)","decl":{"start":{"line":58,"column":4},"end":{"line":58,"column":5}},"loc":{"start":{"line":59,"column":6},"end":{"line":59,"column":56}},"line":59},"8":{"name":"(anonymous_8)","decl":{"start":{"line":61,"column":17},"end":{"line":61,"column":18}},"loc":{"start":{"line":61,"column":23},"end":{"line":66,"column":7}},"line":61},"9":{"name":"(anonymous_9)","decl":{"start":{"line":67,"column":15},"end":{"line":67,"column":16}},"loc":{"start":{"line":67,"column":31},"end":{"line":69,"column":7}},"line":67},"10":{"name":"(anonymous_10)","decl":{"start":{"line":74,"column":4},"end":{"line":74,"column":5}},"loc":{"start":{"line":74,"column":20},"end":{"line":74,"column":64}},"line":74},"11":{"name":"(anonymous_11)","decl":{"start":{"line":76,"column":17},"end":{"line":76,"column":18}},"loc":{"start":{"line":76,"column":23},"end":{"line":79,"column":7}},"line":76},"12":{"name":"(anonymous_12)","decl":{"start":{"line":80,"column":15},"end":{"line":80,"column":16}},"loc":{"start":{"line":80,"column":31},"end":{"line":82,"column":7}},"line":80},"13":{"name":"(anonymous_13)","decl":{"start":{"line":87,"column":4},"end":{"line":87,"column":5}},"loc":{"start":{"line":88,"column":6},"end":{"line":88,"column":74}},"line":88},"14":{"name":"(anonymous_14)","decl":{"start":{"line":90,"column":17},"end":{"line":90,"column":18}},"loc":{"start":{"line":90,"column":23},"end":{"line":97,"column":7}},"line":90},"15":{"name":"(anonymous_15)","decl":{"start":{"line":98,"column":15},"end":{"line":98,"column":16}},"loc":{"start":{"line":98,"column":31},"end":{"line":100,"column":7}},"line":98},"16":{"name":"(anonymous_16)","decl":{"start":{"line":105,"column":4},"end":{"line":105,"column":5}},"loc":{"start":{"line":106,"column":6},"end":{"line":106,"column":73}},"line":106},"17":{"name":"(anonymous_17)","decl":{"start":{"line":108,"column":17},"end":{"line":108,"column":18}},"loc":{"start":{"line":108,"column":23},"end":{"line":120,"column":7}},"line":108},"18":{"name":"(anonymous_18)","decl":{"start":{"line":121,"column":15},"end":{"line":121,"column":16}},"loc":{"start":{"line":121,"column":31},"end":{"line":123,"column":7}},"line":121},"19":{"name":"(anonymous_19)","decl":{"start":{"line":127,"column":23},"end":{"line":127,"column":24}},"loc":{"start":{"line":127,"column":54},"end":{"line":133,"column":3}},"line":127},"20":{"name":"(anonymous_20)","decl":{"start":{"line":135,"column":21},"end":{"line":135,"column":22}},"loc":{"start":{"line":135,"column":51},"end":{"line":138,"column":3}},"line":135},"21":{"name":"(anonymous_21)","decl":{"start":{"line":140,"column":23},"end":{"line":140,"column":24}},"loc":{"start":{"line":140,"column":39},"end":{"line":144,"column":3}},"line":140},"22":{"name":"(anonymous_22)","decl":{"start":{"line":146,"column":28},"end":{"line":146,"column":29}},"loc":{"start":{"line":146,"column":58},"end":{"line":149,"column":3}},"line":146},"23":{"name":"(anonymous_23)","decl":{"start":{"line":151,"column":25},"end":{"line":151,"column":26}},"loc":{"start":{"line":151,"column":55},"end":{"line":154,"column":3}},"line":151},"24":{"name":"(anonymous_24)","decl":{"start":{"line":156,"column":33},"end":{"line":156,"column":34}},"loc":{"start":{"line":156,"column":57},"end":{"line":168,"column":3}},"line":156},"25":{"name":"(anonymous_25)","decl":{"start":{"line":170,"column":31},"end":{"line":170,"column":32}},"loc":{"start":{"line":170,"column":55},"end":{"line":189,"column":3}},"line":170},"26":{"name":"(anonymous_26)","decl":{"start":{"line":191,"column":25},"end":{"line":191,"column":26}},"loc":{"start":{"line":191,"column":65},"end":{"line":195,"column":3}},"line":191},"27":{"name":"(anonymous_27)","decl":{"start":{"line":209,"column":19},"end":{"line":209,"column":20}},"loc":{"start":{"line":209,"column":25},"end":{"line":209,"column":45}},"line":209},"28":{"name":"(anonymous_28)","decl":{"start":{"line":224,"column":24},"end":{"line":224,"column":25}},"loc":{"start":{"line":224,"column":31},"end":{"line":224,"column":66}},"line":224},"29":{"name":"(anonymous_29)","decl":{"start":{"line":228,"column":29},"end":{"line":228,"column":30}},"loc":{"start":{"line":229,"column":16},"end":{"line":231,"column":25}},"line":229},"30":{"name":"(anonymous_30)","decl":{"start":{"line":267,"column":27},"end":{"line":267,"column":28}},"loc":{"start":{"line":267,"column":37},"end":{"line":335,"column":13}},"line":267},"31":{"name":"(anonymous_31)","decl":{"start":{"line":268,"column":44},"end":{"line":268,"column":45}},"loc":{"start":{"line":268,"column":49},"end":{"line":268,"column":73}},"line":268},"32":{"name":"(anonymous_32)","decl":{"start":{"line":269,"column":46},"end":{"line":269,"column":47}},"loc":{"start":{"line":269,"column":51},"end":{"line":269,"column":76}},"line":269},"33":{"name":"(anonymous_33)","decl":{"start":{"line":306,"column":33},"end":{"line":306,"column":34}},"loc":{"start":{"line":306,"column":39},"end":{"line":306,"column":62}},"line":306},"34":{"name":"(anonymous_34)","decl":{"start":{"line":313,"column":33},"end":{"line":313,"column":34}},"loc":{"start":{"line":313,"column":39},"end":{"line":313,"column":59}},"line":313},"35":{"name":"(anonymous_35)","decl":{"start":{"line":320,"column":33},"end":{"line":320,"column":34}},"loc":{"start":{"line":320,"column":39},"end":{"line":320,"column":55}},"line":320},"36":{"name":"(anonymous_36)","decl":{"start":{"line":326,"column":33},"end":{"line":326,"column":34}},"loc":{"start":{"line":326,"column":39},"end":{"line":326,"column":60}},"line":326},"37":{"name":"(anonymous_37)","decl":{"start":{"line":347,"column":19},"end":{"line":347,"column":20}},"loc":{"start":{"line":347,"column":25},"end":{"line":350,"column":11}},"line":347},"38":{"name":"(anonymous_38)","decl":{"start":{"line":362,"column":52},"end":{"line":362,"column":53}},"loc":{"start":{"line":362,"column":57},"end":{"line":362,"column":94}},"line":362},"39":{"name":"(anonymous_39)","decl":{"start":{"line":372,"column":30},"end":{"line":372,"column":31}},"loc":{"start":{"line":372,"column":37},"end":{"line":372,"column":89}},"line":372},"40":{"name":"(anonymous_40)","decl":{"start":{"line":387,"column":30},"end":{"line":387,"column":31}},"loc":{"start":{"line":387,"column":37},"end":{"line":387,"column":71}},"line":387},"41":{"name":"(anonymous_41)","decl":{"start":{"line":396,"column":29},"end":{"line":396,"column":30}},"loc":{"start":{"line":396,"column":35},"end":{"line":396,"column":66}},"line":396},"42":{"name":"(anonymous_42)","decl":{"start":{"line":422,"column":55},"end":{"line":422,"column":56}},"loc":{"start":{"line":422,"column":60},"end":{"line":422,"column":97}},"line":422},"43":{"name":"(anonymous_43)","decl":{"start":{"line":431,"column":30},"end":{"line":431,"column":31}},"loc":{"start":{"line":431,"column":37},"end":{"line":431,"column":103}},"line":431},"44":{"name":"(anonymous_44)","decl":{"start":{"line":447,"column":30},"end":{"line":447,"column":31}},"loc":{"start":{"line":447,"column":37},"end":{"line":447,"column":114}},"line":447},"45":{"name":"(anonymous_45)","decl":{"start":{"line":461,"column":34},"end":{"line":461,"column":35}},"loc":{"start":{"line":461,"column":41},"end":{"line":461,"column":109}},"line":461},"46":{"name":"(anonymous_46)","decl":{"start":{"line":465,"column":39},"end":{"line":465,"column":40}},"loc":{"start":{"line":466,"column":26},"end":{"line":468,"column":35}},"line":466},"47":{"name":"(anonymous_47)","decl":{"start":{"line":478,"column":34},"end":{"line":478,"column":35}},"loc":{"start":{"line":478,"column":41},"end":{"line":478,"column":107}},"line":478},"48":{"name":"(anonymous_48)","decl":{"start":{"line":482,"column":39},"end":{"line":482,"column":40}},"loc":{"start":{"line":483,"column":26},"end":{"line":485,"column":35}},"line":483},"49":{"name":"(anonymous_49)","decl":{"start":{"line":497,"column":30},"end":{"line":497,"column":31}},"loc":{"start":{"line":497,"column":37},"end":{"line":497,"column":96}},"line":497},"50":{"name":"(anonymous_50)","decl":{"start":{"line":506,"column":29},"end":{"line":506,"column":30}},"loc":{"start":{"line":506,"column":35},"end":{"line":506,"column":64}},"line":506},"51":{"name":"(anonymous_51)","decl":{"start":{"line":538,"column":54},"end":{"line":538,"column":55}},"loc":{"start":{"line":545,"column":6},"end":{"line":661,"column":1}},"line":545},"52":{"name":"(anonymous_52)","decl":{"start":{"line":555,"column":23},"end":{"line":555,"column":24}},"loc":{"start":{"line":555,"column":47},"end":{"line":558,"column":3}},"line":555},"53":{"name":"(anonymous_53)","decl":{"start":{"line":573,"column":26},"end":{"line":573,"column":27}},"loc":{"start":{"line":573,"column":33},"end":{"line":573,"column":99}},"line":573},"54":{"name":"(anonymous_54)","decl":{"start":{"line":577,"column":30},"end":{"line":577,"column":31}},"loc":{"start":{"line":578,"column":18},"end":{"line":580,"column":27}},"line":578},"55":{"name":"(anonymous_55)","decl":{"start":{"line":589,"column":26},"end":{"line":589,"column":27}},"loc":{"start":{"line":589,"column":33},"end":{"line":589,"column":100}},"line":589},"56":{"name":"(anonymous_56)","decl":{"start":{"line":593,"column":31},"end":{"line":593,"column":32}},"loc":{"start":{"line":594,"column":18},"end":{"line":596,"column":27}},"line":594},"57":{"name":"(anonymous_57)","decl":{"start":{"line":607,"column":28},"end":{"line":607,"column":29}},"loc":{"start":{"line":607,"column":35},"end":{"line":607,"column":99}},"line":607},"58":{"name":"(anonymous_58)","decl":{"start":{"line":616,"column":28},"end":{"line":616,"column":29}},"loc":{"start":{"line":616,"column":35},"end":{"line":616,"column":108}},"line":616},"59":{"name":"(anonymous_59)","decl":{"start":{"line":627,"column":26},"end":{"line":627,"column":27}},"loc":{"start":{"line":627,"column":33},"end":{"line":627,"column":100}},"line":627},"60":{"name":"(anonymous_60)","decl":{"start":{"line":635,"column":26},"end":{"line":635,"column":27}},"loc":{"start":{"line":635,"column":33},"end":{"line":635,"column":84}},"line":635}},"branchMap":{"0":{"loc":{"start":{"line":29,"column":19},"end":{"line":29,"column":76}},"type":"cond-expr","locations":[{"start":{"line":29,"column":38},"end":{"line":29,"column":64}},{"start":{"line":29,"column":67},"end":{"line":29,"column":76}}],"line":29},"1":{"loc":{"start":{"line":52,"column":20},"end":{"line":52,"column":85}},"type":"binary-expr","locations":[{"start":{"line":52,"column":20},"end":{"line":52,"column":48}},{"start":{"line":52,"column":52},"end":{"line":52,"column":85}}],"line":52},"2":{"loc":{"start":{"line":68,"column":20},"end":{"line":68,"column":85}},"type":"binary-expr","locations":[{"start":{"line":68,"column":20},"end":{"line":68,"column":48}},{"start":{"line":68,"column":52},"end":{"line":68,"column":85}}],"line":68},"3":{"loc":{"start":{"line":81,"column":20},"end":{"line":81,"column":85}},"type":"binary-expr","locations":[{"start":{"line":81,"column":20},"end":{"line":81,"column":48}},{"start":{"line":81,"column":52},"end":{"line":81,"column":85}}],"line":81},"4":{"loc":{"start":{"line":99,"column":20},"end":{"line":99,"column":76}},"type":"binary-expr","locations":[{"start":{"line":99,"column":20},"end":{"line":99,"column":48}},{"start":{"line":99,"column":52},"end":{"line":99,"column":76}}],"line":99},"5":{"loc":{"start":{"line":122,"column":20},"end":{"line":122,"column":85}},"type":"binary-expr","locations":[{"start":{"line":122,"column":20},"end":{"line":122,"column":48}},{"start":{"line":122,"column":52},"end":{"line":122,"column":85}}],"line":122},"6":{"loc":{"start":{"line":128,"column":4},"end":{"line":132,"column":5}},"type":"if","locations":[{"start":{"line":128,"column":4},"end":{"line":132,"column":5}},{"start":{"line":130,"column":11},"end":{"line":132,"column":5}}],"line":128},"7":{"loc":{"start":{"line":141,"column":4},"end":{"line":143,"column":5}},"type":"if","locations":[{"start":{"line":141,"column":4},"end":{"line":143,"column":5}},{"start":{},"end":{}}],"line":141},"8":{"loc":{"start":{"line":158,"column":4},"end":{"line":161,"column":5}},"type":"if","locations":[{"start":{"line":158,"column":4},"end":{"line":161,"column":5}},{"start":{},"end":{}}],"line":158},"9":{"loc":{"start":{"line":158,"column":8},"end":{"line":158,"column":54}},"type":"binary-expr","locations":[{"start":{"line":158,"column":8},"end":{"line":158,"column":26}},{"start":{"line":158,"column":30},"end":{"line":158,"column":54}}],"line":158},"10":{"loc":{"start":{"line":172,"column":4},"end":{"line":175,"column":5}},"type":"if","locations":[{"start":{"line":172,"column":4},"end":{"line":175,"column":5}},{"start":{},"end":{}}],"line":172},"11":{"loc":{"start":{"line":172,"column":8},"end":{"line":172,"column":56}},"type":"binary-expr","locations":[{"start":{"line":172,"column":8},"end":{"line":172,"column":26}},{"start":{"line":172,"column":30},"end":{"line":172,"column":56}}],"line":172},"12":{"loc":{"start":{"line":181,"column":24},"end":{"line":181,"column":103}},"type":"cond-expr","locations":[{"start":{"line":181,"column":54},"end":{"line":181,"column":91}},{"start":{"line":181,"column":94},"end":{"line":181,"column":103}}],"line":181},"13":{"loc":{"start":{"line":182,"column":22},"end":{"line":182,"column":97}},"type":"cond-expr","locations":[{"start":{"line":182,"column":50},"end":{"line":182,"column":85}},{"start":{"line":182,"column":88},"end":{"line":182,"column":97}}],"line":182},"14":{"loc":{"start":{"line":192,"column":4},"end":{"line":192,"column":81}},"type":"if","locations":[{"start":{"line":192,"column":4},"end":{"line":192,"column":81}},{"start":{},"end":{}}],"line":192},"15":{"loc":{"start":{"line":193,"column":4},"end":{"line":193,"column":87}},"type":"if","locations":[{"start":{"line":193,"column":4},"end":{"line":193,"column":87}},{"start":{},"end":{}}],"line":193},"16":{"loc":{"start":{"line":197,"column":2},"end":{"line":197,"column":75}},"type":"if","locations":[{"start":{"line":197,"column":2},"end":{"line":197,"column":75}},{"start":{},"end":{}}],"line":197},"17":{"loc":{"start":{"line":198,"column":2},"end":{"line":198,"column":97}},"type":"if","locations":[{"start":{"line":198,"column":2},"end":{"line":198,"column":97}},{"start":{},"end":{}}],"line":198},"18":{"loc":{"start":{"line":200,"column":20},"end":{"line":200,"column":45}},"type":"binary-expr","locations":[{"start":{"line":200,"column":20},"end":{"line":200,"column":39}},{"start":{"line":200,"column":43},"end":{"line":200,"column":45}}],"line":200},"19":{"loc":{"start":{"line":201,"column":19},"end":{"line":201,"column":43}},"type":"binary-expr","locations":[{"start":{"line":201,"column":19},"end":{"line":201,"column":37}},{"start":{"line":201,"column":41},"end":{"line":201,"column":43}}],"line":201},"20":{"loc":{"start":{"line":202,"column":20},"end":{"line":202,"column":45}},"type":"binary-expr","locations":[{"start":{"line":202,"column":20},"end":{"line":202,"column":39}},{"start":{"line":202,"column":43},"end":{"line":202,"column":45}}],"line":202},"21":{"loc":{"start":{"line":270,"column":64},"end":{"line":270,"column":93}},"type":"binary-expr","locations":[{"start":{"line":270,"column":64},"end":{"line":270,"column":88}},{"start":{"line":270,"column":92},"end":{"line":270,"column":93}}],"line":270},"22":{"loc":{"start":{"line":275,"column":72},"end":{"line":275,"column":106}},"type":"binary-expr","locations":[{"start":{"line":275,"column":72},"end":{"line":275,"column":85}},{"start":{"line":275,"column":89},"end":{"line":275,"column":106}}],"line":275},"23":{"loc":{"start":{"line":276,"column":60},"end":{"line":276,"column":84}},"type":"binary-expr","locations":[{"start":{"line":276,"column":60},"end":{"line":276,"column":72}},{"start":{"line":276,"column":76},"end":{"line":276,"column":84}}],"line":276},"24":{"loc":{"start":{"line":281,"column":63},"end":{"line":281,"column":99}},"type":"binary-expr","locations":[{"start":{"line":281,"column":63},"end":{"line":281,"column":77}},{"start":{"line":281,"column":81},"end":{"line":281,"column":99}}],"line":281},"25":{"loc":{"start":{"line":286,"column":21},"end":{"line":288,"column":21}},"type":"binary-expr","locations":[{"start":{"line":286,"column":21},"end":{"line":286,"column":47}},{"start":{"line":287,"column":22},"end":{"line":287,"column":101}}],"line":286},"26":{"loc":{"start":{"line":300,"column":23},"end":{"line":300,"column":79}},"type":"cond-expr","locations":[{"start":{"line":300,"column":40},"end":{"line":300,"column":71}},{"start":{"line":300,"column":74},"end":{"line":300,"column":79}}],"line":300},"27":{"loc":{"start":{"line":341,"column":7},"end":{"line":353,"column":7}},"type":"binary-expr","locations":[{"start":{"line":341,"column":7},"end":{"line":341,"column":18}},{"start":{"line":342,"column":8},"end":{"line":352,"column":10}}],"line":341},"28":{"loc":{"start":{"line":351,"column":21},"end":{"line":351,"column":73}},"type":"binary-expr","locations":[{"start":{"line":351,"column":21},"end":{"line":351,"column":45}},{"start":{"line":351,"column":49},"end":{"line":351,"column":73}}],"line":351},"29":{"loc":{"start":{"line":356,"column":7},"end":{"line":413,"column":7}},"type":"binary-expr","locations":[{"start":{"line":356,"column":7},"end":{"line":356,"column":28}},{"start":{"line":356,"column":32},"end":{"line":356,"column":49}},{"start":{"line":357,"column":8},"end":{"line":412,"column":14}}],"line":356},"30":{"loc":{"start":{"line":372,"column":59},"end":{"line":372,"column":88}},"type":"binary-expr","locations":[{"start":{"line":372,"column":59},"end":{"line":372,"column":83}},{"start":{"line":372,"column":87},"end":{"line":372,"column":88}}],"line":372},"31":{"loc":{"start":{"line":406,"column":21},"end":{"line":406,"column":84}},"type":"cond-expr","locations":[{"start":{"line":406,"column":53},"end":{"line":406,"column":67}},{"start":{"line":406,"column":70},"end":{"line":406,"column":84}}],"line":406},"32":{"loc":{"start":{"line":416,"column":7},"end":{"line":523,"column":7}},"type":"binary-expr","locations":[{"start":{"line":416,"column":7},"end":{"line":416,"column":26}},{"start":{"line":416,"column":30},"end":{"line":416,"column":47}},{"start":{"line":417,"column":8},"end":{"line":522,"column":14}}],"line":416},"33":{"loc":{"start":{"line":447,"column":82},"end":{"line":447,"column":111}},"type":"binary-expr","locations":[{"start":{"line":447,"column":82},"end":{"line":447,"column":106}},{"start":{"line":447,"column":110},"end":{"line":447,"column":111}}],"line":447},"34":{"loc":{"start":{"line":453,"column":17},"end":{"line":490,"column":17}},"type":"binary-expr","locations":[{"start":{"line":453,"column":17},"end":{"line":453,"column":57}},{"start":{"line":454,"column":18},"end":{"line":489,"column":21}}],"line":453},"35":{"loc":{"start":{"line":516,"column":21},"end":{"line":516,"column":90}},"type":"cond-expr","locations":[{"start":{"line":516,"column":56},"end":{"line":516,"column":70}},{"start":{"line":516,"column":73},"end":{"line":516,"column":90}}],"line":516},"36":{"loc":{"start":{"line":547,"colum
[...]
"end":{"line":259,"column":27}},"82":{"start":{"line":266,"column":68},"end":{"line":266,"column":122}},"83":{"start":{"line":267,"column":6},"end":{"line":267,"column":27}},"84":{"start":{"line":274,"column":68},"end":{"line":274,"column":125}},"85":{"start":{"line":275,"column":6},"end":{"line":275,"column":27}},"86":{"start":{"line":280,"column":14},"end":{"line":310,"column":3}},"87":{"start":{"line":288,"column":67},"end":{"line":288,"column":112}},"88":{"start":{"line":289,"column":6},"end":{"line":289,"column":27}},"89":{"start":{"line":293,"column":48},"end":{"line":293,"column":86}},"90":{"start":{"line":294,"column":6},"end":{"line":294,"column":27}},"91":{"start":{"line":298,"column":48},"end":{"line":298,"column":96}},"92":{"start":{"line":299,"column":6},"end":{"line":299,"column":27}},"93":{"start":{"line":303,"column":48},"end":{"line":303,"column":100}},"94":{"start":{"line":304,"column":6},"end":{"line":304,"column":27}},"95":{"start":{"line":308,"column":6},"end":{"line":308,"column":48}},"96":{"start":{"line":313,"column":14},"end":{"line":342,"column":3}},"97":{"start":{"line":320,"column":67},"end":{"line":320,"column":112}},"98":{"start":{"line":321,"column":6},"end":{"line":321,"column":27}},"99":{"start":{"line":325,"column":48},"end":{"line":325,"column":86}},"100":{"start":{"line":326,"column":6},"end":{"line":326,"column":27}},"101":{"start":{"line":330,"column":48},"end":{"line":330,"column":96}},"102":{"start":{"line":331,"column":6},"end":{"line":331,"column":27}},"103":{"start":{"line":335,"column":48},"end":{"line":335,"column":100}},"104":{"start":{"line":336,"column":6},"end":{"line":336,"column":27}},"105":{"start":{"line":340,"column":6},"end":{"line":340,"column":48}},"106":{"start":{"line":345,"column":19},"end":{"line":406,"column":3}},"107":{"start":{"line":354,"column":72},"end":{"line":354,"column":123}},"108":{"start":{"line":355,"column":6},"end":{"line":355,"column":27}},"109":{"start":{"line":359,"column":53},"end":{"line":359,"column":97}},"110":{"start":{"line":360,"column":6},"end":{"line":360,"column":27}},"111":{"start":{"line":364,"column":53},"end":{"line":364,"column":101}},"112":{"start":{"line":365,"column":6},"end":{"line":365,"column":27}},"113":{"start":{"line":369,"column":53},"end":{"line":369,"column":105}},"114":{"start":{"line":370,"column":6},"end":{"line":370,"column":27}},"115":{"start":{"line":374,"column":53},"end":{"line":374,"column":116}},"116":{"start":{"line":375,"column":6},"end":{"line":375,"column":27}},"117":{"start":{"line":379,"column":6},"end":{"line":379,"column":59}},"118":{"start":{"line":383,"column":57},"end":{"line":383,"column":120}},"119":{"start":{"line":384,"column":6},"end":{"line":384,"column":27}},"120":{"start":{"line":388,"column":57},"end":{"line":388,"column":129}},"121":{"start":{"line":389,"column":6},"end":{"line":389,"column":27}},"122":{"start":{"line":393,"column":53},"end":{"line":395,"column":8}},"123":{"start":{"line":396,"column":6},"end":{"line":396,"column":27}},"124":{"start":{"line":400,"column":53},"end":{"line":403,"column":8}},"125":{"start":{"line":404,"column":6},"end":{"line":404,"column":27}},"126":{"start":{"line":409,"column":16},"end":{"line":470,"column":3}},"127":{"start":{"line":418,"column":69},"end":{"line":418,"column":124}},"128":{"start":{"line":419,"column":6},"end":{"line":419,"column":27}},"129":{"start":{"line":423,"column":52},"end":{"line":423,"column":101}},"130":{"start":{"line":424,"column":6},"end":{"line":424,"column":27}},"131":{"start":{"line":428,"column":50},"end":{"line":428,"column":105}},"132":{"start":{"line":429,"column":6},"end":{"line":429,"column":27}},"133":{"start":{"line":433,"column":50},"end":{"line":433,"column":109}},"134":{"start":{"line":434,"column":6},"end":{"line":434,"column":27}},"135":{"start":{"line":443,"column":68},"end":{"line":443,"column":122}},"136":{"start":{"line":444,"column":6},"end":{"line":444,"column":27}},"137":{"start":{"line":448,"column":49},"end":{"line":448,"column":102}},"138":{"start":{"line":449,"column":6},"end":{"line":449,"column":27}},"139":{"start":{"line":453,"column":49},"end":{"line":453,"column":106}},"140":{"start":{"line":454,"column":6},"end":{"line":454,"column":27}},"141":{"start":{"line":458,"column":6},"end":{"line":458,"column":57}},"142":{"start":{"line":462,"column":59},"end":{"line":462,"column":108}},"143":{"start":{"line":463,"column":6},"end":{"line":463,"column":27}},"144":{"start":{"line":467,"column":59},"end":{"line":467,"column":114}},"145":{"start":{"line":468,"column":6},"end":{"line":468,"column":27}},"146":{"start":{"line":473,"column":26},"end":{"line":473,"column":42}}},"fnMap":{"0":{"name":"(anonymous_0)","decl":{"start":{"line":21,"column":2},"end":{"line":21,"column":3}},"loc":{"start":{"line":21,"column":16},"end":{"line":55,"column":3}},"line":21},"1":{"name":"(anonymous_1)","decl":{"start":{"line":31,"column":6},"end":{"line":31,"column":7}},"loc":{"start":{"line":31,"column":18},"end":{"line":37,"column":7}},"line":31},"2":{"name":"(anonymous_2)","decl":{"start":{"line":38,"column":6},"end":{"line":38,"column":7}},"loc":{"start":{"line":38,"column":17},"end":{"line":40,"column":7}},"line":38},"3":{"name":"(anonymous_3)","decl":{"start":{"line":45,"column":6},"end":{"line":45,"column":7}},"loc":{"start":{"line":45,"column":20},"end":{"line":45,"column":28}},"line":45},"4":{"name":"(anonymous_4)","decl":{"start":{"line":46,"column":6},"end":{"line":46,"column":7}},"loc":{"start":{"line":46,"column":17},"end":{"line":53,"column":7}},"line":46},"5":{"name":"(anonymous_5)","decl":{"start":{"line":59,"column":11},"end":{"line":59,"column":12}},"loc":{"start":{"line":59,"column":75},"end":{"line":71,"column":5}},"line":59},"6":{"name":"(anonymous_6)","decl":{"start":{"line":73,"column":14},"end":{"line":73,"column":15}},"loc":{"start":{"line":73,"column":71},"end":{"line":76,"column":5}},"line":73},"7":{"name":"(anonymous_7)","decl":{"start":{"line":80,"column":20},"end":{"line":80,"column":21}},"loc":{"start":{"line":80,"column":59},"end":{"line":83,"column":5}},"line":80},"8":{"name":"(anonymous_8)","decl":{"start":{"line":85,"column":19},"end":{"line":85,"column":20}},"loc":{"start":{"line":85,"column":90},"end":{"line":92,"column":5}},"line":85},"9":{"name":"(anonymous_9)","decl":{"start":{"line":94,"column":12},"end":{"line":94,"column":13}},"loc":{"start":{"line":94,"column":18},"end":{"line":98,"column":5}},"line":94},"10":{"name":"(anonymous_10)","decl":{"start":{"line":103,"column":20},"end":{"line":103,"column":21}},"loc":{"start":{"line":103,"column":62},"end":{"line":106,"column":5}},"line":103},"11":{"name":"(anonymous_11)","decl":{"start":{"line":108,"column":14},"end":{"line":108,"column":15}},"loc":{"start":{"line":111,"column":59},"end":{"line":114,"column":5}},"line":111},"12":{"name":"(anonymous_12)","decl":{"start":{"line":116,"column":13},"end":{"line":116,"column":14}},"loc":{"start":{"line":116,"column":65},"end":{"line":119,"column":5}},"line":116},"13":{"name":"(anonymous_13)","decl":{"start":{"line":121,"column":16},"end":{"line":121,"column":17}},"loc":{"start":{"line":121,"column":78},"end":{"line":124,"column":5}},"line":121},"14":{"name":"(anonymous_14)","decl":{"start":{"line":126,"column":16},"end":{"line":126,"column":17}},"loc":{"start":{"line":126,"column":90},"end":{"line":129,"column":5}},"line":126},"15":{"name":"(anonymous_15)","decl":{"start":{"line":131,"column":16},"end":{"line":131,"column":17}},"loc":{"start":{"line":131,"column":53},"end":{"line":133,"column":5}},"line":131},"16":{"name":"(anonymous_16)","decl":{"start":{"line":135,"column":23},"end":{"line":135,"column":24}},"loc":{"start":{"line":135,"column":54},"end":{"line":138,"column":5}},"line":135},"17":{"name":"(anonymous_17)","decl":{"start":{"line":140,"column":20},"end":{"line":140,"column":21}},"loc":{"start":{"line":140,"column":103},"end":{"line":142,"column":5}},"line":140},"18":{"name":"(anonymous_18)","decl":{"start":{"line":147,"column":17},"end":{"line":147,"column":18}},"loc":{"start":{"line":154,"column":47},"end":{"line":157,"column":5}},"line":154},"19":{"name":"(anonymous_19)","decl":{"start":{"line":159,"column":16},"end":{"line":159,"column":17}},"loc":{"start":{"line":159,"column":56},"end":{"line":162,"column":5}},"line":159},"20":{"name":"(anonymous_20)","decl":{"start":{"line":164,"column":19},"end":{"line":164,"column":20}},"loc":{"start":{"line":164,"column":75},"end":{"line":167,"column":5}},"line":164},"21":{"name":"(anonymous_21)","decl":{"start":{"line":169,"column":19},"end":{"line":169,"column":20}},"loc":{"start":{"line":169,"column":87},"end":{"line":172,"column":5}},"line":169},"22":{"name":"(anonymous_22)","decl":{"start":{"line":174,"column":19},"end":{"line":174,"column":20}},"loc":{"start":{"line":174,"column":56},"end":{"line":176,"column":5}},"line":174},"23":{"name":"(anonymous_23)","decl":{"start":{"line":181,"column":19},"end":{"line":181,"column":20}},"loc":{"start":{"line":185,"column":48},"end":{"line":188,"column":5}},"line":185},"24":{"name":"(anonymous_24)","decl":{"start":{"line":190,"column":17},"end":{"line":190,"column":18}},"loc":{"start":{"line":190,"column":58},"end":{"line":193,"column":5}},"line":190},"25":{"name":"(anonymous_25)","decl":{"start":{"line":195,"column":20},"end":{"line":195,"column":21}},"loc":{"start":{"line":195,"column":79},"end":{"line":198,"column":5}},"line":195},"26":{"name":"(anonymous_26)","decl":{"start":{"line":200,"column":20},"end":{"line":200,"column":21}},"loc":{"start":{"line":200,"column":91},"end":{"line":203,"column":5}},"line":200},"27":{"name":"(anonymous_27)","decl":{"start":{"line":205,"column":20},"end":{"line":205,"column":21}},"loc":{"start":{"line":205,"column":57},"end":{"line":207,"column":5}},"line":205},"28":{"name":"(anonymous_28)","decl":{"start":{"line":212,"column":18},"end":{"line":212,"column":19}},"loc":{"start":{"line":217,"column":49},"end":{"line":220,"column":5}},"line":217},"29":{"name":"(anonymous_29)","decl":{"start":{"line":222,"column":22},"end":{"line":222,"column":23}},"loc":{"start":{"line":222,"column":64},"end":{"line":225,"column":5}},"line":222},"30":{"name":"(anonymous_30)","decl":{"start":{"line":227,"column":25},"end":{"line":227,"column":26}},"loc":{"start":{"line":227,"column":87},"end":{"line":230,"column":5}},"line":227},"31":{"name":"(anonymous_31)","decl":{"start":{"line":232,"column":25},"end":{"line":232,"column":26}},"loc":{"start":{"line":232,"column":99},"end":{"line":235,"column":5}},"line":232},"32":{"name":"(anonymous_32)","decl":{"start":{"line":237,"column":25},"end":{"line":237,"column":26}},"loc":{"start":{"line":237,"column":62},"end":{"line":239,"column":5}},"line":237},"33":{"name":"(anonymous_33)","decl":{"start":{"line":241,"column":17},"end":{"line":241,"column":18}},"loc":{"start":{"line":241,"column":102},"end":{"line":247,"column":5}},"line":241},"34":{"name":"(anonymous_34)","decl":{"start":{"line":249,"column":25},"end":{"line":249,"column":26}},"loc":{"start":{"line":249,"column":89},"end":{"line":252,"column":5}},"line":249},"35":{"name":"(anonymous_35)","decl":{"start":{"line":254,"column":23},"end":{"line":254,"column":24}},"loc":{"start":{"line":257,"column":24},"end":{"line":260,"column":5}},"line":257},"36":{"name":"(anonymous_36)","decl":{"start":{"line":262,"column":22},"end":{"line":262,"column":23}},"loc":{"start":{"line":265,"column":49},"end":{"line":268,"column":5}},"line":265},"37":{"name":"(anonymous_37)","decl":{"start":{"line":270,"column":24},"end":{"line":270,"column":25}},"loc":{"start":{"line":273,"column":49},"end":{"line":276,"column":5}},"line":273},"38":{"name":"(anonymous_38)","decl":{"start":{"line":281,"column":18},"end":{"line":281,"column":19}},"loc":{"start":{"line":287,"column":48},"end":{"line":290,"column":5}},"line":287},"39":{"name":"(anonymous_39)","decl":{"start":{"line":292,"column":17},"end":{"line":292,"column":18}},"loc":{"start":{"line":292,"column":58},"end":{"line":295,"column":5}},"line":292},"40":{"name":"(anonymous_40)","decl":{"start":{"line":297,"column":20},"end":{"line":297,"column":21}},"loc":{"start":{"line":297,"column":79},"end":{"line":300,"column":5}},"line":297},"41":{"name":"(anonymous_41)","decl":{"start":{"line":302,"column":20},"end":{"line":302,"column":21}},"loc":{"start":{"line":302,"column":91},"end":{"line":305,"column":5}},"line":302},"42":{"name":"(anonymous_42)","decl":{"start":{"line":307,"column":20},"end":{"line":307,"column":21}},"loc":{"start":{"line":307,"column":57},"end":{"line":309,"column":5}},"line":307},"43":{"name":"(anonymous_43)","decl":{"start":{"line":314,"column":18},"end":{"line":314,"column":19}},"loc":{"start":{"line":319,"column":48},"end":{"line":322,"column":5}},"line":319},"44":{"name":"(anonymous_44)","decl":{"start":{"line":324,"column":17},"end":{"line":324,"column":18}},"loc":{"start":{"line":324,"column":58},"end":{"line":327,"column":5}},"line":324},"45":{"name":"(anonymous_45)","decl":{"start":{"line":329,"column":20},"end":{"line":329,"column":21}},"loc":{"start":{"line":329,"column":79},"end":{"line":332,"column":5}},"line":329},"46":{"name":"(anonymous_46)","decl":{"start":{"line":334,"column":20},"end":{"line":334,"column":21}},"loc":{"start":{"line":334,"column":91},"end":{"line":337,"column":5}},"line":334},"47":{"name":"(anonymous_47)","decl":{"start":{"line":339,"column":20},"end":{"line":339,"column":21}},"loc":{"start":{"line":339,"column":57},"end":{"line":341,"column":5}},"line":339},"48":{"name":"(anonymous_48)","decl":{"start":{"line":346,"column":23},"end":{"line":346,"column":24}},"loc":{"start":{"line":353,"column":53},"end":{"line":356,"column":5}},"line":353},"49":{"name":"(anonymous_49)","decl":{"start":{"line":358,"column":22},"end":{"line":358,"column":23}},"loc":{"start":{"line":358,"column":68},"end":{"line":361,"column":5}},"line":358},"50":{"name":"(anonymous_50)","decl":{"start":{"line":363,"column":25},"end":{"line":363,"column":26}},"loc":{"start":{"line":363,"column":88},"end":{"line":366,"column":5}},"line":363},"51":{"name":"(anonymous_51)","decl":{"start":{"line":368,"column":25},"end":{"line":368,"column":26}},"loc":{"start":{"line":368,"column":100},"end":{"line":371,"column":5}},"line":368},"52":{"name":"(anonymous_52)","decl":{"start":{"line":373,"column":34},"end":{"line":373,"column":35}},"loc":{"start":{"line":373,"column":109},"end":{"line":376,"column":5}},"line":373},"53":{"name":"(anonymous_53)","decl":{"start":{"line":378,"column":25},"end":{"line":378,"column":26}},"loc":{"start":{"line":378,"column":62},"end":{"line":380,"column":5}},"line":378},"54":{"name":"(anonymous_54)","decl":{"start":{"line":382,"column":26},"end":{"line":382,"column":27}},"loc":{"start":{"line":382,"column":113},"end":{"line":385,"column":5}},"line":382},"55":{"name":"(anonymous_55)","decl":{"start":{"line":387,"column":29},"end":{"line":387,"column":30}},"loc":{"start":{"line":387,"column":135},"end":{"line":390,"column":5}},"line":387},"56":{"name":"(anonymous_56)","decl":{"start":{"line":392,"column":31},"end":{"line":392,"column":32}},"loc":{"start":{"line":392,"column":111},"end":{"line":397,"column":5}},"line":392},"57":{"name":"(anonymous_57)","decl":{"start":{"line":399,"column":26},"end":{"line":399,"column":27}},"loc":{"start":{"line":399,"column":116},"end":{"line":405,"column":5}},"line":399},"58":{"name":"(anonymous_58)","decl":{"start":{"line":410,"column":20},"end":{"line":410,"column":21}},"loc":{"start":{"line":417,"column":50},"end":{"line":420,"column":5}},"line":417},"59":{"name":"(anonymous_59)","decl":{"start":{"line":422,"column":21},"end":{"line":422,"column":22}},"loc":{"start":{"line":422,"column":56},"end":{"line":425,"column":5}},"line":422},"60":{"name":"(anonymous_60)","decl":{"start":{"line":427,"column":22},"end":{"line":427,"column":23}},"loc":{"start":{"line":427,"column":82},"end":{"line":430,"column":5}},"line":427},"61":{"name":"(anonymous_61)","decl":{"start":{"line":432,"column":22},"end":{"line":432,"column":23}},"loc":{"start":{"line":432,"column":94},"end":{"line":435,"column":5}},"line":432},"62":{"name":"(anonymous_62)","decl":{"start":{"line":437,"column":19},"end":{"line":437,"column":20}},"loc":{"start":{"line":442,"column":49},"end":{"line":445,"column":5}},"line":442},"63":{"name":"(anonymous_63)","decl":{"start":{"line":447,"column":21},"end":{"line":447,"column":22}},"loc":{"start":{"line":447,"column":78},"end":{"line":450,"column":5}},"line":447},"64":{"name":"(anonymous_64)","decl":{"start":{"line":452,"column":21},"end":{"line":452,"column":22}},"loc":{"start":{"line":452,"column":90},"end":{"line":455,"column":5}},"line":452},"65":{"name":"(anonymous_65)","decl":{"start":{"line":457,"column":21},"end":{"line":457,"column":22}},"loc":{"start":{"line":457,"column":58},"end":{"line":459,"column":5}},"line":457},"66":{"name":"(anonymous_66)","decl":{"start":{"line":461,"column":17},"end":{"line":461,"column":18}},"loc":{"start":{"line":461,"column":59},"end":{"line":464,"column":5}},"line":461},"67":{"name":"(anonymous_67)","decl":{"start":{"line":466,"column":23},"end":{"line":466,"column":24}},"loc":{"start":{"line":466,"column":65},"end":{"line":469,"column":5}},"line":466}},"branchMap":{"0":{"loc":{"start":{"line":15,"column":21},"end":{"line":15,"column":90}},"type":"binary-expr","locations":[{"start":{"line":15,"column":21},"end":{"line":15,"column":63}},{"start":{"line":15,"column":67},"end":{"line":15,"column":90}}],"line":15},"1":{"loc":{"start":{"line":16,"column":20},"end":{"line":16,"column":79}},"type":"binary-expr","locations":[{"start":{"line":16,"column":20},"end":{"line":16,"column":66}},{"start":{"line":16,"column":70},"end":{"line":16,"column":79}}],"line":16},"2":{"loc":{"start":{"line":33,"column":8},"end":{"line":35,"column":9}},"type":"if","locations":[{"start":{"line":33,"column":8},"end":{"line":35,"column":9}},{"start":{},"end":{}}],"line":33},"3":{"loc":{"start":{"line":47,"column":8},"end":{"line":51,"column":9}},"type":"if","locations":[{"start":{"line":47,"column":8},"end":{"line":51,"column":9}},{"start":{},"end":{}}],"line":47}},"s":{"0":0,"1":0,"2":0,"3":0,"4":0,"5":0,"6":0,"7":0,"8":0,"9":0,"10":0,"11":0,"12":0,"13":0,"14":0,"15":0,"16":0,"17":0,"18":0,"19":0,"20":0,"21":0,"22":0,"23":0,"24":0,"25":0,"26":0,"27":0,"28":0,"29":0,"30":0,"31":0,"32":0,"33":0,"34":0,"35":0,"36":0,"37":0,"38":0,"39":0,"40":0,"41":0,"42":0,"43":0,"44":0,"45":0,"46":0,"47":0,"48":0,"49":0,"50":0,"51":0,"52":0,"53":0,"54":0,"55":0,"56":0,"57":0,"58":0,"59":0,"60":0,"61":0,"62":0,"63":0,"64":0,"65":0,"66":0,"67":0,"68":0,"69":0,"70":0,"71":0,"72":0,"73":0,"74":0,"75":0,"76":0,"77":0,"78":0,"79":0,"80":0,"81":0,"82":0,"83":0,"84":0,"85":0,"86":0,"87":0,"88":0,"89":0,"90":0,"91":0,"92":0,"93":0,"94":0,"95":0,"96":0,"97":0,"98":0,"99":0,"100":0,"101":0,"102":0,"103":0,"104":0,"105":0,"106":0,"107":0,"108":0,"109":0,"110":0,"111":0,"112":0,"113":0,"114":0,"115":0,"116":0,"117":0,"118":0,"119":0,"120":0,"121":0,"122":0,"123":0,"124":0,"125":0,"126":0,"127":0,"128":0,"129":0,"130":0,"131":0,"132":0,"133":0,"134":0,"135":0,"136":0,"137":0,"138":0,"139":0,"140":0,"141":0,"142":0,"143":0,"144":0,"145":0,"146":0},"f":{"0":0,"1":0,"2":0,"3":0,"4":0,"5":0,"6":0,"7":0,"8":0,"9":0,"10":0,"11":0,"12":0,"13":0,"14":0,"15":0,"16":0,"17":0,"18":0,"19":0,"20":0,"21":0,"22":0,"23":0,"24":0,"25":0,"26":0,"27":0,"28":0,"29":0,"30":0,"31":0,"32":0,"33":0,"34":0,"35":0,"36":0,"37":0,"38":0,"39":0,"40":0,"41":0,"42":0,"43":0,"44":0,"45":0,"46":0,"47":0,"48":0,"49":0,"50":0,"51":0,"52":0,"53":0,"54":0,"55":0,"56":0,"57":0,"58":0,"59":0,"60":0,"61":0,"62":0,"63":0,"64":0,"65":0,"66":0,"67":0},"b":{"0":[0,0],"1":[0,0],"2":[0,0],"3":[0,0]}}
,"/home/ubuntu/vicky/I2I projects/Inventory management/frontend/src/types/index.ts": {"path":"/home/ubuntu/vicky/I2I projects/Inventory management/frontend/src/types/index.ts","statementMap":{},"fnMap":{},"branchMap":{},"s":{},"f":{},"b":{}}
}
