TN:
SF:src/App.tsx
FN:22,App
FNF:1
FNH:0
FNDA:0,App
DA:23,0
LF:1
LH:0
BRF:0
BRH:0
end_of_record
TN:
SF:src/index.tsx
FNF:0
FNH:0
DA:9,0
DA:18,0
DA:22,0
LF:3
LH:0
BRF:0
BRH:0
end_of_record
TN:
SF:src/components/Layout.tsx
FN:16,(anonymous_0)
FN:33,(anonymous_1)
FN:44,(anonymous_2)
FN:49,(anonymous_3)
FN:59,(anonymous_4)
FN:68,(anonymous_5)
FN:85,(anonymous_6)
FN:138,(anonymous_7)
FNF:8
FNH:0
FNDA:0,(anonymous_0)
FNDA:0,(anonymous_1)
FNDA:0,(anonymous_2)
FNDA:0,(anonymous_3)
FNDA:0,(anonymous_4)
FNDA:0,(anonymous_5)
FNDA:0,(anonymous_6)
FNDA:0,(anonymous_7)
DA:16,0
DA:17,0
DA:18,0
DA:19,0
DA:21,0
DA:33,0
DA:34,0
DA:35,0
DA:37,0
DA:40,0
DA:44,0
DA:49,0
DA:60,0
DA:68,0
DA:86,0
DA:138,0
LF:16
LH:0
BRDA:34,0,0,0
BRDA:34,0,1,0
BRDA:43,1,0,0
BRDA:43,1,1,0
BRDA:64,2,0,0
BRDA:64,2,1,0
BRDA:90,3,0,0
BRDA:90,3,1,0
BRDA:105,4,0,0
BRDA:105,4,1,0
BRDA:105,4,2,0
BRDA:108,5,0,0
BRDA:108,5,1,0
BRF:13
BRH:0
end_of_record
TN:
SF:src/components/ProtectedRoute.tsx
FN:12,(anonymous_0)
FN:25,(anonymous_1)
FN:30,(anonymous_2)
FN:39,(anonymous_3)
FN:45,(anonymous_4)
FN:71,(anonymous_5)
FN:90,(anonymous_6)
FNF:7
FNH:0
FNDA:0,(anonymous_0)
FNDA:0,(anonymous_1)
FNDA:0,(anonymous_2)
FNDA:0,(anonymous_3)
FNDA:0,(anonymous_4)
FNDA:0,(anonymous_5)
FNDA:0,(anonymous_6)
DA:12,0
DA:16,0
DA:17,0
DA:20,0
DA:26,0
DA:29,0
DA:30,0
DA:31,0
DA:34,0
DA:35,0
DA:40,0
DA:45,0
DA:46,0
DA:47,0
DA:48,0
DA:53,0
DA:54,0
DA:65,0
DA:66,0
DA:70,0
DA:71,0
DA:72,0
DA:75,0
DA:76,0
DA:90,0
DA:102,0
LF:26
LH:0
BRDA:14,0,0,0
BRDA:29,1,0,0
BRDA:29,1,1,0
BRDA:31,2,0,0
BRDA:31,2,1,0
BRDA:34,3,0,0
BRDA:34,3,1,0
BRDA:47,4,0,0
BRDA:47,4,1,0
BRDA:53,5,0,0
BRDA:53,5,1,0
BRDA:53,6,0,0
BRDA:53,6,1,0
BRDA:65,7,0,0
BRDA:65,7,1,0
BRDA:70,8,0,0
BRDA:70,8,1,0
BRDA:70,9,0,0
BRDA:70,9,1,0
BRDA:72,10,0,0
BRDA:72,10,1,0
BRDA:75,11,0,0
BRDA:75,11,1,0
BRF:23
BRH:0
end_of_record
TN:
SF:src/contexts/AuthContext.tsx
FN:21,(anonymous_0)
FN:31,(anonymous_1)
FN:34,(anonymous_2)
FN:42,(anonymous_3)
FN:49,(anonymous_4)
FN:57,(anonymous_5)
FN:66,(anonymous_6)
FN:88,(anonymous_7)
FNF:8
FNH:2
FNDA:11,(anonymous_0)
FNDA:0,(anonymous_1)
FNDA:0,(anonymous_2)
FNDA:11,(anonymous_3)
FNDA:0,(anonymous_4)
FNDA:0,(anonymous_5)
FNDA:0,(anonymous_6)
FNDA:0,(anonymous_7)
DA:15,1
DA:21,1
DA:22,11
DA:23,11
DA:25,11
DA:32,0
DA:35,0
DA:36,0
DA:37,0
DA:42,11
DA:43,11
DA:44,11
DA:45,0
DA:49,11
DA:51,0
DA:52,0
DA:53,0
DA:54,0
DA:57,11
DA:59,0
DA:60,0
DA:61,0
DA:62,0
DA:63,0
DA:66,11
DA:68,0
DA:69,0
DA:72,11
DA:81,11
DA:88,1
DA:89,0
DA:90,0
DA:91,0
DA:93,0
LF:34
LH:14
BRDA:30,0,0,11
BRDA:30,0,1,0
BRDA:44,1,0,0
BRDA:44,1,1,11
BRDA:73,2,0,11
BRDA:73,2,1,11
BRDA:90,3,0,0
BRDA:90,3,1,0
BRF:8
BRH:4
end_of_record
TN:
SF:src/pages/Categories.tsx
FN:12,(anonymous_0)
FN:23,(anonymous_1)
FN:28,(anonymous_2)
FN:30,(anonymous_3)
FN:36,(anonymous_4)
FN:43,(anonymous_5)
FN:46,(anonymous_6)
FN:53,(anonymous_7)
FN:60,(anonymous_8)
FN:62,(anonymous_9)
FN:68,(anonymous_10)
FN:74,(anonymous_11)
FN:86,(anonymous_12)
FN:101,(anonymous_13)
FN:110,(anonymous_14)
FN:115,(anonymous_15)
FN:121,(anonymous_16)
FN:172,(anonymous_17)
FN:189,(anonymous_18)
FN:195,(anonymous_19)
FN:223,(anonymous_20)
FN:235,(anonymous_21)
FN:244,(anonymous_22)
FN:277,(anonymous_23)
FN:289,(anonymous_24)
FN:298,(anonymous_25)
FN:329,(anonymous_26)
FNF:27
FNH:0
FNDA:0,(anonymous_0)
FNDA:0,(anonymous_1)
FNDA:0,(anonymous_2)
FNDA:0,(anonymous_3)
FNDA:0,(anonymous_4)
FNDA:0,(anonymous_5)
FNDA:0,(anonymous_6)
FNDA:0,(anonymous_7)
FNDA:0,(anonymous_8)
FNDA:0,(anonymous_9)
FNDA:0,(anonymous_10)
FNDA:0,(anonymous_11)
FNDA:0,(anonymous_12)
FNDA:0,(anonymous_13)
FNDA:0,(anonymous_14)
FNDA:0,(anonymous_15)
FNDA:0,(anonymous_16)
FNDA:0,(anonymous_17)
FNDA:0,(anonymous_18)
FNDA:0,(anonymous_19)
FNDA:0,(anonymous_20)
FNDA:0,(anonymous_21)
FNDA:0,(anonymous_22)
FNDA:0,(anonymous_23)
FNDA:0,(anonymous_24)
FNDA:0,(anonymous_25)
FNDA:0,(anonymous_26)
DA:12,0
DA:13,0
DA:14,0
DA:15,0
DA:16,0
DA:17,0
DA:18,0
DA:23,0
DA:24,0
DA:27,0
DA:28,0
DA:31,0
DA:32,0
DA:33,0
DA:34,0
DA:37,0
DA:42,0
DA:44,0
DA:47,0
DA:48,0
DA:49,0
DA:50,0
DA:51,0
DA:54,0
DA:59,0
DA:60,0
DA:63,0
DA:64,0
DA:65,0
DA:66,0
DA:69,0
DA:74,0
DA:75,0
DA:76,0
DA:77,0
DA:78,0
DA:80,0
DA:86,0
DA:87,0
DA:88,0
DA:89,0
DA:90,0
DA:92,0
DA:101,0
DA:102,0
DA:103,0
DA:107,0
DA:110,0
DA:111,0
DA:112,0
DA:115,0
DA:116,0
DA:117,0
DA:121,0
DA:122,0
DA:123,0
DA:126,0
DA:132,0
DA:134,0
DA:173,0
DA:189,0
DA:195,0
DA:223,0
DA:235,0
DA:244,0
DA:277,0
DA:289,0
DA:298,0
DA:329,0
LF:69
LH:0
BRDA:37,0,0,0
BRDA:37,0,1,0
BRDA:54,1,0,0
BRDA:54,1,1,0
BRDA:69,2,0,0
BRDA:69,2,1,0
BRDA:76,3,0,0
BRDA:76,3,1,0
BRDA:82,4,0,0
BRDA:82,4,1,0
BRDA:88,5,0,0
BRDA:88,5,1,0
BRDA:88,6,0,0
BRDA:88,6,1,0
BRDA:96,7,0,0
BRDA:96,7,1,0
BRDA:105,8,0,0
BRDA:105,8,1,0
BRDA:116,9,0,0
BRDA:116,9,1,0
BRDA:126,10,0,0
BRDA:126,10,1,0
BRDA:132,11,0,0
BRDA:132,11,1,0
BRDA:147,12,0,0
BRDA:147,12,1,0
BRDA:179,13,0,0
BRDA:179,13,1,0
BRDA:210,14,0,0
BRDA:210,14,1,0
BRDA:254,15,0,0
BRDA:254,15,1,0
BRDA:264,16,0,0
BRDA:264,16,1,0
BRDA:264,16,2,0
BRDA:308,17,0,0
BRDA:308,17,1,0
BRDA:318,18,0,0
BRDA:318,18,1,0
BRDA:318,18,2,0
BRDA:339,19,0,0
BRDA:339,19,1,0
BRF:42
BRH:0
end_of_record
TN:
SF:src/pages/Dashboard.tsx
FN:18,(anonymous_0)
FN:19,(anonymous_1)
FN:20,(anonymous_2)
FN:21,(anonymous_3)
FN:22,(anonymous_4)
FN:23,(anonymous_5)
FN:24,(anonymous_6)
FN:25,(anonymous_7)
FN:35,(anonymous_8)
FN:36,(anonymous_9)
FN:40,(anonymous_10)
FN:42,(anonymous_11)
FN:133,(anonymous_12)
FN:161,(anonymous_13)
FN:202,(anonymous_14)
FN:241,(anonymous_15)
FN:242,(anonymous_16)
FNF:17
FNH:0
FNDA:0,(anonymous_0)
FNDA:0,(anonymous_1)
FNDA:0,(anonymous_2)
FNDA:0,(anonymous_3)
FNDA:0,(anonymous_4)
FNDA:0,(anonymous_5)
FNDA:0,(anonymous_6)
FNDA:0,(anonymous_7)
FNDA:0,(anonymous_8)
FNDA:0,(anonymous_9)
FNDA:0,(anonymous_10)
FNDA:0,(anonymous_11)
FNDA:0,(anonymous_12)
FNDA:0,(anonymous_13)
FNDA:0,(anonymous_14)
FNDA:0,(anonymous_15)
FNDA:0,(anonymous_16)
DA:18,0
DA:19,0
DA:20,0
DA:21,0
DA:22,0
DA:23,0
DA:24,0
DA:25,0
DA:27,0
DA:28,0
DA:29,0
DA:30,0
DA:31,0
DA:32,0
DA:33,0
DA:35,0
DA:36,0
DA:37,0
DA:40,0
DA:42,0
DA:43,0
DA:46,0
DA:48,0
DA:93,0
DA:124,0
DA:134,0
DA:162,0
DA:203,0
DA:242,0
DA:243,0
LF:30
LH:0
BRDA:27,0,0,0
BRDA:27,0,1,0
BRDA:28,1,0,0
BRDA:28,1,1,0
BRDA:29,2,0,0
BRDA:29,2,1,0
BRDA:30,3,0,0
BRDA:30,3,1,0
BRDA:31,4,0,0
BRDA:31,4,1,0
BRDA:32,5,0,0
BRDA:32,5,1,0
BRDA:33,6,0,0
BRDA:33,6,1,0
BRDA:37,7,0,0
BRDA:37,7,1,0
BRDA:37,8,0,0
BRDA:37,8,1,0
BRDA:43,9,0,0
BRDA:43,9,1,0
BRDA:176,10,0,0
BRDA:176,10,1,0
BRDA:201,11,0,0
BRDA:201,11,1,0
BRDA:211,12,0,0
BRDA:211,12,1,0
BRDA:212,13,0,0
BRDA:212,13,1,0
BRDA:213,14,0,0
BRDA:213,14,1,0
BRDA:240,15,0,0
BRDA:240,15,1,0
BRDA:247,16,0,0
BRDA:247,16,1,0
BRF:34
BRH:0
end_of_record
TN:
SF:src/pages/ForgotPassword.tsx
FN:8,(anonymous_0)
FN:14,(anonymous_1)
FN:16,(anonymous_2)
FN:21,(anonymous_3)
FN:28,(anonymous_4)
FN:41,(anonymous_5)
FN:48,(anonymous_6)
FN:51,(anonymous_7)
FNF:8
FNH:6
FNDA:35,(anonymous_0)
FNDA:7,(anonymous_1)
FNDA:4,(anonymous_2)
FNDA:0,(anonymous_3)
FNDA:9,(anonymous_4)
FNDA:9,(anonymous_5)
FNDA:8,(anonymous_6)
FNDA:0,(anonymous_7)
DA:8,1
DA:9,35
DA:10,35
DA:11,35
DA:13,35
DA:14,7
DA:17,4
DA:18,4
DA:19,4
DA:22,0
DA:23,0
DA:28,35
DA:29,9
DA:31,9
DA:32,1
DA:33,8
DA:34,1
DA:37,9
DA:38,9
DA:41,35
DA:42,9
DA:43,9
DA:44,7
DA:48,35
DA:49,8
DA:50,8
DA:51,0
DA:55,35
DA:56,3
DA:92,32
LF:30
LH:27
BRDA:22,0,0,0
BRDA:22,0,1,0
BRDA:31,1,0,1
BRDA:31,1,1,8
BRDA:33,2,0,1
BRDA:33,2,1,7
BRDA:43,3,0,7
BRDA:43,3,1,2
BRDA:50,4,0,0
BRDA:50,4,1,8
BRDA:55,5,0,3
BRDA:55,5,1,32
BRDA:119,6,0,2
BRDA:119,6,1,30
BRDA:126,7,0,32
BRDA:126,7,1,2
BRDA:137,8,0,11
BRDA:137,8,1,21
BRF:18
BRH:15
end_of_record
TN:
SF:src/pages/Inventory.tsx
FN:8,(anonymous_0)
FN:28,(anonymous_1)
FN:35,(anonymous_2)
FN:40,(anonymous_3)
FN:44,(anonymous_4)
FN:46,(anonymous_5)
FN:51,(anonymous_6)
FN:58,(anonymous_7)
FN:61,(anonymous_8)
FN:67,(anonymous_9)
FN:74,(anonymous_10)
FN:76,(anonymous_11)
FN:80,(anonymous_12)
FN:87,(anonymous_13)
FN:90,(anonymous_14)
FN:98,(anonymous_15)
FN:105,(anonymous_16)
FN:108,(anonymous_17)
FN:121,(anonymous_18)
FN:127,(anonymous_19)
FN:135,(anonymous_20)
FN:140,(anonymous_21)
FN:146,(anonymous_22)
FN:151,(anonymous_23)
FN:156,(anonymous_24)
FN:170,(anonymous_25)
FN:191,(anonymous_26)
FN:209,(anonymous_27)
FN:224,(anonymous_28)
FN:228,(anonymous_29)
FN:267,(anonymous_30)
FN:268,(anonymous_31)
FN:269,(anonymous_32)
FN:306,(anonymous_33)
FN:313,(anonymous_34)
FN:320,(anonymous_35)
FN:326,(anonymous_36)
FN:347,(anonymous_37)
FN:362,(anonymous_38)
FN:372,(anonymous_39)
FN:387,(anonymous_40)
FN:396,(anonymous_41)
FN:422,(anonymous_42)
FN:431,(anonymous_43)
FN:447,(anonymous_44)
FN:461,(anonymous_45)
FN:465,(anonymous_46)
FN:478,(anonymous_47)
FN:482,(anonymous_48)
FN:497,(anonymous_49)
FN:506,(anonymous_50)
FN:538,(anonymous_51)
FN:555,(anonymous_52)
FN:573,(anonymous_53)
FN:577,(anonymous_54)
FN:589,(anonymous_55)
FN:593,(anonymous_56)
FN:607,(anonymous_57)
FN:616,(anonymous_58)
FN:627,(anonymous_59)
FN:635,(anonymous_60)
FNF:61
FNH:0
FNDA:0,(anonymous_0)
FNDA:0,(anonymous_1)
FNDA:0,(anonymous_2)
FNDA:0,(anonymous_3)
FNDA:0,(anonymous_4)
FNDA:0,(anonymous_5)
FNDA:0,(anonymous_6)
FNDA:0,(anonymous_7)
FNDA:0,(anonymous_8)
FNDA:0,(anonymous_9)
FNDA:0,(anonymous_10)
FNDA:0,(anonymous_11)
FNDA:0,(anonymous_12)
FNDA:0,(anonymous_13)
FNDA:0,(anonymous_14)
FNDA:0,(anonymous_15)
FNDA:0,(anonymous_16)
FNDA:0,(anonymous_17)
FNDA:0,(anonymous_18)
FNDA:0,(anonymous_19)
FNDA:0,(anonymous_20)
FNDA:0,(anonymous_21)
FNDA:0,(anonymous_22)
FNDA:0,(anonymous_23)
FNDA:0,(anonymous_24)
FNDA:0,(anonymous_25)
FNDA:0,(anonymous_26)
FNDA:0,(anonymous_27)
FNDA:0,(anonymous_28)
FNDA:0,(anonymous_29)
FNDA:0,(anonymous_30)
FNDA:0,(anonymous_31)
FNDA:0,(anonymous_32)
FNDA:0,(anonymous_33)
FNDA:0,(anonymous_34)
FNDA:0,(anonymous_35)
FNDA:0,(anonymous_36)
FNDA:0,(anonymous_37)
FNDA:0,(anonymous_38)
FNDA:0,(anonymous_39)
FNDA:0,(anonymous_40)
FNDA:0,(anonymous_41)
FNDA:0,(anonymous_42)
FNDA:0,(anonymous_43)
FNDA:0,(anonymous_44)
FNDA:0,(anonymous_45)
FNDA:0,(anonymous_46)
FNDA:0,(anonymous_47)
FNDA:0,(anonymous_48)
FNDA:0,(anonymous_49)
FNDA:0,(anonymous_50)
FNDA:0,(anonymous_51)
FNDA:0,(anonymous_52)
FNDA:0,(anonymous_53)
FNDA:0,(anonymous_54)
FNDA:0,(anonymous_55)
FNDA:0,(anonymous_56)
FNDA:0,(anonymous_57)
FNDA:0,(anonymous_58)
FNDA:0,(anonymous_59)
FNDA:0,(anonymous_60)
DA:8,0
DA:9,0
DA:10,0
DA:11,0
DA:12,0
DA:13,0
DA:14,0
DA:15,0
DA:16,0
DA:17,0
DA:24,0
DA:26,0
DA:28,0
DA:33,0
DA:35,0
DA:38,0
DA:40,0
DA:43,0
DA:44,0
DA:47,0
DA:48,0
DA:49,0
DA:52,0
DA:57,0
DA:59,0
DA:62,0
DA:63,0
DA:64,0
DA:65,0
DA:68,0
DA:73,0
DA:74,0
DA:77,0
DA:78,0
DA:81,0
DA:86,0
DA:88,0
DA:91,0
DA:92,0
DA:93,0
DA:94,0
DA:95,0
DA:96,0
DA:99,0
DA:104,0
DA:106,0
DA:109,0
DA:110,0
DA:111,0
DA:112,0
DA:119,0
DA:122,0
DA:127,0
DA:128,0
DA:129,0
DA:131,0
DA:135,0
DA:136,0
DA:137,0
DA:140,0
DA:141,0
DA:142,0
DA:146,0
DA:147,0
DA:148,0
DA:151,0
DA:152,0
DA:153,0
DA:156,0
DA:157,0
DA:158,0
DA:159,0
DA:160,0
DA:163,0
DA:170,0
DA:171,0
DA:172,0
DA:173,0
DA:174,0
DA:177,0
DA:185,0
DA:191,0
DA:192,0
DA:193,0
DA:194,0
DA:197,0
DA:198,0
DA:200,0
DA:201,0
DA:202,0
DA:204,0
DA:209,0
DA:224,0
DA:229,0
DA:268,0
DA:269,0
DA:270,0
DA:272,0
DA:306,0
DA:313,0
DA:320,0
DA:326,0
DA:348,0
DA:349,0
DA:362,0
DA:372,0
DA:387,0
DA:396,0
DA:422,0
DA:431,0
DA:447,0
DA:461,0
DA:466,0
DA:478,0
DA:483,0
DA:497,0
DA:506,0
DA:538,0
DA:546,0
DA:555,0
DA:556,0
DA:557,0
DA:560,0
DA:573,0
DA:578,0
DA:589,0
DA:594,0
DA:607,0
DA:616,0
DA:627,0
DA:635,0
LF:131
LH:0
BRDA:29,0,0,0
BRDA:29,0,1,0
BRDA:52,1,0,0
BRDA:52,1,1,0
BRDA:68,2,0,0
BRDA:68,2,1,0
BRDA:81,3,0,0
BRDA:81,3,1,0
BRDA:99,4,0,0
BRDA:99,4,1,0
BRDA:122,5,0,0
BRDA:122,5,1,0
BRDA:128,6,0,0
BRDA:128,6,1,0
BRDA:141,7,0,0
BRDA:141,7,1,0
BRDA:158,8,0,0
BRDA:158,8,1,0
BRDA:158,9,0,0
BRDA:158,9,1,0
BRDA:172,10,0,0
BRDA:172,10,1,0
BRDA:172,11,0,0
BRDA:172,11,1,0
BRDA:181,12,0,0
BRDA:181,12,1,0
BRDA:182,13,0,0
BRDA:182,13,1,0
BRDA:192,14,0,0
BRDA:192,14,1,0
BRDA:193,15,0,0
BRDA:193,15,1,0
BRDA:197,16,0,0
BRDA:197,16,1,0
BRDA:198,17,0,0
BRDA:198,17,1,0
BRDA:200,18,0,0
BRDA:200,18,1,0
BRDA:201,19,0,0
BRDA:201,19,1,0
BRDA:202,20,0,0
BRDA:202,20,1,0
BRDA:270,21,0,0
BRDA:270,21,1,0
BRDA:275,22,0,0
BRDA:275,22,1,0
BRDA:276,23,0,0
BRDA:276,23,1,0
BRDA:281,24,0,0
BRDA:281,24,1,0
BRDA:286,25,0,0
BRDA:286,25,1,0
BRDA:300,26,0,0
BRDA:300,26,1,0
BRDA:341,27,0,0
BRDA:341,27,1,0
BRDA:351,28,0,0
BRDA:351,28,1,0
BRDA:356,29,0,0
BRDA:356,29,1,0
BRDA:356,29,2,0
BRDA:372,30,0,0
BRDA:372,30,1,0
BRDA:406,31,0,0
BRDA:406,31,1,0
BRDA:416,32,0,0
BRDA:416,32,1,0
BRDA:416,32,2,0
BRDA:447,33,0,0
BRDA:447,33,1,0
BRDA:453,34,0,0
BRDA:453,34,1,0
BRDA:516,35,0,0
BRDA:516,35,1,0
BRDA:547,36,0,0
BRDA:547,36,1,0
BRDA:548,37,0,0
BRDA:548,37,1,0
BRDA:549,38,0,0
BRDA:549,38,1,0
BRDA:550,39,0,0
BRDA:550,39,1,0
BRDA:551,40,0,0
BRDA:551,40,1,0
BRDA:552,41,0,0
BRDA:552,41,1,0
BRDA:565,42,0,0
BRDA:565,42,1,0
BRDA:653,43,0,0
BRDA:653,43,1,0
BRDA:653,44,0,0
BRDA:653,44,1,0
BRF:92
BRH:0
end_of_record
TN:
SF:src/pages/Locations.tsx
FN:7,(anonymous_0)
FN:15,(anonymous_1)
FN:19,(anonymous_2)
FN:21,(anonymous_3)
FN:29,(anonymous_4)
FN:32,(anonymous_5)
FN:41,(anonymous_6)
FN:43,(anonymous_7)
FN:50,(anonymous_8)
FN:53,(anonymous_9)
FN:59,(anonymous_10)
FN:67,(anonymous_11)
FN:72,(anonymous_12)
FN:78,(anonymous_13)
FN:95,(anonymous_14)
FN:109,(anonymous_15)
FN:145,(anonymous_16)
FN:161,(anonymous_17)
FN:174,(anonymous_18)
FN:180,(anonymous_19)
FN:198,(anonymous_20)
FN:217,(anonymous_21)
FN:227,(anonymous_22)
FN:252,(anonymous_23)
FN:262,(anonymous_24)
FN:270,(anonymous_25)
FN:279,(anonymous_26)
FN:295,(anonymous_27)
FNF:28
FNH:0
FNDA:0,(anonymous_0)
FNDA:0,(anonymous_1)
FNDA:0,(anonymous_2)
FNDA:0,(anonymous_3)
FNDA:0,(anonymous_4)
FNDA:0,(anonymous_5)
FNDA:0,(anonymous_6)
FNDA:0,(anonymous_7)
FNDA:0,(anonymous_8)
FNDA:0,(anonymous_9)
FNDA:0,(anonymous_10)
FNDA:0,(anonymous_11)
FNDA:0,(anonymous_12)
FNDA:0,(anonymous_13)
FNDA:0,(anonymous_14)
FNDA:0,(anonymous_15)
FNDA:0,(anonymous_16)
FNDA:0,(anonymous_17)
FNDA:0,(anonymous_18)
FNDA:0,(anonymous_19)
FNDA:0,(anonymous_20)
FNDA:0,(anonymous_21)
FNDA:0,(anonymous_22)
FNDA:0,(anonymous_23)
FNDA:0,(anonymous_24)
FNDA:0,(anonymous_25)
FNDA:0,(anonymous_26)
FNDA:0,(anonymous_27)
DA:7,0
DA:8,0
DA:9,0
DA:10,0
DA:11,0
DA:13,0
DA:15,0
DA:18,0
DA:19,0
DA:22,0
DA:23,0
DA:28,0
DA:30,0
DA:33,0
DA:34,0
DA:35,0
DA:40,0
DA:41,0
DA:44,0
DA:49,0
DA:51,0
DA:54,0
DA:59,0
DA:60,0
DA:61,0
DA:63,0
DA:67,0
DA:68,0
DA:69,0
DA:72,0
DA:73,0
DA:74,0
DA:78,0
DA:79,0
DA:85,0
DA:86,0
DA:88,0
DA:90,0
DA:95,0
DA:109,0
DA:146,0
DA:161,0
DA:174,0
DA:180,0
DA:199,0
DA:200,0
DA:217,0
DA:218,0
DA:225,0
DA:227,0
DA:228,0
DA:229,0
DA:231,0
DA:234,0
DA:238,0
DA:252,0
DA:262,0
DA:270,0
DA:279,0
DA:295,0
LF:60
LH:0
BRDA:15,0,0,0
BRDA:15,0,1,0
BRDA:60,1,0,0
BRDA:60,1,1,0
BRDA:73,2,0,0
BRDA:73,2,1,0
BRDA:85,3,0,0
BRDA:85,3,1,0
BRDA:86,4,0,0
BRDA:86,4,1,0
BRDA:88,5,0,0
BRDA:88,5,1,0
BRDA:116,6,0,0
BRDA:116,6,1,0
BRDA:118,7,0,0
BRDA:118,7,1,0
BRDA:154,8,0,0
BRDA:154,8,1,0
BRDA:157,9,0,0
BRDA:157,9,1,0
BRDA:164,10,0,0
BRDA:164,10,1,0
BRDA:167,11,0,0
BRDA:167,11,1,0
BRDA:169,12,0,0
BRDA:169,12,1,0
BRDA:194,13,0,0
BRDA:194,13,1,0
BRDA:202,14,0,0
BRDA:202,14,1,0
BRDA:219,15,0,0
BRDA:219,15,1,0
BRDA:220,16,0,0
BRDA:220,16,1,0
BRDA:221,17,0,0
BRDA:221,17,1,0
BRDA:222,18,0,0
BRDA:222,18,1,0
BRDA:225,19,0,0
BRDA:225,19,1,0
BRDA:229,20,0,0
BRDA:229,20,1,0
BRDA:243,21,0,0
BRDA:243,21,1,0
BRDA:289,22,0,0
BRDA:289,22,1,0
BRDA:315,23,0,0
BRDA:315,23,1,0
BRDA:315,24,0,0
BRDA:315,24,1,0
BRF:50
BRH:0
end_of_record
TN:
SF:src/pages/Login.tsx
FN:10,(anonymous_0)
FN:22,(anonymous_1)
FN:30,(anonymous_2)
FN:43,(anonymous_3)
FN:51,(anonymous_4)
FN:70,(anonymous_5)
FN:82,(anonymous_6)
FN:84,(anonymous_7)
FN:91,(anonymous_8)
FN:98,(anonymous_9)
FN:186,(anonymous_10)
FN:256,(anonymous_11)
FN:264,(anonymous_12)
FN:272,(anonymous_13)
FN:280,(anonymous_14)
FNF:15
FNH:8
FNDA:20,(anonymous_0)
FNDA:11,(anonymous_1)
FNDA:0,(anonymous_2)
FNDA:0,(anonymous_3)
FNDA:3,(anonymous_4)
FNDA:3,(anonymous_5)
FNDA:4,(anonymous_6)
FNDA:4,(anonymous_7)
FNDA:1,(anonymous_8)
FNDA:0,(anonymous_9)
FNDA:2,(anonymous_10)
FNDA:0,(anonymous_11)
FNDA:0,(anonymous_12)
FNDA:0,(anonymous_13)
FNDA:0,(anonymous_14)
DA:10,1
DA:11,20
DA:12,20
DA:13,20
DA:17,20
DA:18,20
DA:19,20
DA:22,20
DA:23,11
DA:24,11
DA:25,0
DA:29,20
DA:32,0
DA:33,0
DA:34,0
DA:35,0
DA:36,0
DA:38,0
DA:39,0
DA:40,0
DA:44,0
DA:45,0
DA:46,0
DA:47,0
DA:51,20
DA:52,3
DA:54,3
DA:55,1
DA:56,2
DA:57,1
DA:60,3
DA:61,3
DA:62,0
DA:63,0
DA:66,3
DA:67,3
DA:70,20
DA:71,3
DA:72,3
DA:73,0
DA:74,0
DA:75,0
DA:82,20
DA:83,4
DA:84,4
DA:90,4
DA:91,1
DA:98,20
DA:99,0
DA:106,0
DA:107,0
DA:109,0
DA:110,0
DA:116,20
DA:186,2
DA:256,0
DA:264,0
DA:272,0
DA:280,0
LF:59
LH:32
BRDA:24,0,0,0
BRDA:24,0,1,11
BRDA:45,1,0,0
BRDA:45,1,1,0
BRDA:54,2,0,1
BRDA:54,2,1,2
BRDA:56,3,0,1
BRDA:56,3,1,1
BRDA:60,4,0,3
BRDA:60,4,1,0
BRDA:62,5,0,0
BRDA:62,5,1,0
BRDA:72,6,0,0
BRDA:72,6,1,3
BRDA:90,7,0,1
BRDA:90,7,1,3
BRDA:150,8,0,2
BRDA:150,8,1,18
BRDA:157,9,0,20
BRDA:157,9,1,2
BRDA:174,10,0,1
BRDA:174,10,1,19
BRDA:177,11,0,4
BRDA:177,11,1,16
BRDA:188,12,0,1
BRDA:188,12,1,19
BRDA:195,13,0,20
BRDA:195,13,1,4
BRDA:228,14,0,0
BRDA:228,14,1,20
BRF:30
BRH:22
end_of_record
TN:
SF:src/pages/Products.tsx
FN:7,(anonymous_0)
FN:16,(anonymous_1)
FN:24,(anonymous_2)
FN:29,(anonymous_3)
FN:33,(anonymous_4)
FN:35,(anonymous_5)
FN:43,(anonymous_6)
FN:46,(anonymous_7)
FN:55,(anonymous_8)
FN:57,(anonymous_9)
FN:64,(anonymous_10)
FN:67,(anonymous_11)
FN:73,(anonymous_12)
FN:81,(anonymous_13)
FN:86,(anonymous_14)
FN:92,(anonymous_15)
FN:111,(anonymous_16)
FN:126,(anonymous_17)
FN:133,(anonymous_18)
FN:137,(anonymous_19)
FN:180,(anonymous_20)
FN:207,(anonymous_21)
FN:220,(anonymous_22)
FN:226,(anonymous_23)
FN:246,(anonymous_24)
FN:267,(anonymous_25)
FN:296,(anonymous_26)
FN:322,(anonymous_27)
FN:332,(anonymous_28)
FN:341,(anonymous_29)
FN:352,(anonymous_30)
FN:361,(anonymous_31)
FN:374,(anonymous_32)
FN:384,(anonymous_33)
FN:394,(anonymous_34)
FN:404,(anonymous_35)
FN:408,(anonymous_36)
FN:419,(anonymous_37)
FN:423,(anonymous_38)
FN:438,(anonymous_39)
FN:447,(anonymous_40)
FN:457,(anonymous_41)
FN:468,(anonymous_42)
FNF:43
FNH:0
FNDA:0,(anonymous_0)
FNDA:0,(anonymous_1)
FNDA:0,(anonymous_2)
FNDA:0,(anonymous_3)
FNDA:0,(anonymous_4)
FNDA:0,(anonymous_5)
FNDA:0,(anonymous_6)
FNDA:0,(anonymous_7)
FNDA:0,(anonymous_8)
FNDA:0,(anonymous_9)
FNDA:0,(anonymous_10)
FNDA:0,(anonymous_11)
FNDA:0,(anonymous_12)
FNDA:0,(anonymous_13)
FNDA:0,(anonymous_14)
FNDA:0,(anonymous_15)
FNDA:0,(anonymous_16)
FNDA:0,(anonymous_17)
FNDA:0,(anonymous_18)
FNDA:0,(anonymous_19)
FNDA:0,(anonymous_20)
FNDA:0,(anonymous_21)
FNDA:0,(anonymous_22)
FNDA:0,(anonymous_23)
FNDA:0,(anonymous_24)
FNDA:0,(anonymous_25)
FNDA:0,(anonymous_26)
FNDA:0,(anonymous_27)
FNDA:0,(anonymous_28)
FNDA:0,(anonymous_29)
FNDA:0,(anonymous_30)
FNDA:0,(anonymous_31)
FNDA:0,(anonymous_32)
FNDA:0,(anonymous_33)
FNDA:0,(anonymous_34)
FNDA:0,(anonymous_35)
FNDA:0,(anonymous_36)
FNDA:0,(anonymous_37)
FNDA:0,(anonymous_38)
FNDA:0,(anonymous_39)
FNDA:0,(anonymous_40)
FNDA:0,(anonymous_41)
FNDA:0,(anonymous_42)
DA:7,0
DA:8,0
DA:9,0
DA:10,0
DA:11,0
DA:12,0
DA:14,0
DA:16,0
DA:22,0
DA:24,0
DA:27,0
DA:29,0
DA:32,0
DA:33,0
DA:36,0
DA:37,0
DA:42,0
DA:44,0
DA:47,0
DA:48,0
DA:49,0
DA:54,0
DA:55,0
DA:58,0
DA:63,0
DA:65,0
DA:68,0
DA:73,0
DA:74,0
DA:75,0
DA:77,0
DA:81,0
DA:82,0
DA:83,0
DA:86,0
DA:87,0
DA:88,0
DA:92,0
DA:93,0
DA:99,0
DA:100,0
DA:102,0
DA:103,0
DA:104,0
DA:106,0
DA:111,0
DA:126,0
DA:133,0
DA:138,0
DA:181,0
DA:207,0
DA:220,0
DA:226,0
DA:247,0
DA:248,0
DA:267,0
DA:275,0
DA:294,0
DA:296,0
DA:297,0
DA:298,0
DA:300,0
DA:303,0
DA:307,0
DA:322,0
DA:332,0
DA:341,0
DA:352,0
DA:361,0
DA:374,0
DA:384,0
DA:394,0
DA:404,0
DA:409,0
DA:419,0
DA:424,0
DA:438,0
DA:447,0
DA:457,0
DA:468,0
LF:80
LH:0
BRDA:17,0,0,0
BRDA:17,0,1,0
BRDA:18,1,0,0
BRDA:18,1,1,0
BRDA:74,2,0,0
BRDA:74,2,1,0
BRDA:87,3,0,0
BRDA:87,3,1,0
BRDA:99,4,0,0
BRDA:99,4,1,0
BRDA:100,5,0,0
BRDA:100,5,1,0
BRDA:102,6,0,0
BRDA:102,6,1,0
BRDA:103,7,0,0
BRDA:103,7,1,0
BRDA:104,8,0,0
BRDA:104,8,1,0
BRDA:148,9,0,0
BRDA:148,9,1,0
BRDA:150,10,0,0
BRDA:150,10,1,0
BRDA:186,11,0,0
BRDA:186,11,1,0
BRDA:195,12,0,0
BRDA:195,12,1,0
BRDA:210,13,0,0
BRDA:210,13,1,0
BRDA:213,14,0,0
BRDA:213,14,1,0
BRDA:215,15,0,0
BRDA:215,15,1,0
BRDA:240,16,0,0
BRDA:240,16,1,0
BRDA:250,17,0,0
BRDA:250,17,1,0
BRDA:276,18,0,0
BRDA:276,18,1,0
BRDA:277,19,0,0
BRDA:277,19,1,0
BRDA:278,20,0,0
BRDA:278,20,1,0
BRDA:279,21,0,0
BRDA:279,21,1,0
BRDA:280,22,0,0
BRDA:280,22,1,0
BRDA:281,23,0,0
BRDA:281,23,1,0
BRDA:282,24,0,0
BRDA:282,24,1,0
BRDA:283,25,0,0
BRDA:283,25,1,0
BRDA:284,26,0,0
BRDA:284,26,1,0
BRDA:285,27,0,0
BRDA:285,27,1,0
BRDA:286,28,0,0
BRDA:286,28,1,0
BRDA:287,29,0,0
BRDA:287,29,1,0
BRDA:288,30,0,0
BRDA:288,30,1,0
BRDA:289,31,0,0
BRDA:289,31,1,0
BRDA:290,32,0,0
BRDA:290,32,1,0
BRDA:291,33,0,0
BRDA:291,33,1,0
BRDA:294,34,0,0
BRDA:294,34,1,0
BRDA:298,35,0,0
BRDA:298,35,1,0
BRDA:312,36,0,0
BRDA:312,36,1,0
BRDA:404,37,0,0
BRDA:404,37,1,0
BRDA:419,38,0,0
BRDA:419,38,1,0
BRDA:462,39,0,0
BRDA:462,39,1,0
BRDA:488,40,0,0
BRDA:488,40,1,0
BRDA:488,41,0,0
BRDA:488,41,1,0
BRF:84
BRH:0
end_of_record
TN:
SF:src/pages/Profile.tsx
FN:15,(anonymous_0)
FN:31,(anonymous_1)
FN:34,(anonymous_2)
FN:43,(anonymous_3)
FN:50,(anonymous_4)
FN:73,(anonymous_5)
FN:83,(anonymous_6)
FN:85,(anonymous_7)
FN:91,(anonymous_8)
FN:98,(anonymous_9)
FN:134,(anonymous_10)
FN:242,(anonymous_11)
FN:276,(anonymous_12)
FN:310,(anonymous_13)
FNF:14
FNH:0
FNDA:0,(anonymous_0)
FNDA:0,(anonymous_1)
FNDA:0,(anonymous_2)
FNDA:0,(anonymous_3)
FNDA:0,(anonymous_4)
FNDA:0,(anonymous_5)
FNDA:0,(anonymous_6)
FNDA:0,(anonymous_7)
FNDA:0,(anonymous_8)
FNDA:0,(anonymous_9)
FNDA:0,(anonymous_10)
FNDA:0,(anonymous_11)
FNDA:0,(anonymous_12)
FNDA:0,(anonymous_13)
DA:15,0
DA:16,0
DA:17,0
DA:18,0
DA:19,0
DA:20,0
DA:25,0
DA:28,0
DA:30,0
DA:32,0
DA:35,0
DA:36,0
DA:41,0
DA:44,0
DA:45,0
DA:50,0
DA:51,0
DA:53,0
DA:54,0
DA:57,0
DA:58,0
DA:59,0
DA:60,0
DA:63,0
DA:64,0
DA:65,0
DA:66,0
DA:69,0
DA:70,0
DA:73,0
DA:74,0
DA:75,0
DA:76,0
DA:83,0
DA:84,0
DA:85,0
DA:90,0
DA:91,0
DA:98,0
DA:99,0
DA:101,0
DA:103,0
DA:105,0
DA:107,0
DA:109,0
DA:113,0
DA:114,0
DA:124,0
DA:134,0
DA:242,0
DA:276,0
DA:310,0
LF:52
LH:0
BRDA:44,0,0,0
BRDA:44,0,1,0
BRDA:53,1,0,0
BRDA:53,1,1,0
BRDA:57,2,0,0
BRDA:57,2,1,0
BRDA:59,3,0,0
BRDA:59,3,1,0
BRDA:63,4,0,0
BRDA:63,4,1,0
BRDA:65,5,0,0
BRDA:65,5,1,0
BRDA:75,6,0,0
BRDA:75,6,1,0
BRDA:90,7,0,0
BRDA:90,7,1,0
BRDA:99,8,0,0
BRDA:99,8,1,0
BRDA:99,8,2,0
BRDA:99,8,3,0
BRDA:99,8,4,0
BRDA:113,9,0,0
BRDA:113,9,1,0
BRDA:154,10,0,0
BRDA:154,10,1,0
BRDA:178,11,0,0
BRDA:178,11,1,0
BRDA:186,12,0,0
BRDA:186,12,1,0
BRDA:206,13,0,0
BRDA:206,13,1,0
BRDA:210,14,0,0
BRDA:210,14,1,0
BRDA:230,15,0,0
BRDA:230,15,1,0
BRDA:233,16,0,0
BRDA:233,16,1,0
BRDA:244,17,0,0
BRDA:244,17,1,0
BRDA:251,18,0,0
BRDA:251,18,1,0
BRDA:264,19,0,0
BRDA:264,19,1,0
BRDA:267,20,0,0
BRDA:267,20,1,0
BRDA:278,21,0,0
BRDA:278,21,1,0
BRDA:285,22,0,0
BRDA:285,22,1,0
BRDA:298,23,0,0
BRDA:298,23,1,0
BRDA:301,24,0,0
BRDA:301,24,1,0
BRDA:312,25,0,0
BRDA:312,25,1,0
BRDA:319,26,0,0
BRDA:319,26,1,0
BRDA:329,27,0,0
BRDA:329,27,1,0
BRF:59
BRH:0
end_of_record
TN:
SF:src/pages/PurchaseOrders.tsx
FN:8,(anonymous_0)
FN:19,(anonymous_1)
FN:21,(anonymous_2)
FN:27,(anonymous_3)
FN:34,(anonymous_4)
FN:39,(anonymous_5)
FN:43,(anonymous_6)
FN:45,(anonymous_7)
FN:50,(anonymous_8)
FN:57,(anonymous_9)
FN:59,(anonymous_10)
FN:65,(anonymous_11)
FN:72,(anonymous_12)
FN:74,(anonymous_13)
FN:78,(anonymous_14)
FN:85,(anonymous_15)
FN:88,(anonymous_16)
FN:92,(anonymous_17)
FN:98,(anonymous_18)
FN:108,(anonymous_19)
FN:114,(anonymous_20)
FN:123,(anonymous_21)
FN:176,(anonymous_22)
FN:192,(anonymous_23)
FN:199,(anonymous_24)
FN:203,(anonymous_25)
FN:241,(anonymous_26)
FN:275,(anonymous_27)
FN:285,(anonymous_28)
FN:299,(anonymous_29)
FN:309,(anonymous_30)
FN:319,(anonymous_31)
FN:330,(anonymous_32)
FN:337,(anonymous_33)
FN:351,(anonymous_34)
FN:373,(anonymous_35)
FN:385,(anonymous_36)
FN:402,(anonymous_37)
FN:424,(anonymous_38)
FN:427,(anonymous_39)
FN:432,(anonymous_40)
FN:445,(anonymous_41)
FN:448,(anonymous_42)
FN:452,(anonymous_43)
FN:473,(anonymous_44)
FN:477,(anonymous_45)
FN:490,(anonymous_46)
FN:501,(anonymous_47)
FN:511,(anonymous_48)
FN:534,(anonymous_49)
FN:542,(anonymous_50)
FN:546,(anonymous_51)
FN:560,(anonymous_52)
FN:572,(anonymous_53)
FN:579,(anonymous_54)
FN:591,(anonymous_55)
FN:612,(anonymous_56)
FN:623,(anonymous_57)
FN:678,(anonymous_58)
FN:755,(anonymous_59)
FNF:60
FNH:0
FNDA:0,(anonymous_0)
FNDA:0,(anonymous_1)
FNDA:0,(anonymous_2)
FNDA:0,(anonymous_3)
FNDA:0,(anonymous_4)
FNDA:0,(anonymous_5)
FNDA:0,(anonymous_6)
FNDA:0,(anonymous_7)
FNDA:0,(anonymous_8)
FNDA:0,(anonymous_9)
FNDA:0,(anonymous_10)
FNDA:0,(anonymous_11)
FNDA:0,(anonymous_12)
FNDA:0,(anonymous_13)
FNDA:0,(anonymous_14)
FNDA:0,(anonymous_15)
FNDA:0,(anonymous_16)
FNDA:0,(anonymous_17)
FNDA:0,(anonymous_18)
FNDA:0,(anonymous_19)
FNDA:0,(anonymous_20)
FNDA:0,(anonymous_21)
FNDA:0,(anonymous_22)
FNDA:0,(anonymous_23)
FNDA:0,(anonymous_24)
FNDA:0,(anonymous_25)
FNDA:0,(anonymous_26)
FNDA:0,(anonymous_27)
FNDA:0,(anonymous_28)
FNDA:0,(anonymous_29)
FNDA:0,(anonymous_30)
FNDA:0,(anonymous_31)
FNDA:0,(anonymous_32)
FNDA:0,(anonymous_33)
FNDA:0,(anonymous_34)
FNDA:0,(anonymous_35)
FNDA:0,(anonymous_36)
FNDA:0,(anonymous_37)
FNDA:0,(anonymous_38)
FNDA:0,(anonymous_39)
FNDA:0,(anonymous_40)
FNDA:0,(anonymous_41)
FNDA:0,(anonymous_42)
FNDA:0,(anonymous_43)
FNDA:0,(anonymous_44)
FNDA:0,(anonymous_45)
FNDA:0,(anonymous_46)
FNDA:0,(anonymous_47)
FNDA:0,(anonymous_48)
FNDA:0,(anonymous_49)
FNDA:0,(anonymous_50)
FNDA:0,(anonymous_51)
FNDA:0,(anonymous_52)
FNDA:0,(anonymous_53)
FNDA:0,(anonymous_54)
FNDA:0,(anonymous_55)
FNDA:0,(anonymous_56)
FNDA:0,(anonymous_57)
FNDA:0,(anonymous_58)
FNDA:0,(anonymous_59)
DA:8,0
DA:9,0
DA:10,0
DA:11,0
DA:12,0
DA:13,0
DA:14,0
DA:17,0
DA:19,0
DA:21,0
DA:25,0
DA:27,0
DA:32,0
DA:34,0
DA:37,0
DA:39,0
DA:42,0
DA:43,0
DA:46,0
DA:47,0
DA:48,0
DA:51,0
DA:56,0
DA:57,0
DA:60,0
DA:61,0
DA:62,0
DA:63,0
DA:66,0
DA:71,0
DA:72,0
DA:75,0
DA:76,0
DA:79,0
DA:84,0
DA:86,0
DA:89,0
DA:90,0
DA:93,0
DA:98,0
DA:99,0
DA:101,0
DA:104,0
DA:108,0
DA:109,0
DA:110,0
DA:114,0
DA:115,0
DA:118,0
DA:119,0
DA:120,0
DA:121,0
DA:123,0
DA:124,0
DA:126,0
DA:128,0
DA:130,0
DA:132,0
DA:134,0
DA:136,0
DA:138,0
DA:140,0
DA:144,0
DA:145,0
DA:147,0
DA:148,0
DA:150,0
DA:176,0
DA:192,0
DA:199,0
DA:204,0
DA:242,0
DA:275,0
DA:286,0
DA:287,0
DA:299,0
DA:309,0
DA:319,0
DA:330,0
DA:337,0
DA:351,0
DA:374,0
DA:375,0
DA:385,0
DA:402,0
DA:410,0
DA:424,0
DA:425,0
DA:427,0
DA:428,0
DA:429,0
DA:432,0
DA:433,0
DA:445,0
DA:446,0
DA:448,0
DA:452,0
DA:453,0
DA:454,0
DA:455,0
DA:458,0
DA:473,0
DA:478,0
DA:490,0
DA:501,0
DA:511,0
DA:535,0
DA:542,0
DA:547,0
DA:560,0
DA:572,0
DA:579,0
DA:591,0
DA:612,0
DA:623,0
DA:678,0
DA:679,0
DA:756,0
LF:118
LH:0
BRDA:28,0,0,0
BRDA:28,0,1,0
BRDA:51,1,0,0
BRDA:51,1,1,0
BRDA:66,2,0,0
BRDA:66,2,1,0
BRDA:79,3,0,0
BRDA:79,3,1,0
BRDA:93,4,0,0
BRDA:93,4,1,0
BRDA:99,5,0,0
BRDA:99,5,1,0
BRDA:109,6,0,0
BRDA:109,6,1,0
BRDA:118,7,0,0
BRDA:118,7,1,0
BRDA:119,8,0,0
BRDA:119,8,1,0
BRDA:120,9,0,0
BRDA:120,9,1,0
BRDA:121,10,0,0
BRDA:121,10,1,0
BRDA:124,11,0,0
BRDA:124,11,1,0
BRDA:124,11,2,0
BRDA:124,11,3,0
BRDA:124,11,4,0
BRDA:124,11,5,0
BRDA:124,11,6,0
BRDA:124,11,7,0
BRDA:144,12,0,0
BRDA:144,12,1,0
BRDA:145,13,0,0
BRDA:145,13,1,0
BRDA:147,14,0,0
BRDA:147,14,1,0
BRDA:148,15,0,0
BRDA:148,15,1,0
BRDA:155,16,0,0
BRDA:155,16,1,0
BRDA:166,17,0,0
BRDA:166,17,1,0
BRDA:167,18,0,0
BRDA:167,18,1,0
BRDA:168,19,0,0
BRDA:168,19,1,0
BRDA:169,20,0,0
BRDA:169,20,1,0
BRDA:174,21,0,0
BRDA:174,21,1,0
BRDA:247,22,0,0
BRDA:247,22,1,0
BRDA:256,23,0,0
BRDA:256,23,1,0
BRDA:283,24,0,0
BRDA:283,24,1,0
BRDA:283,24,2,0
BRDA:283,24,3,0
BRDA:297,25,0,0
BRDA:297,25,1,0
BRDA:297,25,2,0
BRDA:307,26,0,0
BRDA:307,26,1,0
BRDA:307,26,2,0
BRDA:317,27,0,0
BRDA:317,27,1,0
BRDA:317,27,2,0
BRDA:327,28,0,0
BRDA:327,28,1,0
BRDA:327,28,2,0
BRDA:347,29,0,0
BRDA:347,29,1,0
BRDA:347,29,2,0
BRDA:347,29,3,0
BRDA:367,30,0,0
BRDA:367,30,1,0
BRDA:371,31,0,0
BRDA:371,31,1,0
BRDA:377,32,0,0
BRDA:377,32,1,0
BRDA:382,33,0,0
BRDA:382,33,1,0
BRDA:382,33,2,0
BRDA:411,34,0,0
BRDA:411,34,1,0
BRDA:412,35,0,0
BRDA:412,35,1,0
BRDA:413,36,0,0
BRDA:413,36,1,0
BRDA:414,37,0,0
BRDA:414,37,1,0
BRDA:415,38,0,0
BRDA:415,38,1,0
BRDA:416,39,0,0
BRDA:416,39,1,0
BRDA:417,40,0,0
BRDA:417,40,1,0
BRDA:418,41,0,0
BRDA:418,41,1,0
BRDA:419,42,0,0
BRDA:419,42,1,0
BRDA:420,43,0,0
BRDA:420,43,1,0
BRDA:425,44,0,0
BRDA:425,44,1,0
BRDA:425,45,0,0
BRDA:425,45,1,0
BRDA:463,46,0,0
BRDA:463,46,1,0
BRDA:530,47,0,0
BRDA:530,47,1,0
BRDA:590,48,0,0
BRDA:590,48,1,0
BRDA:611,49,0,0
BRDA:611,49,1,0
BRDA:612,50,0,0
BRDA:612,50,1,0
BRDA:622,51,0,0
BRDA:622,51,1,0
BRDA:623,52,0,0
BRDA:623,52,1,0
BRDA:636,53,0,0
BRDA:636,53,1,0
BRDA:640,54,0,0
BRDA:640,54,1,0
BRDA:662,55,0,0
BRDA:662,55,1,0
BRDA:662,56,0,0
BRDA:662,56,1,0
BRDA:715,57,0,0
BRDA:715,57,1,0
BRDA:753,58,0,0
BRDA:753,58,1,0
BRDA:759,59,0,0
BRDA:759,59,1,0
BRF:135
BRH:0
end_of_record
TN:
SF:src/pages/Register.tsx
FN:9,(anonymous_0)
FN:25,(anonymous_1)
FN:29,(anonymous_2)
FN:37,(anonymous_3)
FN:70,(anonymous_4)
FN:82,(anonymous_5)
FN:84,(anonymous_6)
FN:91,(anonymous_7)
FN:98,(anonymous_8)
FN:237,(anonymous_9)
FN:264,(anonymous_10)
FNF:11
FNH:0
FNDA:0,(anonymous_0)
FNDA:0,(anonymous_1)
FNDA:0,(anonymous_2)
FNDA:0,(anonymous_3)
FNDA:0,(anonymous_4)
FNDA:0,(anonymous_5)
FNDA:0,(anonymous_6)
FNDA:0,(anonymous_7)
FNDA:0,(anonymous_8)
FNDA:0,(anonymous_9)
FNDA:0,(anonymous_10)
DA:9,0
DA:10,0
DA:11,0
DA:20,0
DA:21,0
DA:22,0
DA:24,0
DA:26,0
DA:27,0
DA:30,0
DA:31,0
DA:32,0
DA:33,0
DA:37,0
DA:38,0
DA:40,0
DA:41,0
DA:42,0
DA:43,0
DA:46,0
DA:47,0
DA:48,0
DA:49,0
DA:52,0
DA:53,0
DA:54,0
DA:55,0
DA:58,0
DA:59,0
DA:62,0
DA:63,0
DA:66,0
DA:67,0
DA:70,0
DA:71,0
DA:72,0
DA:73,0
DA:74,0
DA:75,0
DA:82,0
DA:83,0
DA:84,0
DA:90,0
DA:91,0
DA:98,0
DA:99,0
DA:101,0
DA:103,0
DA:105,0
DA:107,0
DA:109,0
DA:113,0
DA:237,0
DA:264,0
LF:54
LH:0
BRDA:31,0,0,0
BRDA:31,0,1,0
BRDA:40,1,0,0
BRDA:40,1,1,0
BRDA:42,2,0,0
BRDA:42,2,1,0
BRDA:46,3,0,0
BRDA:46,3,1,0
BRDA:48,4,0,0
BRDA:48,4,1,0
BRDA:52,5,0,0
BRDA:52,5,1,0
BRDA:54,6,0,0
BRDA:54,6,1,0
BRDA:58,7,0,0
BRDA:58,7,1,0
BRDA:62,8,0,0
BRDA:62,8,1,0
BRDA:72,9,0,0
BRDA:72,9,1,0
BRDA:90,10,0,0
BRDA:90,10,1,0
BRDA:99,11,0,0
BRDA:99,11,1,0
BRDA:99,11,2,0
BRDA:99,11,3,0
BRDA:99,11,4,0
BRDA:147,12,0,0
BRDA:147,12,1,0
BRDA:154,13,0,0
BRDA:154,13,1,0
BRDA:174,14,0,0
BRDA:174,14,1,0
BRDA:181,15,0,0
BRDA:181,15,1,0
BRDA:201,16,0,0
BRDA:201,16,1,0
BRDA:208,17,0,0
BRDA:208,17,1,0
BRDA:225,18,0,0
BRDA:225,18,1,0
BRDA:228,19,0,0
BRDA:228,19,1,0
BRDA:239,20,0,0
BRDA:239,20,1,0
BRDA:246,21,0,0
BRDA:246,21,1,0
BRDA:273,22,0,0
BRDA:273,22,1,0
BRDA:333,23,0,0
BRDA:333,23,1,0
BRF:51
BRH:0
end_of_record
TN:
SF:src/pages/ResetPassword.tsx
FN:8,(anonymous_0)
FN:22,(anonymous_1)
FN:25,(anonymous_2)
FN:29,(anonymous_3)
FN:36,(anonymous_4)
FN:55,(anonymous_5)
FN:70,(anonymous_6)
FN:72,(anonymous_7)
FN:78,(anonymous_8)
FN:188,(anonymous_9)
FN:225,(anonymous_10)
FNF:11
FNH:0
FNDA:0,(anonymous_0)
FNDA:0,(anonymous_1)
FNDA:0,(anonymous_2)
FNDA:0,(anonymous_3)
FNDA:0,(anonymous_4)
FNDA:0,(anonymous_5)
FNDA:0,(anonymous_6)
FNDA:0,(anonymous_7)
FNDA:0,(anonymous_8)
FNDA:0,(anonymous_9)
FNDA:0,(anonymous_10)
DA:8,0
DA:9,0
DA:10,0
DA:12,0
DA:16,0
DA:17,0
DA:18,0
DA:19,0
DA:21,0
DA:23,0
DA:26,0
DA:27,0
DA:30,0
DA:31,0
DA:36,0
DA:37,0
DA:39,0
DA:40,0
DA:41,0
DA:42,0
DA:45,0
DA:46,0
DA:47,0
DA:48,0
DA:51,0
DA:52,0
DA:55,0
DA:56,0
DA:57,0
DA:58,0
DA:59,0
DA:62,0
DA:63,0
DA:70,0
DA:71,0
DA:72,0
DA:77,0
DA:78,0
DA:85,0
DA:86,0
DA:111,0
DA:112,0
DA:152,0
DA:188,0
DA:225,0
LF:45
LH:0
BRDA:30,0,0,0
BRDA:30,0,1,0
BRDA:39,1,0,0
BRDA:39,1,1,0
BRDA:41,2,0,0
BRDA:41,2,1,0
BRDA:45,3,0,0
BRDA:45,3,1,0
BRDA:47,4,0,0
BRDA:47,4,1,0
BRDA:57,5,0,0
BRDA:57,5,1,0
BRDA:62,6,0,0
BRDA:62,6,1,0
BRDA:77,7,0,0
BRDA:77,7,1,0
BRDA:85,8,0,0
BRDA:85,8,1,0
BRDA:111,9,0,0
BRDA:111,9,1,0
BRDA:176,10,0,0
BRDA:176,10,1,0
BRDA:179,11,0,0
BRDA:179,11,1,0
BRDA:190,12,0,0
BRDA:190,12,1,0
BRDA:197,13,0,0
BRDA:197,13,1,0
BRDA:213,14,0,0
BRDA:213,14,1,0
BRDA:216,15,0,0
BRDA:216,15,1,0
BRDA:227,16,0,0
BRDA:227,16,1,0
BRDA:234,17,0,0
BRDA:234,17,1,0
BRDA:245,18,0,0
BRDA:245,18,1,0
BRF:38
BRH:0
end_of_record
TN:
SF:src/pages/StockAlerts.tsx
FN:7,(anonymous_0)
FN:14,(anonymous_1)
FN:22,(anonymous_2)
FN:26,(anonymous_3)
FN:29,(anonymous_4)
FN:37,(anonymous_5)
FN:39,(anonymous_6)
FN:47,(anonymous_7)
FN:49,(anonymous_8)
FN:56,(anonymous_9)
FN:60,(anonymous_10)
FN:75,(anonymous_11)
FN:102,(anonymous_12)
FN:110,(anonymous_13)
FN:141,(anonymous_14)
FN:154,(anonymous_15)
FN:167,(anonymous_16)
FN:179,(anonymous_17)
FN:183,(anonymous_18)
FN:193,(anonymous_19)
FN:197,(anonymous_20)
FN:238,(anonymous_21)
FN:284,(anonymous_22)
FN:291,(anonymous_23)
FN:297,(anonymous_24)
FNF:25
FNH:0
FNDA:0,(anonymous_0)
FNDA:0,(anonymous_1)
FNDA:0,(anonymous_2)
FNDA:0,(anonymous_3)
FNDA:0,(anonymous_4)
FNDA:0,(anonymous_5)
FNDA:0,(anonymous_6)
FNDA:0,(anonymous_7)
FNDA:0,(anonymous_8)
FNDA:0,(anonymous_9)
FNDA:0,(anonymous_10)
FNDA:0,(anonymous_11)
FNDA:0,(anonymous_12)
FNDA:0,(anonymous_13)
FNDA:0,(anonymous_14)
FNDA:0,(anonymous_15)
FNDA:0,(anonymous_16)
FNDA:0,(anonymous_17)
FNDA:0,(anonymous_18)
FNDA:0,(anonymous_19)
FNDA:0,(anonymous_20)
FNDA:0,(anonymous_21)
FNDA:0,(anonymous_22)
FNDA:0,(anonymous_23)
FNDA:0,(anonymous_24)
DA:7,0
DA:8,0
DA:9,0
DA:10,0
DA:12,0
DA:14,0
DA:20,0
DA:22,0
DA:25,0
DA:27,0
DA:30,0
DA:31,0
DA:36,0
DA:37,0
DA:40,0
DA:41,0
DA:46,0
DA:47,0
DA:50,0
DA:51,0
DA:56,0
DA:57,0
DA:60,0
DA:61,0
DA:63,0
DA:65,0
DA:67,0
DA:69,0
DA:71,0
DA:75,0
DA:76,0
DA:78,0
DA:80,0
DA:82,0
DA:84,0
DA:86,0
DA:90,0
DA:91,0
DA:93,0
DA:94,0
DA:96,0
DA:102,0
DA:110,0
DA:141,0
DA:154,0
DA:167,0
DA:179,0
DA:184,0
DA:193,0
DA:198,0
DA:239,0
DA:284,0
DA:291,0
DA:297,0
LF:54
LH:0
BRDA:15,0,0,0
BRDA:15,0,1,0
BRDA:16,1,0,0
BRDA:16,1,1,0
BRDA:61,2,0,0
BRDA:61,2,1,0
BRDA:61,2,2,0
BRDA:61,2,3,0
BRDA:61,2,4,0
BRDA:76,3,0,0
BRDA:76,3,1,0
BRDA:76,3,2,0
BRDA:76,3,3,0
BRDA:76,3,4,0
BRDA:90,4,0,0
BRDA:90,4,1,0
BRDA:91,5,0,0
BRDA:91,5,1,0
BRDA:93,6,0,0
BRDA:93,6,1,0
BRDA:94,7,0,0
BRDA:94,7,1,0
BRDA:107,8,0,0
BRDA:107,8,1,0
BRDA:115,9,0,0
BRDA:115,9,1,0
BRDA:141,10,0,0
BRDA:141,10,1,0
BRDA:154,11,0,0
BRDA:154,11,1,0
BRDA:250,12,0,0
BRDA:250,12,1,0
BRDA:252,13,0,0
BRDA:252,13,1,0
BRDA:260,14,0,0
BRDA:260,14,1,0
BRDA:280,15,0,0
BRDA:280,15,1,0
BRDA:280,15,2,0
BRDA:282,16,0,0
BRDA:282,16,1,0
BRDA:311,17,0,0
BRDA:311,17,1,0
BRDA:316,18,0,0
BRDA:316,18,1,0
BRDA:316,19,0,0
BRDA:316,19,1,0
BRF:47
BRH:0
end_of_record
TN:
SF:src/pages/Suppliers.tsx
FN:7,(anonymous_0)
FN:15,(anonymous_1)
FN:19,(anonymous_2)
FN:21,(anonymous_3)
FN:29,(anonymous_4)
FN:32,(anonymous_5)
FN:41,(anonymous_6)
FN:43,(anonymous_7)
FN:50,(anonymous_8)
FN:53,(anonymous_9)
FN:59,(anonymous_10)
FN:67,(anonymous_11)
FN:72,(anonymous_12)
FN:78,(anonymous_13)
FN:95,(anonymous_14)
FN:109,(anonymous_15)
FN:148,(anonymous_16)
FN:169,(anonymous_17)
FN:182,(anonymous_18)
FN:188,(anonymous_19)
FN:206,(anonymous_20)
FN:225,(anonymous_21)
FN:241,(anonymous_22)
FN:266,(anonymous_23)
FN:276,(anonymous_24)
FN:285,(anonymous_25)
FN:294,(anonymous_26)
FN:303,(anonymous_27)
FN:311,(anonymous_28)
FN:322,(anonymous_29)
FNF:30
FNH:0
FNDA:0,(anonymous_0)
FNDA:0,(anonymous_1)
FNDA:0,(anonymous_2)
FNDA:0,(anonymous_3)
FNDA:0,(anonymous_4)
FNDA:0,(anonymous_5)
FNDA:0,(anonymous_6)
FNDA:0,(anonymous_7)
FNDA:0,(anonymous_8)
FNDA:0,(anonymous_9)
FNDA:0,(anonymous_10)
FNDA:0,(anonymous_11)
FNDA:0,(anonymous_12)
FNDA:0,(anonymous_13)
FNDA:0,(anonymous_14)
FNDA:0,(anonymous_15)
FNDA:0,(anonymous_16)
FNDA:0,(anonymous_17)
FNDA:0,(anonymous_18)
FNDA:0,(anonymous_19)
FNDA:0,(anonymous_20)
FNDA:0,(anonymous_21)
FNDA:0,(anonymous_22)
FNDA:0,(anonymous_23)
FNDA:0,(anonymous_24)
FNDA:0,(anonymous_25)
FNDA:0,(anonymous_26)
FNDA:0,(anonymous_27)
FNDA:0,(anonymous_28)
FNDA:0,(anonymous_29)
DA:7,0
DA:8,0
DA:9,0
DA:10,0
DA:11,0
DA:13,0
DA:15,0
DA:18,0
DA:19,0
DA:22,0
DA:23,0
DA:28,0
DA:30,0
DA:33,0
DA:34,0
DA:35,0
DA:40,0
DA:41,0
DA:44,0
DA:49,0
DA:51,0
DA:54,0
DA:59,0
DA:60,0
DA:61,0
DA:63,0
DA:67,0
DA:68,0
DA:69,0
DA:72,0
DA:73,0
DA:74,0
DA:78,0
DA:79,0
DA:85,0
DA:86,0
DA:88,0
DA:90,0
DA:95,0
DA:109,0
DA:149,0
DA:169,0
DA:182,0
DA:188,0
DA:207,0
DA:208,0
DA:225,0
DA:226,0
DA:239,0
DA:241,0
DA:242,0
DA:243,0
DA:245,0
DA:248,0
DA:252,0
DA:266,0
DA:276,0
DA:285,0
DA:294,0
DA:303,0
DA:311,0
DA:322,0
LF:62
LH:0
BRDA:15,0,0,0
BRDA:15,0,1,0
BRDA:60,1,0,0
BRDA:60,1,1,0
BRDA:73,2,0,0
BRDA:73,2,1,0
BRDA:85,3,0,0
BRDA:85,3,1,0
BRDA:86,4,0,0
BRDA:86,4,1,0
BRDA:88,5,0,0
BRDA:88,5,1,0
BRDA:116,6,0,0
BRDA:116,6,1,0
BRDA:118,7,0,0
BRDA:118,7,1,0
BRDA:157,8,0,0
BRDA:157,8,1,0
BRDA:160,9,0,0
BRDA:160,9,1,0
BRDA:164,10,0,0
BRDA:164,10,1,0
BRDA:172,11,0,0
BRDA:172,11,1,0
BRDA:175,12,0,0
BRDA:175,12,1,0
BRDA:177,13,0,0
BRDA:177,13,1,0
BRDA:202,14,0,0
BRDA:202,14,1,0
BRDA:210,15,0,0
BRDA:210,15,1,0
BRDA:227,16,0,0
BRDA:227,16,1,0
BRDA:228,17,0,0
BRDA:228,17,1,0
BRDA:229,18,0,0
BRDA:229,18,1,0
BRDA:230,19,0,0
BRDA:230,19,1,0
BRDA:231,20,0,0
BRDA:231,20,1,0
BRDA:232,21,0,0
BRDA:232,21,1,0
BRDA:233,22,0,0
BRDA:233,22,1,0
BRDA:234,23,0,0
BRDA:234,23,1,0
BRDA:235,24,0,0
BRDA:235,24,1,0
BRDA:236,25,0,0
BRDA:236,25,1,0
BRDA:239,26,0,0
BRDA:239,26,1,0
BRDA:243,27,0,0
BRDA:243,27,1,0
BRDA:257,28,0,0
BRDA:257,28,1,0
BRDA:316,29,0,0
BRDA:316,29,1,0
BRDA:342,30,0,0
BRDA:342,30,1,0
BRDA:342,31,0,0
BRDA:342,31,1,0
BRF:64
BRH:0
end_of_record
TN:
SF:src/pages/Users.tsx
FN:8,(anonymous_0)
FN:17,(anonymous_1)
FN:19,(anonymous_2)
FN:24,(anonymous_3)
FN:34,(anonymous_4)
FN:49,(anonymous_5)
FN:53,(anonymous_6)
FN:55,(anonymous_7)
FN:60,(anonymous_8)
FN:67,(anonymous_9)
FN:69,(anonymous_10)
FN:75,(anonymous_11)
FN:82,(anonymous_12)
FN:84,(anonymous_13)
FN:88,(anonymous_14)
FN:94,(anonymous_15)
FN:102,(anonymous_16)
FN:107,(anonymous_17)
FN:113,(anonymous_18)
FN:128,(anonymous_19)
FN:146,(anonymous_20)
FN:147,(anonymous_21)
FN:162,(anonymous_22)
FN:238,(anonymous_23)
FN:254,(anonymous_24)
FN:258,(anonymous_25)
FN:270,(anonymous_26)
FN:308,(anonymous_27)
FN:335,(anonymous_28)
FN:354,(anonymous_29)
FN:360,(anonymous_30)
FN:366,(anonymous_31)
FN:384,(anonymous_32)
FN:396,(anonymous_33)
FN:412,(anonymous_34)
FN:432,(anonymous_35)
FN:461,(anonymous_36)
FN:468,(anonymous_37)
FN:511,(anonymous_38)
FN:531,(anonymous_39)
FN:551,(anonymous_40)
FN:572,(anonymous_41)
FN:591,(anonymous_42)
FN:594,(anonymous_43)
FN:611,(anonymous_44)
FN:623,(anonymous_45)
FN:635,(anonymous_46)
FN:683,(anonymous_47)
FN:684,(anonymous_48)
FN:728,(anonymous_49)
FNF:50
FNH:0
FNDA:0,(anonymous_0)
FNDA:0,(anonymous_1)
FNDA:0,(anonymous_2)
FNDA:0,(anonymous_3)
FNDA:0,(anonymous_4)
FNDA:0,(anonymous_5)
FNDA:0,(anonymous_6)
FNDA:0,(anonymous_7)
FNDA:0,(anonymous_8)
FNDA:0,(anonymous_9)
FNDA:0,(anonymous_10)
FNDA:0,(anonymous_11)
FNDA:0,(anonymous_12)
FNDA:0,(anonymous_13)
FNDA:0,(anonymous_14)
FNDA:0,(anonymous_15)
FNDA:0,(anonymous_16)
FNDA:0,(anonymous_17)
FNDA:0,(anonymous_18)
FNDA:0,(anonymous_19)
FNDA:0,(anonymous_20)
FNDA:0,(anonymous_21)
FNDA:0,(anonymous_22)
FNDA:0,(anonymous_23)
FNDA:0,(anonymous_24)
FNDA:0,(anonymous_25)
FNDA:0,(anonymous_26)
FNDA:0,(anonymous_27)
FNDA:0,(anonymous_28)
FNDA:0,(anonymous_29)
FNDA:0,(anonymous_30)
FNDA:0,(anonymous_31)
FNDA:0,(anonymous_32)
FNDA:0,(anonymous_33)
FNDA:0,(anonymous_34)
FNDA:0,(anonymous_35)
FNDA:0,(anonymous_36)
FNDA:0,(anonymous_37)
FNDA:0,(anonymous_38)
FNDA:0,(anonymous_39)
FNDA:0,(anonymous_40)
FNDA:0,(anonymous_41)
FNDA:0,(anonymous_42)
FNDA:0,(anonymous_43)
FNDA:0,(anonymous_44)
FNDA:0,(anonymous_45)
FNDA:0,(anonymous_46)
FNDA:0,(anonymous_47)
FNDA:0,(anonymous_48)
FNDA:0,(anonymous_49)
DA:8,0
DA:9,0
DA:10,0
DA:11,0
DA:12,0
DA:13,0
DA:15,0
DA:17,0
DA:20,0
DA:23,0
DA:24,0
DA:25,0
DA:33,0
DA:34,0
DA:35,0
DA:39,0
DA:47,0
DA:49,0
DA:52,0
DA:53,0
DA:56,0
DA:57,0
DA:58,0
DA:61,0
DA:66,0
DA:67,0
DA:70,0
DA:71,0
DA:72,0
DA:73,0
DA:76,0
DA:81,0
DA:82,0
DA:85,0
DA:86,0
DA:89,0
DA:94,0
DA:95,0
DA:96,0
DA:98,0
DA:102,0
DA:103,0
DA:104,0
DA:107,0
DA:108,0
DA:109,0
DA:113,0
DA:114,0
DA:116,0
DA:118,0
DA:120,0
DA:122,0
DA:124,0
DA:128,0
DA:129,0
DA:130,0
DA:131,0
DA:132,0
DA:133,0
DA:134,0
DA:135,0
DA:136,0
DA:139,0
DA:140,0
DA:142,0
DA:145,0
DA:146,0
DA:147,0
DA:148,0
DA:149,0
DA:152,0
DA:162,0
DA:238,0
DA:254,0
DA:259,0
DA:271,0
DA:272,0
DA:309,0
DA:336,0
DA:354,0
DA:360,0
DA:366,0
DA:385,0
DA:386,0
DA:396,0
DA:412,0
DA:419,0
DA:430,0
DA:432,0
DA:433,0
DA:435,0
DA:436,0
DA:437,0
DA:438,0
DA:441,0
DA:442,0
DA:443,0
DA:444,0
DA:447,0
DA:448,0
DA:449,0
DA:450,0
DA:453,0
DA:454,0
DA:457,0
DA:458,0
DA:461,0
DA:462,0
DA:463,0
DA:464,0
DA:468,0
DA:469,0
DA:471,0
DA:473,0
DA:475,0
DA:477,0
DA:479,0
DA:483,0
DA:511,0
DA:531,0
DA:551,0
DA:572,0
DA:591,0
DA:595,0
DA:611,0
DA:623,0
DA:635,0
DA:683,0
DA:684,0
DA:685,0
DA:686,0
DA:687,0
DA:688,0
DA:689,0
DA:690,0
DA:691,0
DA:692,0
DA:695,0
DA:729,0
LF:139
LH:0
BRDA:20,0,0,0
BRDA:20,0,1,0
BRDA:23,1,0,0
BRDA:23,1,1,0
BRDA:25,2,0,0
BRDA:25,2,1,0
BRDA:25,2,2,0
BRDA:25,2,3,0
BRDA:33,3,0,0
BRDA:33,3,1,0
BRDA:61,4,0,0
BRDA:61,4,1,0
BRDA:76,5,0,0
BRDA:76,5,1,0
BRDA:89,6,0,0
BRDA:89,6,1,0
BRDA:95,7,0,0
BRDA:95,7,1,0
BRDA:108,8,0,0
BRDA:108,8,1,0
BRDA:114,9,0,0
BRDA:114,9,1,0
BRDA:114,9,2,0
BRDA:114,9,3,0
BRDA:114,9,4,0
BRDA:130,10,0,0
BRDA:130,10,1,0
BRDA:131,11,0,0
BRDA:131,11,1,0
BRDA:132,12,0,0
BRDA:132,12,1,0
BRDA:133,13,0,0
BRDA:133,13,1,0
BRDA:134,14,0,0
BRDA:134,14,1,0
BRDA:135,15,0,0
BRDA:135,15,1,0
BRDA:139,16,0,0
BRDA:139,16,1,0
BRDA:140,17,0,0
BRDA:140,17,1,0
BRDA:142,18,0,0
BRDA:142,18,1,0
BRDA:148,19,0,0
BRDA:148,19,1,0
BRDA:315,20,0,0
BRDA:315,20,1,0
BRDA:320,21,0,0
BRDA:320,21,1,0
BRDA:331,22,0,0
BRDA:331,22,1,0
BRDA:347,23,0,0
BRDA:347,23,1,0
BRDA:349,24,0,0
BRDA:349,24,1,0
BRDA:379,25,0,0
BRDA:379,25,1,0
BRDA:382,26,0,0
BRDA:382,26,1,0
BRDA:388,27,0,0
BRDA:388,27,1,0
BRDA:393,28,0,0
BRDA:393,28,1,0
BRDA:393,28,2,0
BRDA:420,29,0,0
BRDA:420,29,1,0
BRDA:421,30,0,0
BRDA:421,30,1,0
BRDA:423,31,0,0
BRDA:423,31,1,0
BRDA:424,32,0,0
BRDA:424,32,1,0
BRDA:425,33,0,0
BRDA:425,33,1,0
BRDA:426,34,0,0
BRDA:426,34,1,0
BRDA:427,35,0,0
BRDA:427,35,1,0
BRDA:435,36,0,0
BRDA:435,36,1,0
BRDA:437,37,0,0
BRDA:437,37,1,0
BRDA:441,38,0,0
BRDA:441,38,1,0
BRDA:443,39,0,0
BRDA:443,39,1,0
BRDA:447,40,0,0
BRDA:447,40,1,0
BRDA:447,41,0,0
BRDA:447,41,1,0
BRDA:449,42,0,0
BRDA:449,42,1,0
BRDA:449,43,0,0
BRDA:449,43,1,0
BRDA:453,44,0,0
BRDA:453,44,1,0
BRDA:463,45,0,0
BRDA:463,45,1,0
BRDA:469,46,0,0
BRDA:469,46,1,0
BRDA:469,46,2,0
BRDA:469,46,3,0
BRDA:469,46,4,0
BRDA:489,47,0,0
BRDA:489,47,1,0
BRDA:513,48,0,0
BRDA:513,48,1,0
BRDA:517,49,0,0
BRDA:517,49,1,0
BRDA:533,50,0,0
BRDA:533,50,1,0
BRDA:537,51,0,0
BRDA:537,51,1,0
BRDA:553,52,0,0
BRDA:553,52,1,0
BRDA:557,53,0,0
BRDA:557,53,1,0
BRDA:565,54,0,0
BRDA:565,54,1,0
BRDA:566,55,0,0
BRDA:566,55,1,0
BRDA:574,56,0,0
BRDA:574,56,1,0
BRDA:576,57,0,0
BRDA:576,57,1,0
BRDA:578,58,0,0
BRDA:578,58,1,0
BRDA:657,59,0,0
BRDA:657,59,1,0
BRDA:663,60,0,0
BRDA:663,60,1,0
BRDA:666,61,0,0
BRDA:666,61,1,0
BRDA:686,62,0,0
BRDA:686,62,1,0
BRDA:687,63,0,0
BRDA:687,63,1,0
BRDA:688,64,0,0
BRDA:688,64,1,0
BRDA:689,65,0,0
BRDA:689,65,1,0
BRDA:690,66,0,0
BRDA:690,66,1,0
BRDA:691,67,0,0
BRDA:691,67,1,0
BRDA:703,68,0,0
BRDA:703,68,1,0
BRDA:719,69,0,0
BRDA:719,69,1,0
BRDA:723,70,0,0
BRDA:723,70,1,0
BRDA:742,71,0,0
BRDA:742,71,1,0
BRDA:744,72,0,0
BRDA:744,72,1,0
BRF:155
BRH:0
end_of_record
TN:
SF:src/services/api.ts
FN:21,(anonymous_0)
FN:31,(anonymous_1)
FN:38,(anonymous_2)
FN:45,(anonymous_3)
FN:46,(anonymous_4)
FN:59,(anonymous_5)
FN:73,(anonymous_6)
FN:80,(anonymous_7)
FN:85,(anonymous_8)
FN:94,(anonymous_9)
FN:103,(anonymous_10)
FN:108,(anonymous_11)
FN:116,(anonymous_12)
FN:121,(anonymous_13)
FN:126,(anonymous_14)
FN:131,(anonymous_15)
FN:135,(anonymous_16)
FN:140,(anonymous_17)
FN:147,(anonymous_18)
FN:159,(anonymous_19)
FN:164,(anonymous_20)
FN:169,(anonymous_21)
FN:174,(anonymous_22)
FN:181,(anonymous_23)
FN:190,(anonymous_24)
FN:195,(anonymous_25)
FN:200,(anonymous_26)
FN:205,(anonymous_27)
FN:212,(anonymous_28)
FN:222,(anonymous_29)
FN:227,(anonymous_30)
FN:232,(anonymous_31)
FN:237,(anonymous_32)
FN:241,(anonymous_33)
FN:249,(anonymous_34)
FN:254,(anonymous_35)
FN:262,(anonymous_36)
FN:270,(anonymous_37)
FN:281,(anonymous_38)
FN:292,(anonymous_39)
FN:297,(anonymous_40)
FN:302,(anonymous_41)
FN:307,(anonymous_42)
FN:314,(anonymous_43)
FN:324,(anonymous_44)
FN:329,(anonymous_45)
FN:334,(anonymous_46)
FN:339,(anonymous_47)
FN:346,(anonymous_48)
FN:358,(anonymous_49)
FN:363,(anonymous_50)
FN:368,(anonymous_51)
FN:373,(anonymous_52)
FN:378,(anonymous_53)
FN:382,(anonymous_54)
FN:387,(anonymous_55)
FN:392,(anonymous_56)
FN:399,(anonymous_57)
FN:410,(anonymous_58)
FN:422,(anonymous_59)
FN:427,(anonymous_60)
FN:432,(anonymous_61)
FN:437,(anonymous_62)
FN:447,(anonymous_63)
FN:452,(anonymous_64)
FN:457,(anonymous_65)
FN:461,(anonymous_66)
FN:466,(anonymous_67)
FNF:68
FNH:0
FNDA:0,(anonymous_0)
FNDA:0,(anonymous_1)
FNDA:0,(anonymous_2)
FNDA:0,(anonymous_3)
FNDA:0,(anonymous_4)
FNDA:0,(anonymous_5)
FNDA:0,(anonymous_6)
FNDA:0,(anonymous_7)
FNDA:0,(anonymous_8)
FNDA:0,(anonymous_9)
FNDA:0,(anonymous_10)
FNDA:0,(anonymous_11)
FNDA:0,(anonymous_12)
FNDA:0,(anonymous_13)
FNDA:0,(anonymous_14)
FNDA:0,(anonymous_15)
FNDA:0,(anonymous_16)
FNDA:0,(anonymous_17)
FNDA:0,(anonymous_18)
FNDA:0,(anonymous_19)
FNDA:0,(anonymous_20)
FNDA:0,(anonymous_21)
FNDA:0,(anonymous_22)
FNDA:0,(anonymous_23)
FNDA:0,(anonymous_24)
FNDA:0,(anonymous_25)
FNDA:0,(anonymous_26)
FNDA:0,(anonymous_27)
FNDA:0,(anonymous_28)
FNDA:0,(anonymous_29)
FNDA:0,(anonymous_30)
FNDA:0,(anonymous_31)
FNDA:0,(anonymous_32)
FNDA:0,(anonymous_33)
FNDA:0,(anonymous_34)
FNDA:0,(anonymous_35)
FNDA:0,(anonymous_36)
FNDA:0,(anonymous_37)
FNDA:0,(anonymous_38)
FNDA:0,(anonymous_39)
FNDA:0,(anonymous_40)
FNDA:0,(anonymous_41)
FNDA:0,(anonymous_42)
FNDA:0,(anonymous_43)
FNDA:0,(anonymous_44)
FNDA:0,(anonymous_45)
FNDA:0,(anonymous_46)
FNDA:0,(anonymous_47)
FNDA:0,(anonymous_48)
FNDA:0,(anonymous_49)
FNDA:0,(anonymous_50)
FNDA:0,(anonymous_51)
FNDA:0,(anonymous_52)
FNDA:0,(anonymous_53)
FNDA:0,(anonymous_54)
FNDA:0,(anonymous_55)
FNDA:0,(anonymous_56)
FNDA:0,(anonymous_57)
FNDA:0,(anonymous_58)
FNDA:0,(anonymous_59)
FNDA:0,(anonymous_60)
FNDA:0,(anonymous_61)
FNDA:0,(anonymous_62)
FNDA:0,(anonymous_63)
FNDA:0,(anonymous_64)
FNDA:0,(anonymous_65)
FNDA:0,(anonymous_66)
FNDA:0,(anonymous_67)
DA:15,0
DA:16,0
DA:22,0
DA:30,0
DA:32,0
DA:33,0
DA:34,0
DA:36,0
DA:39,0
DA:44,0
DA:45,0
DA:47,0
DA:48,0
DA:49,0
DA:50,0
DA:52,0
DA:58,0
DA:61,0
DA:62,0
DA:63,0
DA:65,0
DA:70,0
DA:74,0
DA:75,0
DA:81,0
DA:82,0
DA:86,0
DA:91,0
DA:95,0
DA:96,0
DA:97,0
DA:102,0
DA:104,0
DA:105,0
DA:112,0
DA:113,0
DA:117,0
DA:118,0
DA:122,0
DA:123,0
DA:127,0
DA:128,0
DA:132,0
DA:136,0
DA:137,0
DA:141,0
DA:146,0
DA:155,0
DA:156,0
DA:160,0
DA:161,0
DA:165,0
DA:166,0
DA:170,0
DA:171,0
DA:175,0
DA:180,0
DA:186,0
DA:187,0
DA:191,0
DA:192,0
DA:196,0
DA:197,0
DA:201,0
DA:202,0
DA:206,0
DA:211,0
DA:218,0
DA:219,0
DA:223,0
DA:224,0
DA:228,0
DA:229,0
DA:233,0
DA:234,0
DA:238,0
DA:242,0
DA:246,0
DA:250,0
DA:251,0
DA:258,0
DA:259,0
DA:266,0
DA:267,0
DA:274,0
DA:275,0
DA:280,0
DA:288,0
DA:289,0
DA:293,0
DA:294,0
DA:298,0
DA:299,0
DA:303,0
DA:304,0
DA:308,0
DA:313,0
DA:320,0
DA:321,0
DA:325,0
DA:326,0
DA:330,0
DA:331,0
DA:335,0
DA:336,0
DA:340,0
DA:345,0
DA:354,0
DA:355,0
DA:359,0
DA:360,0
DA:364,0
DA:365,0
DA:369,0
DA:370,0
DA:374,0
DA:375,0
DA:379,0
DA:383,0
DA:384,0
DA:388,0
DA:389,0
DA:393,0
DA:396,0
DA:400,0
DA:404,0
DA:409,0
DA:418,0
DA:419,0
DA:423,0
DA:424,0
DA:428,0
DA:429,0
DA:433,0
DA:434,0
DA:443,0
DA:444,0
DA:448,0
DA:449,0
DA:453,0
DA:454,0
DA:458,0
DA:462,0
DA:463,0
DA:467,0
DA:468,0
DA:473,0
LF:147
LH:0
BRDA:15,0,0,0
BRDA:15,0,1,0
BRDA:16,1,0,0
BRDA:16,1,1,0
BRDA:33,2,0,0
BRDA:33,2,1,0
BRDA:47,3,0,0
BRDA:47,3,1,0
BRF:8
BRH:0
end_of_record
TN:
SF:src/types/index.ts
FNF:0
FNH:0
LF:0
LH:0
BRF:0
BRH:0
end_of_record
